2022-02-18 14:43:31 [INFO] : ++++++++++++++++++++++++++++++++++++++++++++
2022-02-18 14:43:31 [INFO] : 正在获取 [数字观星POC++] 威胁情报...
2022-02-18 14:43:31 [INFO] : 得到 [数字观星POC++] 最新威胁情报 [0] 条
2022-02-18 14:43:31 [INFO] : --------------------------------------------
2022-02-18 14:43:57 [INFO] : ++++++++++++++++++++++++++++++++++++++++++++
2022-02-18 14:43:57 [INFO] : 正在获取 [数字观星POC++] 威胁情报...
2022-02-18 14:43:57 [INFO] : 得到 [数字观星POC++] 最新威胁情报 [0] 条
2022-02-18 14:43:57 [INFO] : --------------------------------------------
2022-02-18 14:44:54 [INFO] : ++++++++++++++++++++++++++++++++++++++++++++
2022-02-18 14:44:54 [INFO] : 正在获取 [数字观星POC++] 威胁情报...
2022-02-18 14:44:55 [INFO] : 得到 [数字观星POC++] 最新威胁情报 [0] 条
2022-02-18 14:44:55 [INFO] : --------------------------------------------
2022-02-18 14:46:22 [INFO] : ++++++++++++++++++++++++++++++++++++++++++++
2022-02-18 14:46:22 [INFO] : 正在获取 [数字观星POC++] 威胁情报...
2022-02-18 14:46:22 [ERROR] : 获取 [数字观星POC++] 威胁情报异常
Traceback (most recent call last):
  File "/Users/skill/Desktop/threat-broadcast/src/crawler/_base_crawler.py", line 62, in cves
    new_cves = self.get_cves()
  File "/Users/skill/Desktop/threat-broadcast/src/crawler/datastarpocplus.py", line 57, in get_cves
    cve = self.to_cve(obj)
  File "/Users/skill/Desktop/threat-broadcast/src/crawler/datastarpocplus.py", line 68, in to_cve
    html = etree.HTML(xml)
  File "src/lxml/etree.pyx", line 3185, in lxml.etree.HTML
  File "src/lxml/parser.pxi", line 1895, in lxml.etree._parseMemoryDocument
ValueError: can only parse strings
2022-02-18 14:46:22 [ERROR] : Traceback (most recent call last):
  File "/Users/skill/Desktop/threat-broadcast/src/crawler/_base_crawler.py", line 62, in cves
    new_cves = self.get_cves()
  File "/Users/skill/Desktop/threat-broadcast/src/crawler/datastarpocplus.py", line 57, in get_cves
    cve = self.to_cve(obj)
  File "/Users/skill/Desktop/threat-broadcast/src/crawler/datastarpocplus.py", line 68, in to_cve
    html = etree.HTML(xml)
  File "src/lxml/etree.pyx", line 3185, in lxml.etree.HTML
  File "src/lxml/parser.pxi", line 1895, in lxml.etree._parseMemoryDocument
ValueError: can only parse strings
Traceback (most recent call last):
  File "/Users/skill/Desktop/threat-broadcast/src/crawler/_base_crawler.py", line 62, in cves
    new_cves = self.get_cves()
  File "/Users/skill/Desktop/threat-broadcast/src/crawler/datastarpocplus.py", line 57, in get_cves
    cve = self.to_cve(obj)
  File "/Users/skill/Desktop/threat-broadcast/src/crawler/datastarpocplus.py", line 68, in to_cve
    html = etree.HTML(xml)
  File "src/lxml/etree.pyx", line 3185, in lxml.etree.HTML
  File "src/lxml/parser.pxi", line 1895, in lxml.etree._parseMemoryDocument
ValueError: can only parse strings
2022-02-18 14:46:22 [INFO] : 得到 [数字观星POC++] 最新威胁情报 [0] 条
2022-02-18 14:46:22 [INFO] : --------------------------------------------
2022-02-18 14:52:23 [INFO] : ++++++++++++++++++++++++++++++++++++++++++++
2022-02-18 14:52:23 [INFO] : 正在获取 [数字观星POC++] 威胁情报...
2022-02-18 14:52:23 [INFO] : 得到 [数字观星POC++] 最新威胁情报 [0] 条
2022-02-18 14:52:23 [INFO] : --------------------------------------------
2022-02-18 14:52:46 [INFO] : ++++++++++++++++++++++++++++++++++++++++++++
2022-02-18 14:52:46 [INFO] : 正在获取 [数字观星POC++] 威胁情报...
2022-02-18 14:52:46 [INFO] : 得到 [数字观星POC++] 最新威胁情报 [0] 条
2022-02-18 14:52:46 [INFO] : --------------------------------------------
2022-02-18 14:53:02 [INFO] : ++++++++++++++++++++++++++++++++++++++++++++
2022-02-18 14:53:02 [INFO] : 正在获取 [数字观星POC++] 威胁情报...
2022-02-18 14:53:02 [INFO] : 得到 [数字观星POC++] 最新威胁情报 [0] 条
2022-02-18 14:53:02 [INFO] : --------------------------------------------
2022-02-18 14:53:26 [INFO] : ++++++++++++++++++++++++++++++++++++++++++++
2022-02-18 14:53:26 [INFO] : 正在获取 [数字观星POC++] 威胁情报...
2022-02-18 14:53:27 [INFO] : 得到 [数字观星POC++] 最新威胁情报 [0] 条
2022-02-18 14:53:27 [INFO] : --------------------------------------------
2022-02-18 14:54:16 [INFO] : ++++++++++++++++++++++++++++++++++++++++++++
2022-02-18 14:54:16 [INFO] : 正在获取 [数字观星POC++] 威胁情报...
2022-02-18 14:54:16 [INFO] : 得到 [数字观星POC++] 最新威胁情报 [0] 条
2022-02-18 14:54:16 [INFO] : --------------------------------------------
2022-02-18 14:54:42 [INFO] : ++++++++++++++++++++++++++++++++++++++++++++
2022-02-18 14:54:42 [INFO] : 正在获取 [数字观星POC++] 威胁情报...
2022-02-18 14:54:42 [INFO] : 得到 [数字观星POC++] 最新威胁情报 [30] 条
2022-02-18 14:54:42 [INFO] : --------------------------------------------
2022-02-18 14:54:42 [INFO] : 
==============================================
[ TITLE ] 向日葵远控软件远程命令执行漏洞（CNVD-2022-10270）
[ TIME  ] 2022-02-16 20:43:00
[ CVE   ] 
[ SRC   ] 数字观星POC++
[ URL   ] https://poc.shuziguanxing.com/#/publicIssueInfo#issueId=5499
2022-02-18 14:54:42 [INFO] : 
==============================================
[ TITLE ] 微软2月安全更新多个高危漏洞
[ TIME  ] 2022-02-09 14:33:29
[ CVE   ] CVE-2022-23280,CVE-2022-22005,CVE-2022-23255,CVE-2022-23252,CVE-2022-22004,CVE-2022-22003,CVE-2022-22002,CVE-2022-22001,CVE-2022-22000,CVE-2022-21999,CVE-2022-21998,CVE-2022-21997,CVE-2022-21996,CVE-2022-21995,CVE-2022-21994,CVE-2022-21993
[ SRC   ] 数字观星POC++
[ URL   ] https://poc.shuziguanxing.com/#/publicIssueInfo#issueId=5412
2022-02-18 14:54:42 [INFO] : 
==============================================
[ TITLE ] Apache Karaf反序列化漏洞
[ TIME  ] 2022-01-26 16:28:54
[ CVE   ] CVE-2021-41766
[ SRC   ] 数字观星POC++
[ URL   ] https://poc.shuziguanxing.com/#/publicIssueInfo#issueId=5358
2022-02-18 14:54:42 [INFO] : 
==============================================
[ TITLE ] Cisco Redundancy Configuration Manager多个漏洞
[ TIME  ] 2022-01-20 14:16:18
[ CVE   ] CVE-2022-20649,CVE-2022-20648
[ SRC   ] 数字观星POC++
[ URL   ] https://poc.shuziguanxing.com/#/publicIssueInfo#issueId=5304
2022-02-18 14:54:42 [INFO] : 
==============================================
[ TITLE ] Apache Log4j存在多个安全漏洞
[ TIME  ] 2022-01-20 11:31:34
[ CVE   ] CVE-2022-23307,CVE-2022-23302,CVE-2022-23305
[ SRC   ] 数字观星POC++
[ URL   ] https://poc.shuziguanxing.com/#/publicIssueInfo#issueId=5303
2022-02-18 14:54:42 [INFO] : 
==============================================
[ TITLE ] Oracle WebLogic多个组件漏洞安全
[ TIME  ] 2022-01-19 11:38:25
[ CVE   ] CVE-2022-21306,CVE-2022-21292,CVE-2022-21371,CVE-2022-21252,CVE-2022-21347,CVE-2022-21350,CVE-2022-21353
[ SRC   ] 数字观星POC++
[ URL   ] https://poc.shuziguanxing.com/#/publicIssueInfo#issueId=5288
2022-02-18 14:54:42 [INFO] : 
==============================================
[ TITLE ] Apache Dubbo 远程代码执行漏洞
[ TIME  ] 2022-01-13 18:58:30
[ CVE   ] CVE-2021-43297
[ SRC   ] 数字观星POC++
[ URL   ] https://poc.shuziguanxing.com/#/publicIssueInfo#issueId=5270
2022-02-18 14:54:42 [INFO] : 
==============================================
[ TITLE ] Apache Guacamole中的两个安全漏洞
[ TIME  ] 2022-01-13 18:52:25
[ CVE   ] CVE-2021-43999,CVE-2021-41767
[ SRC   ] 数字观星POC++
[ URL   ] https://poc.shuziguanxing.com/#/publicIssueInfo#issueId=5269
2022-02-18 14:54:42 [INFO] : 
==============================================
[ TITLE ] TerraMaster 存在远程命令执行漏洞
[ TIME  ] 2022-01-12 19:48:09
[ CVE   ] 
[ SRC   ] 数字观星POC++
[ URL   ] https://poc.shuziguanxing.com/#/publicIssueInfo#issueId=5263
2022-02-18 14:54:42 [INFO] : 
==============================================
[ TITLE ] Embedthis GoAhead 存在远程命令执行漏洞
[ TIME  ] 2022-01-12 19:46:49
[ CVE   ] CVE-2021-42342
[ SRC   ] 数字观星POC++
[ URL   ] https://poc.shuziguanxing.com/#/publicIssueInfo#issueId=5261
2022-02-18 14:54:42 [INFO] : 
==============================================
[ TITLE ] GitLab存在多个安全漏洞
[ TIME  ] 2022-01-12 15:03:47
[ CVE   ] CVE-2021-39946,CVE-2022-0154,CVE-2022-0152,CVE-2022-0151,CVE-2022-0172,CVE-2022-0090,CVE-2022-0125,CVE-2022-0124,CVE-2021-39942,CVE-2022-0093,CVE-2021-39927
[ SRC   ] 数字观星POC++
[ URL   ] https://poc.shuziguanxing.com/#/publicIssueInfo#issueId=5258
2022-02-18 14:54:42 [INFO] : 
==============================================
[ TITLE ] 微软1月安全更新多个高危漏洞
[ TIME  ] 2022-01-12 12:48:14
[ CVE   ] CVE-2022-21907,CVE-2022-21846,CVE-2022-21855,CVE-2022-21969,CVE-2022-21887,CVE-2022-21882,CVE-2022-21903,CVE-2022-21908,CVE-2022-21919,CVE-2022-21881,CVE-2022-21916,CVE-2022-21897,CVE-2022-21914,CVE-2022-21885
[ SRC   ] 数字观星POC++
[ URL   ] https://poc.shuziguanxing.com/#/publicIssueInfo#issueId=5256
2022-02-18 14:54:42 [INFO] : 
==============================================
[ TITLE ] Atlassian Jira授权不当漏洞
[ TIME  ] 2022-01-11 20:47:18
[ CVE   ] CVE-2021-43949
[ SRC   ] 数字观星POC++
[ URL   ] https://poc.shuziguanxing.com/#/publicIssueInfo#issueId=5253
2022-02-18 14:54:42 [INFO] : 
==============================================
[ TITLE ] Apache Airflow存在未授权访问漏洞
[ TIME  ] 2022-01-12 15:24:39
[ CVE   ] 
[ SRC   ] 数字观星POC++
[ URL   ] https://poc.shuziguanxing.com/#/publicIssueInfo#issueId=5246
2022-02-18 14:54:42 [INFO] : 
==============================================
[ TITLE ] MeterSphere 远程代码执行漏洞
[ TIME  ] 2022-01-06 18:12:57
[ CVE   ] 
[ SRC   ] 数字观星POC++
[ URL   ] https://poc.shuziguanxing.com/#/publicIssueInfo#issueId=5233
2022-02-18 14:54:42 [INFO] : 
==============================================
[ TITLE ] Apache NiFi XML外部实体注入漏洞
[ TIME  ] 2021-12-30 19:28:19
[ CVE   ] CVE-2021-44145
[ SRC   ] 数字观星POC++
[ URL   ] https://poc.shuziguanxing.com/#/publicIssueInfo#issueId=5193
2022-02-18 14:54:42 [INFO] : 
==============================================
[ TITLE ] Apache Log4j2 远程代码执行漏洞
[ TIME  ] 2021-12-29 10:48:20
[ CVE   ] CVE-2021-44832
[ SRC   ] 数字观星POC++
[ URL   ] https://poc.shuziguanxing.com/#/publicIssueInfo#issueId=5174
2022-02-18 14:54:42 [INFO] : 
==============================================
[ TITLE ] Apache APISIX Dashboard 身份验证绕过漏洞
[ TIME  ] 2021-12-28 15:00:03
[ CVE   ] CVE-2021-45232
[ SRC   ] 数字观星POC++
[ URL   ] https://poc.shuziguanxing.com/#/publicIssueInfo#issueId=5163
2022-02-18 14:54:42 [INFO] : 
==============================================
[ TITLE ] SolarWinds Web Help Desk 存在两个安全漏洞
[ TIME  ] 2021-12-25 00:07:28
[ CVE   ] CVE-2021-35232,CVE-2021-35243
[ SRC   ] 数字观星POC++
[ URL   ] https://poc.shuziguanxing.com/#/publicIssueInfo#issueId=5154
2022-02-18 14:54:42 [INFO] : 
==============================================
[ TITLE ] Apache HTTP Server  存在两个安全漏洞
[ TIME  ] 2021-12-21 19:33:51
[ CVE   ] CVE-2021-44224,CVE-2021-44790
[ SRC   ] 数字观星POC++
[ URL   ] https://poc.shuziguanxing.com/#/publicIssueInfo#issueId=5100
2022-02-18 14:54:42 [INFO] : 
==============================================
[ TITLE ] Apache Solr 信息泄露漏洞
[ TIME  ] 2021-12-20 20:41:59
[ CVE   ] CVE-2021-44548
[ SRC   ] 数字观星POC++
[ URL   ] https://poc.shuziguanxing.com/#/publicIssueInfo#issueId=5091
2022-02-18 14:54:42 [INFO] : 
==============================================
[ TITLE ] Apache Log4j2 拒绝服务漏洞
[ TIME  ] 2021-12-19 13:13:16
[ CVE   ] CVE-2021-45105
[ SRC   ] 数字观星POC++
[ URL   ] https://poc.shuziguanxing.com/#/publicIssueInfo#issueId=5086
2022-02-18 14:54:42 [INFO] : 
==============================================
[ TITLE ] Apache Log4j2 远程代码执行漏洞
[ TIME  ] 2021-12-15 22:59:13
[ CVE   ] CVE-2021-45046
[ SRC   ] 数字观星POC++
[ URL   ] https://poc.shuziguanxing.com/#/publicIssueInfo#issueId=5072
2022-02-18 14:54:42 [INFO] : 
==============================================
[ TITLE ] 微软12月安全更新多个高危漏洞
[ TIME  ] 2021-12-15 22:07:14
[ CVE   ] CVE-2021-43890,CVE-2021-43883,CVE-2021-43215,CVE-2021-43905,CVE-2021-43233,CVE-2021-41333,CVE-2021-43907,CVE-2021-43899,CVE-2021-42310,CVE-2021-43217,CVE-2021-43880
[ SRC   ] 数字观星POC++
[ URL   ] https://poc.shuziguanxing.com/#/publicIssueInfo#issueId=5071
2022-02-18 14:54:42 [INFO] : 
==============================================
[ TITLE ] AjaxPro.NET 反序列化漏洞
[ TIME  ] 2021-12-15 21:16:38
[ CVE   ] CVE-2021-23758
[ SRC   ] 数字观星POC++
[ URL   ] https://poc.shuziguanxing.com/#/publicIssueInfo#issueId=5070
2022-02-18 14:54:42 [INFO] : 
==============================================
[ TITLE ] VMware 多个产品 Log4j2 RCE漏洞
[ TIME  ] 2021-12-12 20:48:30
[ CVE   ] CVE-2021-44228
[ SRC   ] 数字观星POC++
[ URL   ] https://poc.shuziguanxing.com/#/publicIssueInfo#issueId=5064
2022-02-18 14:54:42 [INFO] : 
==============================================
[ TITLE ] Apache Log4j2 远程代码执行漏洞（支持远程检测）
[ TIME  ] 2021-12-09 23:20:08
[ CVE   ] CVE-2021-44228
[ SRC   ] 数字观星POC++
[ URL   ] https://poc.shuziguanxing.com/#/publicIssueInfo#issueId=5050
2022-02-18 14:54:42 [INFO] : 
==============================================
[ TITLE ] Sockeye 框架 yaml 任意代码执行漏洞
[ TIME  ] 2021-12-09 21:38:17
[ CVE   ] CVE-2021-43811
[ SRC   ] 数字观星POC++
[ URL   ] https://poc.shuziguanxing.com/#/publicIssueInfo#issueId=5048
2022-02-18 14:54:42 [INFO] : 
==============================================
[ TITLE ] Auerswald COMfortel 存在认证绕过漏洞
[ TIME  ] 2021-12-23 16:14:05
[ CVE   ] CVE-2021-40856
[ SRC   ] 数字观星POC++
[ URL   ] https://poc.shuziguanxing.com/#/publicIssueInfo#issueId=5042
2022-02-18 14:54:42 [INFO] : 
==============================================
[ TITLE ] F5 BIG-IP TMUI 目录遍历漏洞
[ TIME  ] 2021-12-07 18:48:46
[ CVE   ] CVE-2021-23043
[ SRC   ] 数字观星POC++
[ URL   ] https://poc.shuziguanxing.com/#/publicIssueInfo#issueId=5039
2022-02-18 14:54:42 [INFO] : [邮件] 正在推送威胁情报...
2022-02-18 14:54:42 [INFO] : [邮件] 收件人清单： ['threatbroadcast@foxmail.com']
2022-02-18 14:54:43 [ERROR] : [邮件] 推送威胁情报失败
Traceback (most recent call last):
  File "/Users/skill/Desktop/threat-broadcast/src/notice/mail.py", line 46, in to_mail
    smtpObj.login(sender, password)
  File "/Applications/Xcode.app/Contents/Developer/Library/Frameworks/Python3.framework/Versions/3.8/lib/python3.8/smtplib.py", line 732, in login
    (code, resp) = self.auth(
  File "/Applications/Xcode.app/Contents/Developer/Library/Frameworks/Python3.framework/Versions/3.8/lib/python3.8/smtplib.py", line 645, in auth
    authobject(challenge).encode('ascii'), eol='')
AttributeError: 'NoneType' object has no attribute 'encode'
2022-02-18 14:54:43 [ERROR] : Traceback (most recent call last):
  File "/Users/skill/Desktop/threat-broadcast/src/notice/mail.py", line 46, in to_mail
    smtpObj.login(sender, password)
  File "/Applications/Xcode.app/Contents/Developer/Library/Frameworks/Python3.framework/Versions/3.8/lib/python3.8/smtplib.py", line 732, in login
    (code, resp) = self.auth(
  File "/Applications/Xcode.app/Contents/Developer/Library/Frameworks/Python3.framework/Versions/3.8/lib/python3.8/smtplib.py", line 645, in auth
    authobject(challenge).encode('ascii'), eol='')
AttributeError: 'NoneType' object has no attribute 'encode'
Traceback (most recent call last):
  File "/Users/skill/Desktop/threat-broadcast/src/notice/mail.py", line 46, in to_mail
    smtpObj.login(sender, password)
  File "/Applications/Xcode.app/Contents/Developer/Library/Frameworks/Python3.framework/Versions/3.8/lib/python3.8/smtplib.py", line 732, in login
    (code, resp) = self.auth(
  File "/Applications/Xcode.app/Contents/Developer/Library/Frameworks/Python3.framework/Versions/3.8/lib/python3.8/smtplib.py", line 645, in auth
    authobject(challenge).encode('ascii'), eol='')
AttributeError: 'NoneType' object has no attribute 'encode'
2022-02-18 14:56:14 [INFO] : ++++++++++++++++++++++++++++++++++++++++++++
2022-02-18 14:56:14 [INFO] : 正在获取 [数字观星POC++] 威胁情报...
2022-02-18 14:56:15 [INFO] : 得到 [数字观星POC++] 最新威胁情报 [0] 条
2022-02-18 14:56:15 [INFO] : --------------------------------------------
2022-02-18 14:56:15 [INFO] : ++++++++++++++++++++++++++++++++++++++++++++
2022-02-18 14:56:15 [INFO] : 正在获取 [阿里云] 威胁情报...
2022-02-18 14:56:15 [INFO] : 得到 [阿里云] 最新威胁情报 [2] 条
2022-02-18 14:56:15 [INFO] : --------------------------------------------
2022-02-18 14:56:15 [INFO] : 
==============================================
[ TITLE ] 向日葵远程控制软件远程命令执行漏洞（CNVD-2022-10270）
                        
[ TIME  ] 2022-02-16 14:56:15
[ CVE   ] AVD-2022-1037286
[ SRC   ] 阿里云
[ URL   ] https://avd.aliyun.com/detail?id=AVD-2022-1037286
2022-02-18 14:56:15 [INFO] : 
==============================================
[ TITLE ] SAP NetWeaver等多组件请求走私漏洞（CVE-2022-22536）
                        
[ TIME  ] 2022-02-10 14:56:15
[ CVE   ] CVE-2022-22536
[ SRC   ] 阿里云
[ URL   ] https://avd.aliyun.com/detail?id=AVD-2022-22536
2022-02-18 14:56:15 [INFO] : ++++++++++++++++++++++++++++++++++++++++++++
2022-02-18 14:56:15 [INFO] : 正在获取 [360 网络安全响应中心] 威胁情报...
2022-02-18 14:56:15 [INFO] : 得到 [360 网络安全响应中心] 最新威胁情报 [0] 条
2022-02-18 14:56:15 [INFO] : --------------------------------------------
2022-02-18 14:56:15 [INFO] : ++++++++++++++++++++++++++++++++++++++++++++
2022-02-18 14:56:15 [INFO] : 正在获取 [绿盟] 威胁情报...
2022-02-18 14:56:16 [INFO] : 得到 [绿盟] 最新威胁情报 [15] 条
2022-02-18 14:56:16 [INFO] : --------------------------------------------
2022-02-18 14:56:16 [INFO] : 
==============================================
[ TITLE ] Hancom Office 2020堆缓冲区溢出漏洞
[ TIME  ] 2022-02-17 14:56:16
[ CVE   ] CVE-2021-21958
[ SRC   ] 绿盟
[ URL   ] http://www.nsfocus.net/vulndb/63162
2022-02-18 14:56:16 [INFO] : 
==============================================
[ TITLE ] Adobe Illustrator空指针解引用漏洞
[ TIME  ] 2022-02-17 14:56:16
[ CVE   ] CVE-2022-23189
[ SRC   ] 绿盟
[ URL   ] http://www.nsfocus.net/vulndb/63161
2022-02-18 14:56:16 [INFO] : 
==============================================
[ TITLE ] Adobe Illustrator越界读取漏洞
[ TIME  ] 2022-02-17 14:56:16
[ CVE   ] CVE-2022-23195
[ SRC   ] 绿盟
[ URL   ] http://www.nsfocus.net/vulndb/63160
2022-02-18 14:56:16 [INFO] : 
==============================================
[ TITLE ] Adobe Illustrator缓冲区溢出漏洞
[ TIME  ] 2022-02-17 14:56:16
[ CVE   ] CVE-2022-23188
[ SRC   ] 绿盟
[ URL   ] http://www.nsfocus.net/vulndb/63159
2022-02-18 14:56:16 [INFO] : 
==============================================
[ TITLE ] Adobe Illustrator越界读取漏洞
[ TIME  ] 2022-02-17 14:56:16
[ CVE   ] CVE-2022-23194
[ SRC   ] 绿盟
[ URL   ] http://www.nsfocus.net/vulndb/63158
2022-02-18 14:56:16 [INFO] : 
==============================================
[ TITLE ] Adobe Illustrator越界写入漏洞
[ TIME  ] 2022-02-17 14:56:16
[ CVE   ] CVE-2022-23186
[ SRC   ] 绿盟
[ URL   ] http://www.nsfocus.net/vulndb/63157
2022-02-18 14:56:16 [INFO] : 
==============================================
[ TITLE ] Adobe Illustrator越界读取漏洞
[ TIME  ] 2022-02-17 14:56:16
[ CVE   ] CVE-2022-23193
[ SRC   ] 绿盟
[ URL   ] http://www.nsfocus.net/vulndb/63156
2022-02-18 14:56:16 [INFO] : 
==============================================
[ TITLE ] Adobe After Effects越界写入漏洞
[ TIME  ] 2022-02-17 14:56:16
[ CVE   ] CVE-2022-23200
[ SRC   ] 绿盟
[ URL   ] http://www.nsfocus.net/vulndb/63155
2022-02-18 14:56:16 [INFO] : 
==============================================
[ TITLE ] Adobe Illustrator空指针解引用漏洞
[ TIME  ] 2022-02-17 14:56:16
[ CVE   ] CVE-2022-23199
[ SRC   ] 绿盟
[ URL   ] http://www.nsfocus.net/vulndb/63154
2022-02-18 14:56:16 [INFO] : 
==============================================
[ TITLE ] Adobe Illustrator空指针解引用漏洞
[ TIME  ] 2022-02-17 14:56:16
[ CVE   ] CVE-2022-23198
[ SRC   ] 绿盟
[ URL   ] http://www.nsfocus.net/vulndb/63153
2022-02-18 14:56:16 [INFO] : 
==============================================
[ TITLE ] Adobe Creative Cloud Desktop不受控制的搜索路径元素漏洞
[ TIME  ] 2022-02-17 14:56:16
[ CVE   ] CVE-2022-23202
[ SRC   ] 绿盟
[ URL   ] http://www.nsfocus.net/vulndb/63152
2022-02-18 14:56:16 [INFO] : 
==============================================
[ TITLE ] Adobe Photoshop缓冲区溢出漏洞
[ TIME  ] 2022-02-17 14:56:16
[ CVE   ] CVE-2022-23203
[ SRC   ] 绿盟
[ URL   ] http://www.nsfocus.net/vulndb/63151
2022-02-18 14:56:16 [INFO] : 
==============================================
[ TITLE ] KiCad EDA堆栈缓冲区溢出漏洞
[ TIME  ] 2022-02-17 14:56:16
[ CVE   ] CVE-2022-23803
[ SRC   ] 绿盟
[ URL   ] http://www.nsfocus.net/vulndb/63150
2022-02-18 14:56:16 [INFO] : 
==============================================
[ TITLE ] KiCad EDA堆栈缓冲区溢出漏洞
[ TIME  ] 2022-02-17 14:56:16
[ CVE   ] CVE-2022-23804
[ SRC   ] 绿盟
[ URL   ] http://www.nsfocus.net/vulndb/63149
2022-02-18 14:56:16 [INFO] : 
==============================================
[ TITLE ] Moxa MXView Series身份验证绕过漏洞
[ TIME  ] 2022-02-17 14:56:16
[ CVE   ] CVE-2021-40390
[ SRC   ] 绿盟
[ URL   ] http://www.nsfocus.net/vulndb/63148
2022-02-18 14:56:16 [INFO] : ++++++++++++++++++++++++++++++++++++++++++++
2022-02-18 14:56:16 [INFO] : 正在获取 [奇安信] 威胁情报...
2022-02-18 14:56:16 [INFO] : 得到 [奇安信] 最新威胁情报 [0] 条
2022-02-18 14:56:16 [INFO] : --------------------------------------------
2022-02-18 14:56:16 [INFO] : ++++++++++++++++++++++++++++++++++++++++++++
2022-02-18 14:56:16 [INFO] : 正在获取 [红后] 威胁情报...
2022-02-18 14:56:16 [INFO] : 得到 [红后] 最新威胁情报 [10] 条
2022-02-18 14:56:16 [INFO] : --------------------------------------------
2022-02-18 14:56:16 [INFO] : 
==============================================
[ TITLE ] Red Hat OpenShift Container Storage 日志信息泄露漏洞
[ TIME  ] 2022-02-17 13:48:18
[ CVE   ] CVE-2020-10762
[ SRC   ] 红后
[ URL   ] https://redqueen.tj-un.com/IntelDetails.html?id=d5e79aeae52f497695e1a925dc511410
2022-02-18 14:56:16 [INFO] : 
==============================================
[ TITLE ] Mongodb Server 输入验证错误漏洞
[ TIME  ] 2022-02-17 13:48:14
[ CVE   ] CVE-2020-7925
[ SRC   ] 红后
[ URL   ] https://redqueen.tj-un.com/IntelDetails.html?id=27123bb400f24245a2b00e13f1bb5311
2022-02-18 14:56:16 [INFO] : 
==============================================
[ TITLE ] OTRS ITSM 授权问题漏洞
[ TIME  ] 2022-02-17 13:48:10
[ CVE   ] CVE-2020-1778
[ SRC   ] 红后
[ URL   ] https://redqueen.tj-un.com/IntelDetails.html?id=13ea635273864b49802ee5c4c87c3654
2022-02-18 14:56:16 [INFO] : 
==============================================
[ TITLE ] Mongodb Server 安全漏洞
[ TIME  ] 2022-02-17 13:48:07
[ CVE   ] CVE-2020-7926
[ SRC   ] 红后
[ URL   ] https://redqueen.tj-un.com/IntelDetails.html?id=10c229521a674b158f404e5f4b4e3a1b
2022-02-18 14:56:16 [INFO] : 
==============================================
[ TITLE ] Mongodb Server 安全漏洞
[ TIME  ] 2022-02-17 13:48:04
[ CVE   ] CVE-2020-7928
[ SRC   ] 红后
[ URL   ] https://redqueen.tj-un.com/IntelDetails.html?id=32734027a3f64ddf9a82c5887a196d79
2022-02-18 14:56:16 [INFO] : 
==============================================
[ TITLE ] TP-Link Archer C9 后置链接漏洞
[ TIME  ] 2022-02-17 13:48:00
[ CVE   ] CVE-2020-5797
[ SRC   ] 红后
[ URL   ] https://redqueen.tj-un.com/IntelDetails.html?id=79f01fb404934c88bd0577f7e833ed92
2022-02-18 14:56:16 [INFO] : 
==============================================
[ TITLE ] IBM Spectrum Protect Operations Center 授权问题漏洞
[ TIME  ] 2022-02-17 13:47:57
[ CVE   ] CVE-2020-4771
[ SRC   ] 红后
[ URL   ] https://redqueen.tj-un.com/IntelDetails.html?id=332b0a5fcd564be583f4aa6186957ee3
2022-02-18 14:56:16 [INFO] : 
==============================================
[ TITLE ] IBM Spectrum Protect Plus 信任管理问题漏洞
[ TIME  ] 2022-02-17 13:47:53
[ CVE   ] CVE-2020-4854
[ SRC   ] 红后
[ URL   ] https://redqueen.tj-un.com/IntelDetails.html?id=abfc69fdb1874687a7fc175a05ecf876
2022-02-18 14:56:16 [INFO] : 
==============================================
[ TITLE ] VMware ESXi 资源管理错误漏洞
[ TIME  ] 2022-02-17 13:47:49
[ CVE   ] CVE-2020-4004
[ SRC   ] 红后
[ URL   ] https://redqueen.tj-un.com/IntelDetails.html?id=ecce709564b748568c5448328f420162
2022-02-18 14:56:16 [INFO] : 
==============================================
[ TITLE ] Intel PROSet/Wireless WiFi Software 缓冲区错误漏洞
[ TIME  ] 2022-02-17 13:47:46
[ CVE   ] CVE-2020-0569
[ SRC   ] 红后
[ URL   ] https://redqueen.tj-un.com/IntelDetails.html?id=be8e0d653e5f4c8096e9849a53f3d5fd
2022-02-18 14:56:16 [INFO] : ++++++++++++++++++++++++++++++++++++++++++++
2022-02-18 14:56:16 [INFO] : 正在获取 [斗象] 威胁情报...
2022-02-18 14:56:19 [INFO] : 得到 [斗象] 最新威胁情报 [0] 条
2022-02-18 14:56:19 [INFO] : --------------------------------------------
2022-02-18 14:56:19 [INFO] : ++++++++++++++++++++++++++++++++++++++++++++
2022-02-18 14:56:19 [INFO] : 正在获取 [美国国家漏洞数据库（NVD）] 威胁情报...
2022-02-18 14:56:21 [INFO] : 得到 [美国国家漏洞数据库（NVD）] 最新威胁情报 [10] 条
2022-02-18 14:56:21 [INFO] : --------------------------------------------
2022-02-18 14:56:21 [INFO] : 
==============================================
[ TITLE ] In Portainer Agent before 2.11.1, an API server can continue running even if not associated with a Portainer instance in the past few days.
[ TIME  ] 2022-02-11 06:15:06 
[ CVE   ] CVE-2022-24961
[ SRC   ] 美国国家漏洞数据库（NVD）
[ URL   ] https://web.nvd.nist.gov/view/vuln/detail?vulnId=CVE-2022-24961
2022-02-18 14:56:21 [INFO] : 
==============================================
[ TITLE ] An issue was discovered in the Linux kernel before 5.16.5. There is a memory leak in yam_siocdevprivate in drivers/net/hamradio/yam.c.
[ TIME  ] 2022-02-11 06:15:06 
[ CVE   ] CVE-2022-24959
[ SRC   ] 美国国家漏洞数据库（NVD）
[ URL   ] https://web.nvd.nist.gov/view/vuln/detail?vulnId=CVE-2022-24959
2022-02-18 14:56:21 [INFO] : 
==============================================
[ TITLE ] drivers/usb/gadget/legacy/inode.c in the Linux kernel through 5.16.8 mishandles dev-&gt;buf release.
[ TIME  ] 2022-02-11 06:15:06 
[ CVE   ] CVE-2022-24958
[ SRC   ] 美国国家漏洞数据库（NVD）
[ URL   ] https://web.nvd.nist.gov/view/vuln/detail?vulnId=CVE-2022-24958
2022-02-18 14:56:21 [INFO] : 
==============================================
[ TITLE ] Foxit PDF Reader before 11.2.1 and Foxit PDF Editor before 11.2.1 have an Uncontrolled Search Path Element for DLL files.
[ TIME  ] 2022-02-11 02:15:06 
[ CVE   ] CVE-2022-24955
[ SRC   ] 美国国家漏洞数据库（NVD）
[ URL   ] https://web.nvd.nist.gov/view/vuln/detail?vulnId=CVE-2022-24955
2022-02-18 14:56:21 [INFO] : 
==============================================
[ TITLE ] Foxit PDF Reader before 11.2.1 and Foxit PDF Editor before 11.2.1 have a Stack-Based Buffer Overflow related to XFA, for the 'subform colSpan=&quot;-2&quot;' and 'draw colSpan=&quot;1&quot;' substrings.
[ TIME  ] 2022-02-11 02:15:06 
[ CVE   ] CVE-2022-24954
[ SRC   ] 美国国家漏洞数据库（NVD）
[ URL   ] https://web.nvd.nist.gov/view/vuln/detail?vulnId=CVE-2022-24954
2022-02-18 14:56:21 [INFO] : 
==============================================
[ TITLE ] Cuppa CMS v1.0 was discovered to contain an arbitrary file deletion vulnerability via the unlink() function.
[ TIME  ] 2022-02-10 23:15:08 
[ CVE   ] CVE-2022-24647
[ SRC   ] 美国国家漏洞数据库（NVD）
[ URL   ] https://web.nvd.nist.gov/view/vuln/detail?vulnId=CVE-2022-24647
2022-02-18 14:56:21 [INFO] : 
==============================================
[ TITLE ] Hospital Management System v4.0 was discovered to contain a SQL injection vulnerability in /Hospital-Management-System-master/contact.php via the txtMsg parameters.
[ TIME  ] 2022-02-10 23:15:08 
[ CVE   ] CVE-2022-24646
[ SRC   ] 美国国家漏洞数据库（NVD）
[ URL   ] https://web.nvd.nist.gov/view/vuln/detail?vulnId=CVE-2022-24646
2022-02-18 14:56:21 [INFO] : 
==============================================
[ TITLE ] Novel-plus v3.6.0 was discovered to be vulnerable to Server-Side Request Forgery (SSRF) via user-supplied crafted input.
[ TIME  ] 2022-02-10 19:15:09 
[ CVE   ] CVE-2022-24568
[ SRC   ] 美国国家漏洞数据库（NVD）
[ URL   ] https://web.nvd.nist.gov/view/vuln/detail?vulnId=CVE-2022-24568
2022-02-18 14:56:21 [INFO] : 
==============================================
[ TITLE ] A CWE-754: Improper Check for Unusual or Exceptional Conditions vulnerability exists that could cause Denial of Service against the Geo SCADA server when receiving a malformed HTTP request. Affected Product: ClearSCADA (All Versions), EcoStruxure Geo SCADA Expert 2019 (All Versions), EcoStruxure Geo SCADA Expert 2020 (All Versions)
[ TIME  ] 2022-02-09 23:15:20 
[ CVE   ] CVE-2022-24321
[ SRC   ] 美国国家漏洞数据库（NVD）
[ URL   ] https://web.nvd.nist.gov/view/vuln/detail?vulnId=CVE-2022-24321
2022-02-18 14:56:21 [INFO] : 
==============================================
[ TITLE ] A CWE-295: Improper Certificate Validation vulnerability exists that could allow a Man-in-theMiddle attack when communications between the client and Geo SCADA database server are intercepted. Affected Product: ClearSCADA (All Versions), EcoStruxure Geo SCADA Expert 2019 (All Versions), EcoStruxure Geo SCADA Expert 2020 (All Versions)
[ TIME  ] 2022-02-09 23:15:20 
[ CVE   ] CVE-2022-24320
[ SRC   ] 美国国家漏洞数据库（NVD）
[ URL   ] https://web.nvd.nist.gov/view/vuln/detail?vulnId=CVE-2022-24320
2022-02-18 14:56:21 [INFO] : ++++++++++++++++++++++++++++++++++++++++++++
2022-02-18 14:56:21 [INFO] : 正在获取 [国家信息安全漏洞共享平台（CNVD）] 威胁情报...
2022-02-18 14:56:39 [INFO] : 得到 [国家信息安全漏洞共享平台（CNVD）] 最新威胁情报 [10] 条
2022-02-18 14:56:39 [INFO] : --------------------------------------------
2022-02-18 14:56:39 [INFO] : 
==============================================
[ TITLE ] D-Link DIR-X1860拒绝服务漏洞
[ TIME  ] 2022-02-18 14:56:28
[ CVE   ] CNVD-2022-11517 (CVE-2021-41441)
[ SRC   ] 国家信息安全漏洞共享平台（CNVD）
[ URL   ] https://www.cnvd.org.cn/flaw/show/CNVD-2022-11517
2022-02-18 14:56:39 [INFO] : 
==============================================
[ TITLE ] Talkyard代码问题漏洞
[ TIME  ] 2022-02-18 14:56:29
[ CVE   ] CNVD-2022-11499 (CVE-2021-25981)
[ SRC   ] 国家信息安全漏洞共享平台（CNVD）
[ URL   ] https://www.cnvd.org.cn/flaw/show/CNVD-2022-11499
2022-02-18 14:56:39 [INFO] : 
==============================================
[ TITLE ] Argo CD路径遍历漏洞
[ TIME  ] 2022-02-18 14:56:30
[ CVE   ] CNVD-2022-11490 (CVE-2022-24348)
[ SRC   ] 国家信息安全漏洞共享平台（CNVD）
[ URL   ] https://www.cnvd.org.cn/flaw/show/CNVD-2022-11490
2022-02-18 14:56:39 [INFO] : 
==============================================
[ TITLE ] 组态王存在文件删除漏洞
[ TIME  ] 2022-02-18 14:56:32
[ CVE   ] CNVD-2022-07017
[ SRC   ] 国家信息安全漏洞共享平台（CNVD）
[ URL   ] https://www.cnvd.org.cn/flaw/show/CNVD-2022-07017
2022-02-18 14:56:39 [INFO] : 
==============================================
[ TITLE ] Ricon Mobile Ricon Industrial Cellular Router S9922L和S9922XL操作系统命令注入漏洞
[ TIME  ] 2022-02-18 14:56:33
[ CVE   ] CNVD-2022-11495 (CVE-2022-0365)
[ SRC   ] 国家信息安全漏洞共享平台（CNVD）
[ URL   ] https://www.cnvd.org.cn/flaw/show/CNVD-2022-11495
2022-02-18 14:56:39 [INFO] : 
==============================================
[ TITLE ] Google TensorFlow代码问题漏洞
[ TIME  ] 2022-02-18 14:56:34
[ CVE   ] CNVD-2022-11512 (CVE-2022-21737)
[ SRC   ] 国家信息安全漏洞共享平台（CNVD）
[ URL   ] https://www.cnvd.org.cn/flaw/show/CNVD-2022-11512
2022-02-18 14:56:39 [INFO] : 
==============================================
[ TITLE ] Google TensorFlow输入验证错误漏洞
[ TIME  ] 2022-02-18 14:56:35
[ CVE   ] CNVD-2022-11511 (CVE-2022-21738)
[ SRC   ] 国家信息安全漏洞共享平台（CNVD）
[ URL   ] https://www.cnvd.org.cn/flaw/show/CNVD-2022-11511
2022-02-18 14:56:39 [INFO] : 
==============================================
[ TITLE ] Google TensorFlow缓冲区溢出漏洞
[ TIME  ] 2022-02-18 14:56:36
[ CVE   ] CNVD-2022-11510 (CVE-2022-21740)
[ SRC   ] 国家信息安全漏洞共享平台（CNVD）
[ URL   ] https://www.cnvd.org.cn/flaw/show/CNVD-2022-11510
2022-02-18 14:56:39 [INFO] : 
==============================================
[ TITLE ] Google TensorFlow缓冲区溢出漏洞
[ TIME  ] 2022-02-18 14:56:37
[ CVE   ] CNVD-2022-11509 (CVE-2022-21726)
[ SRC   ] 国家信息安全漏洞共享平台（CNVD）
[ URL   ] https://www.cnvd.org.cn/flaw/show/CNVD-2022-11509
2022-02-18 14:56:39 [INFO] : 
==============================================
[ TITLE ] unzip缓冲区溢出漏洞
[ TIME  ] 2022-02-18 14:56:38
[ CVE   ] CNVD-2022-11523 (CVE-2022-0530)
[ SRC   ] 国家信息安全漏洞共享平台（CNVD）
[ URL   ] https://www.cnvd.org.cn/flaw/show/CNVD-2022-11523
2022-02-18 14:56:39 [INFO] : ++++++++++++++++++++++++++++++++++++++++++++
2022-02-18 14:56:39 [INFO] : 正在获取 [国家信息安全漏洞库（CNNVD）] 威胁情报...
2022-02-18 14:56:53 [INFO] : 得到 [国家信息安全漏洞库（CNNVD）] 最新威胁情报 [10] 条
2022-02-18 14:56:53 [INFO] : --------------------------------------------
2022-02-18 14:56:53 [INFO] : 
==============================================
[ TITLE ] drupal 安全漏洞
[ TIME  ] 2022-02-17 14:56:40
[ CVE   ] CNNVD-202202-1379 (CVE-2022-25270)
[ SRC   ] 国家信息安全漏洞库（CNNVD）
[ URL   ] http://www.cnnvd.org.cn/web/xxk/ldxqById.tag?CNNVD=CNNVD-202202-1379
2022-02-18 14:56:53 [INFO] : 
==============================================
[ TITLE ] Linux kernel 缓冲区错误漏洞
[ TIME  ] 2022-02-16 14:56:42
[ CVE   ] CNNVD-202202-1378 (CVE-2022-0646)
[ SRC   ] 国家信息安全漏洞库（CNNVD）
[ URL   ] http://www.cnnvd.org.cn/web/xxk/ldxqById.tag?CNNVD=CNNVD-202202-1378
2022-02-18 14:56:53 [INFO] : 
==============================================
[ TITLE ] Drupal 安全漏洞
[ TIME  ] 2022-02-16 14:56:43
[ CVE   ] CNNVD-202202-1377 (CVE-2022-25271)
[ SRC   ] 国家信息安全漏洞库（CNNVD）
[ URL   ] http://www.cnnvd.org.cn/web/xxk/ldxqById.tag?CNNVD=CNNVD-202202-1377
2022-02-18 14:56:53 [INFO] : 
==============================================
[ TITLE ] JqueryForm.com Jquery Form Builder 安全漏洞
[ TIME  ] 2022-02-16 14:56:44
[ CVE   ] CNNVD-202202-1376 (CVE-2022-24985)
[ SRC   ] 国家信息安全漏洞库（CNNVD）
[ URL   ] http://www.cnnvd.org.cn/web/xxk/ldxqById.tag?CNNVD=CNNVD-202202-1376
2022-02-18 14:56:53 [INFO] : 
==============================================
[ TITLE ] JQueryForm.com Jquery Form Builder 安全漏洞
[ TIME  ] 2022-02-16 14:56:45
[ CVE   ] CNNVD-202202-1375 (CVE-2022-24984)
[ SRC   ] 国家信息安全漏洞库（CNNVD）
[ URL   ] http://www.cnnvd.org.cn/web/xxk/ldxqById.tag?CNNVD=CNNVD-202202-1375
2022-02-18 14:56:53 [INFO] : 
==============================================
[ TITLE ] JQueryForm.com Jquery Form Builder 安全漏洞
[ TIME  ] 2022-02-16 14:56:47
[ CVE   ] CNNVD-202202-1374 (CVE-2022-24982)
[ SRC   ] 国家信息安全漏洞库（CNNVD）
[ URL   ] http://www.cnnvd.org.cn/web/xxk/ldxqById.tag?CNNVD=CNNVD-202202-1374
2022-02-18 14:56:53 [INFO] : 
==============================================
[ TITLE ] JQueryForm.com Jquery Form Builder 代码注入漏洞
[ TIME  ] 2022-02-16 14:56:48
[ CVE   ] CNNVD-202202-1373 (CVE-2022-24981)
[ SRC   ] 国家信息安全漏洞库（CNNVD）
[ URL   ] http://www.cnnvd.org.cn/web/xxk/ldxqById.tag?CNNVD=CNNVD-202202-1373
2022-02-18 14:56:53 [INFO] : 
==============================================
[ TITLE ] Wasmtime 缓冲区错误漏洞
[ TIME  ] 2022-02-16 14:56:49
[ CVE   ] CNNVD-202202-1372 (CVE-2022-23636)
[ SRC   ] 国家信息安全漏洞库（CNNVD）
[ URL   ] http://www.cnnvd.org.cn/web/xxk/ldxqById.tag?CNNVD=CNNVD-202202-1372
2022-02-18 14:56:53 [INFO] : 
==============================================
[ TITLE ] Hutool 安全漏洞
[ TIME  ] 2022-02-16 14:56:51
[ CVE   ] CNNVD-202202-1371 (CVE-2022-22885)
[ SRC   ] 国家信息安全漏洞库（CNNVD）
[ URL   ] http://www.cnnvd.org.cn/web/xxk/ldxqById.tag?CNNVD=CNNVD-202202-1371
2022-02-18 14:56:53 [INFO] : 
==============================================
[ TITLE ] Jeecg-boot SQL注入漏洞
[ TIME  ] 2022-02-16 14:56:52
[ CVE   ] CNNVD-202202-1370 (CVE-2022-22881)
[ SRC   ] 国家信息安全漏洞库（CNNVD）
[ URL   ] http://www.cnnvd.org.cn/web/xxk/ldxqById.tag?CNNVD=CNNVD-202202-1370
2022-02-18 14:56:53 [INFO] : ++++++++++++++++++++++++++++++++++++++++++++
2022-02-18 14:56:53 [INFO] : 正在获取 [Tenable (Nessus)] 威胁情报...
2022-02-18 14:56:54 [INFO] : 得到 [Tenable (Nessus)] 最新威胁情报 [10] 条
2022-02-18 14:56:54 [INFO] : --------------------------------------------
2022-02-18 14:56:54 [INFO] : 
==============================================
[ TITLE ] A remote code execution vulnerability was identified in GitHub Enterprise Server that could be exploited when building a GitHub Pages site. To exploit this vulnerability, an attacker would need permission to create and build a GitHub Pages site on the GitHub Enterprise Server instance. This vulnerability affected all versions of GitHub Enterprise Server prior to 3.3 and was fixed in versions 3.0.21, 3.1.13, 3.2.5. This vulnerability was reported via the GitHub Bug Bounty program.
[ TIME  ] 2022-02-18 00:15:00
[ CVE   ] CVE-2021-41599
[ SRC   ] Tenable (Nessus)
[ URL   ] https://www.tenable.com/cve/CVE-2021-41599
2022-02-18 14:56:54 [INFO] : 
==============================================
[ TITLE ] A race condition existed in the snapd 2.54.2 snap-confine binary when preparing a private mount namespace for a snap. This could allow a local attacker to gain root privileges by bind-mounting their own contents inside the snap's private mount namespace and causing snap-confine to execute arbitrary code and hence gain privilege escalation. Fixed in snapd versions 2.54.3+18.04, 2.54.3+20.04 and 2.54.3+21.10.1
[ TIME  ] 2022-02-17 23:15:00
[ CVE   ] CVE-2021-44731
[ SRC   ] Tenable (Nessus)
[ URL   ] https://www.tenable.com/cve/CVE-2021-44731
2022-02-18 14:56:54 [INFO] : 
==============================================
[ TITLE ] snapd 2.54.2 did not properly validate the location of the snap-confine binary. A local attacker who can hardlink this binary to another location to cause snap-confine to execute other arbitrary binaries and hence gain privilege escalation. Fixed in snapd versions 2.54.3+18.04, 2.54.3+20.04 and 2.54.3+21.10.1
[ TIME  ] 2022-02-17 23:15:00
[ CVE   ] CVE-2021-44730
[ SRC   ] Tenable (Nessus)
[ URL   ] https://www.tenable.com/cve/CVE-2021-44730
2022-02-18 14:56:54 [INFO] : 
==============================================
[ TITLE ] snapd 2.54.2 fails to perform sufficient validation of snap content interface and layout paths, resulting in the ability for snaps to inject arbitrary AppArmor policy rules via malformed content interface and layout declarations and hence escape strict snap confinement. Fixed in snapd versions 2.54.3+18.04, 2.54.3+20.04 and 2.54.3+21.10.1
[ TIME  ] 2022-02-17 23:15:00
[ CVE   ] CVE-2021-4120
[ SRC   ] Tenable (Nessus)
[ URL   ] https://www.tenable.com/cve/CVE-2021-4120
2022-02-18 14:56:54 [INFO] : 
==============================================
[ TITLE ] snapd 2.54.2 and earlier created ~/snap directories in user home directories without specifying owner-only permissions. This could allow a local attacker to read information that should have been private. Fixed in snapd versions 2.54.3+18.04, 2.54.3+20.04 and 2.54.3+21.10.1
[ TIME  ] 2022-02-17 23:15:00
[ CVE   ] CVE-2021-3155
[ SRC   ] Tenable (Nessus)
[ URL   ] https://www.tenable.com/cve/CVE-2021-3155
2022-02-18 14:56:54 [INFO] : 
==============================================
[ TITLE ] O2OA v6.4.7 was discovered to contain a remote code execution (RCE) vulnerability via /x_program_center/jaxrs/invoke.
[ TIME  ] 2022-02-17 22:15:00
[ CVE   ] CVE-2022-22916
[ SRC   ] Tenable (Nessus)
[ URL   ] https://www.tenable.com/cve/CVE-2022-22916
2022-02-18 14:56:54 [INFO] : 
==============================================
[ TITLE ] Remote Code Execution (RCE) vulnerability exists in D-Link Router DIR-846 DIR846A1_FW100A43.bin and DIR846enFW100A53DLA-Retail.bin. Malicious users can use this vulnerability to use "\ " or backticks to bypass the shell metacharacters in the ssid0 or ssid1 parameters to execute arbitrary commands.This vulnerability is due to the fact that CVE-2019-17509 is not fully patched and can be bypassed by using line breaks or backticks on its basis.
[ TIME  ] 2022-02-17 22:15:00
[ CVE   ] CVE-2021-46319
[ SRC   ] Tenable (Nessus)
[ URL   ] https://www.tenable.com/cve/CVE-2021-46319
2022-02-18 14:56:54 [INFO] : 
==============================================
[ TITLE ] Remote Command Execution (RCE) vulnerability exists in HNAP1/control/SetWizardConfig.php in D-Link Router DIR-846 DIR846A1_FW100A43.bin and DIR846enFW100A53DLA-Retail.bin. Malicoius users can use this vulnerability to use "\ " or backticks in the shell metacharacters in the ssid0 or ssid1 parameters to cause arbitrary command execution. Since CVE-2019-17510 vulnerability has not been patched and improved www/hnap1/control/setwizardconfig.php, can also use line breaks and backquotes to bypass.
[ TIME  ] 2022-02-17 22:15:00
[ CVE   ] CVE-2021-46315
[ SRC   ] Tenable (Nessus)
[ URL   ] https://www.tenable.com/cve/CVE-2021-46315
2022-02-18 14:56:54 [INFO] : 
==============================================
[ TITLE ] Next.js is a React framework. Starting with version 10.0.0 and prior to version 12.1.0, Next.js is vulnerable to User Interface (UI) Misrepresentation of Critical Information. In order to be affected, the `next.config.js` file must have an `images.domains` array assigned and the image host assigned in `images.domains` must allow user-provided SVG. If the `next.config.js` file has `images.loader` assigned to something other than default, the instance is not affected. Version 12.1.0 contains a patch for this issue. As a workaround, change `next.config.js` to use a different `loader configuration` other than the default.
[ TIME  ] 2022-02-17 21:15:00
[ CVE   ] CVE-2022-23646
[ SRC   ] Tenable (Nessus)
[ URL   ] https://www.tenable.com/cve/CVE-2022-23646
2022-02-18 14:56:54 [INFO] : 
==============================================
[ TITLE ] An incorrect access control issue in the component FileManager of Ovidentia CMS 6.0 allows authenticated attackers to to view and download content in the upload directory via path traversal.
[ TIME  ] 2022-02-17 21:15:00
[ CVE   ] CVE-2022-22914
[ SRC   ] Tenable (Nessus)
[ URL   ] https://www.tenable.com/cve/CVE-2022-22914
2022-02-18 14:56:54 [INFO] : [邮件] 正在推送威胁情报...
2022-02-18 14:56:54 [INFO] : [邮件] 收件人清单： ['threatbroadcast@foxmail.com']
2022-02-18 14:56:54 [ERROR] : [邮件] 推送威胁情报失败
Traceback (most recent call last):
  File "/Users/skill/Desktop/threat-broadcast/src/notice/mail.py", line 46, in to_mail
    smtpObj.login(sender, password)
  File "/Applications/Xcode.app/Contents/Developer/Library/Frameworks/Python3.framework/Versions/3.8/lib/python3.8/smtplib.py", line 732, in login
    (code, resp) = self.auth(
  File "/Applications/Xcode.app/Contents/Developer/Library/Frameworks/Python3.framework/Versions/3.8/lib/python3.8/smtplib.py", line 645, in auth
    authobject(challenge).encode('ascii'), eol='')
AttributeError: 'NoneType' object has no attribute 'encode'
2022-02-18 14:56:54 [ERROR] : Traceback (most recent call last):
  File "/Users/skill/Desktop/threat-broadcast/src/notice/mail.py", line 46, in to_mail
    smtpObj.login(sender, password)
  File "/Applications/Xcode.app/Contents/Developer/Library/Frameworks/Python3.framework/Versions/3.8/lib/python3.8/smtplib.py", line 732, in login
    (code, resp) = self.auth(
  File "/Applications/Xcode.app/Contents/Developer/Library/Frameworks/Python3.framework/Versions/3.8/lib/python3.8/smtplib.py", line 645, in auth
    authobject(challenge).encode('ascii'), eol='')
AttributeError: 'NoneType' object has no attribute 'encode'
Traceback (most recent call last):
  File "/Users/skill/Desktop/threat-broadcast/src/notice/mail.py", line 46, in to_mail
    smtpObj.login(sender, password)
  File "/Applications/Xcode.app/Contents/Developer/Library/Frameworks/Python3.framework/Versions/3.8/lib/python3.8/smtplib.py", line 732, in login
    (code, resp) = self.auth(
  File "/Applications/Xcode.app/Contents/Developer/Library/Frameworks/Python3.framework/Versions/3.8/lib/python3.8/smtplib.py", line 645, in auth
    authobject(challenge).encode('ascii'), eol='')
AttributeError: 'NoneType' object has no attribute 'encode'
2022-02-18 15:02:11 [INFO] : ++++++++++++++++++++++++++++++++++++++++++++
2022-02-18 15:02:11 [INFO] : 正在获取 [数字观星POC++] 威胁情报...
2022-02-18 15:02:11 [INFO] : 得到 [数字观星POC++] 最新威胁情报 [0] 条
2022-02-18 15:02:11 [INFO] : --------------------------------------------
2022-02-18 16:29:36 [INFO] : ++++++++++++++++++++++++++++++++++++++++++++
2022-02-18 16:29:36 [INFO] : 正在获取 [数字观星POC++] 威胁情报...
2022-02-18 16:29:38 [INFO] : 得到 [数字观星POC++] 最新威胁情报 [30] 条
2022-02-18 16:29:38 [INFO] : --------------------------------------------
2022-02-18 16:29:38 [INFO] : 
==============================================
[ TITLE ] Zabbix不安全的客户端会话存储导致身份验证绕过/实例接管
[ TIME  ] 2022-02-18 20:18:25
[ CVE   ] CVE-2022-23131
[ SRC   ] 数字观星POC++
[ URL   ] https://poc.shuziguanxing.com/#/publicIssueInfo#issueId=5510
2022-02-18 16:29:38 [INFO] : 
==============================================
[ TITLE ] 向日葵远控软件远程命令执行漏洞（CNVD-2022-10270）
[ TIME  ] 2022-02-16 20:43:00
[ CVE   ] 
[ SRC   ] 数字观星POC++
[ URL   ] https://poc.shuziguanxing.com/#/publicIssueInfo#issueId=5499
2022-02-18 16:29:38 [INFO] : 
==============================================
[ TITLE ] 微软2月安全更新多个高危漏洞
[ TIME  ] 2022-02-09 14:33:29
[ CVE   ] CVE-2022-23280,CVE-2022-22005,CVE-2022-23255,CVE-2022-23252,CVE-2022-22004,CVE-2022-22003,CVE-2022-22002,CVE-2022-22001,CVE-2022-22000,CVE-2022-21999,CVE-2022-21998,CVE-2022-21997,CVE-2022-21996,CVE-2022-21995,CVE-2022-21994,CVE-2022-21993
[ SRC   ] 数字观星POC++
[ URL   ] https://poc.shuziguanxing.com/#/publicIssueInfo#issueId=5412
2022-02-18 16:29:38 [INFO] : 
==============================================
[ TITLE ] Apache Karaf反序列化漏洞
[ TIME  ] 2022-01-26 16:28:54
[ CVE   ] CVE-2021-41766
[ SRC   ] 数字观星POC++
[ URL   ] https://poc.shuziguanxing.com/#/publicIssueInfo#issueId=5358
2022-02-18 16:29:38 [INFO] : 
==============================================
[ TITLE ] Cisco Redundancy Configuration Manager多个漏洞
[ TIME  ] 2022-01-20 14:16:18
[ CVE   ] CVE-2022-20649,CVE-2022-20648
[ SRC   ] 数字观星POC++
[ URL   ] https://poc.shuziguanxing.com/#/publicIssueInfo#issueId=5304
2022-02-18 16:29:38 [INFO] : 
==============================================
[ TITLE ] Apache Log4j存在多个安全漏洞
[ TIME  ] 2022-01-20 11:31:34
[ CVE   ] CVE-2022-23307,CVE-2022-23302,CVE-2022-23305
[ SRC   ] 数字观星POC++
[ URL   ] https://poc.shuziguanxing.com/#/publicIssueInfo#issueId=5303
2022-02-18 16:29:38 [INFO] : 
==============================================
[ TITLE ] Oracle WebLogic多个组件漏洞安全
[ TIME  ] 2022-01-19 11:38:25
[ CVE   ] CVE-2022-21306,CVE-2022-21292,CVE-2022-21371,CVE-2022-21252,CVE-2022-21347,CVE-2022-21350,CVE-2022-21353
[ SRC   ] 数字观星POC++
[ URL   ] https://poc.shuziguanxing.com/#/publicIssueInfo#issueId=5288
2022-02-18 16:29:38 [INFO] : 
==============================================
[ TITLE ] Apache Dubbo 远程代码执行漏洞
[ TIME  ] 2022-01-13 18:58:30
[ CVE   ] CVE-2021-43297
[ SRC   ] 数字观星POC++
[ URL   ] https://poc.shuziguanxing.com/#/publicIssueInfo#issueId=5270
2022-02-18 16:29:38 [INFO] : 
==============================================
[ TITLE ] Apache Guacamole中的两个安全漏洞
[ TIME  ] 2022-01-13 18:52:25
[ CVE   ] CVE-2021-43999,CVE-2021-41767
[ SRC   ] 数字观星POC++
[ URL   ] https://poc.shuziguanxing.com/#/publicIssueInfo#issueId=5269
2022-02-18 16:29:38 [INFO] : 
==============================================
[ TITLE ] TerraMaster 存在远程命令执行漏洞
[ TIME  ] 2022-01-12 19:48:09
[ CVE   ] 
[ SRC   ] 数字观星POC++
[ URL   ] https://poc.shuziguanxing.com/#/publicIssueInfo#issueId=5263
2022-02-18 16:29:38 [INFO] : 
==============================================
[ TITLE ] Embedthis GoAhead 存在远程命令执行漏洞
[ TIME  ] 2022-01-12 19:46:49
[ CVE   ] CVE-2021-42342
[ SRC   ] 数字观星POC++
[ URL   ] https://poc.shuziguanxing.com/#/publicIssueInfo#issueId=5261
2022-02-18 16:29:38 [INFO] : 
==============================================
[ TITLE ] GitLab存在多个安全漏洞
[ TIME  ] 2022-01-12 15:03:47
[ CVE   ] CVE-2021-39946,CVE-2022-0154,CVE-2022-0152,CVE-2022-0151,CVE-2022-0172,CVE-2022-0090,CVE-2022-0125,CVE-2022-0124,CVE-2021-39942,CVE-2022-0093,CVE-2021-39927
[ SRC   ] 数字观星POC++
[ URL   ] https://poc.shuziguanxing.com/#/publicIssueInfo#issueId=5258
2022-02-18 16:29:38 [INFO] : 
==============================================
[ TITLE ] 微软1月安全更新多个高危漏洞
[ TIME  ] 2022-01-12 12:48:14
[ CVE   ] CVE-2022-21907,CVE-2022-21846,CVE-2022-21855,CVE-2022-21969,CVE-2022-21887,CVE-2022-21882,CVE-2022-21903,CVE-2022-21908,CVE-2022-21919,CVE-2022-21881,CVE-2022-21916,CVE-2022-21897,CVE-2022-21914,CVE-2022-21885
[ SRC   ] 数字观星POC++
[ URL   ] https://poc.shuziguanxing.com/#/publicIssueInfo#issueId=5256
2022-02-18 16:29:38 [INFO] : 
==============================================
[ TITLE ] Atlassian Jira授权不当漏洞
[ TIME  ] 2022-01-11 20:47:18
[ CVE   ] CVE-2021-43949
[ SRC   ] 数字观星POC++
[ URL   ] https://poc.shuziguanxing.com/#/publicIssueInfo#issueId=5253
2022-02-18 16:29:38 [INFO] : 
==============================================
[ TITLE ] Apache Airflow存在未授权访问漏洞
[ TIME  ] 2022-01-12 15:24:39
[ CVE   ] 
[ SRC   ] 数字观星POC++
[ URL   ] https://poc.shuziguanxing.com/#/publicIssueInfo#issueId=5246
2022-02-18 16:29:38 [INFO] : 
==============================================
[ TITLE ] MeterSphere 远程代码执行漏洞
[ TIME  ] 2022-01-06 18:12:57
[ CVE   ] 
[ SRC   ] 数字观星POC++
[ URL   ] https://poc.shuziguanxing.com/#/publicIssueInfo#issueId=5233
2022-02-18 16:29:38 [INFO] : 
==============================================
[ TITLE ] Apache NiFi XML外部实体注入漏洞
[ TIME  ] 2021-12-30 19:28:19
[ CVE   ] CVE-2021-44145
[ SRC   ] 数字观星POC++
[ URL   ] https://poc.shuziguanxing.com/#/publicIssueInfo#issueId=5193
2022-02-18 16:29:38 [INFO] : 
==============================================
[ TITLE ] Apache Log4j2 远程代码执行漏洞
[ TIME  ] 2021-12-29 10:48:20
[ CVE   ] CVE-2021-44832
[ SRC   ] 数字观星POC++
[ URL   ] https://poc.shuziguanxing.com/#/publicIssueInfo#issueId=5174
2022-02-18 16:29:38 [INFO] : 
==============================================
[ TITLE ] Apache APISIX Dashboard 身份验证绕过漏洞
[ TIME  ] 2021-12-28 15:00:03
[ CVE   ] CVE-2021-45232
[ SRC   ] 数字观星POC++
[ URL   ] https://poc.shuziguanxing.com/#/publicIssueInfo#issueId=5163
2022-02-18 16:29:38 [INFO] : 
==============================================
[ TITLE ] SolarWinds Web Help Desk 存在两个安全漏洞
[ TIME  ] 2021-12-25 00:07:28
[ CVE   ] CVE-2021-35232,CVE-2021-35243
[ SRC   ] 数字观星POC++
[ URL   ] https://poc.shuziguanxing.com/#/publicIssueInfo#issueId=5154
2022-02-18 16:29:38 [INFO] : 
==============================================
[ TITLE ] Apache HTTP Server  存在两个安全漏洞
[ TIME  ] 2021-12-21 19:33:51
[ CVE   ] CVE-2021-44224,CVE-2021-44790
[ SRC   ] 数字观星POC++
[ URL   ] https://poc.shuziguanxing.com/#/publicIssueInfo#issueId=5100
2022-02-18 16:29:38 [INFO] : 
==============================================
[ TITLE ] Apache Solr 信息泄露漏洞
[ TIME  ] 2021-12-20 20:41:59
[ CVE   ] CVE-2021-44548
[ SRC   ] 数字观星POC++
[ URL   ] https://poc.shuziguanxing.com/#/publicIssueInfo#issueId=5091
2022-02-18 16:29:38 [INFO] : 
==============================================
[ TITLE ] Apache Log4j2 拒绝服务漏洞
[ TIME  ] 2021-12-19 13:13:16
[ CVE   ] CVE-2021-45105
[ SRC   ] 数字观星POC++
[ URL   ] https://poc.shuziguanxing.com/#/publicIssueInfo#issueId=5086
2022-02-18 16:29:38 [INFO] : 
==============================================
[ TITLE ] Apache Log4j2 远程代码执行漏洞
[ TIME  ] 2021-12-15 22:59:13
[ CVE   ] CVE-2021-45046
[ SRC   ] 数字观星POC++
[ URL   ] https://poc.shuziguanxing.com/#/publicIssueInfo#issueId=5072
2022-02-18 16:29:38 [INFO] : 
==============================================
[ TITLE ] 微软12月安全更新多个高危漏洞
[ TIME  ] 2021-12-15 22:07:14
[ CVE   ] CVE-2021-43890,CVE-2021-43883,CVE-2021-43215,CVE-2021-43905,CVE-2021-43233,CVE-2021-41333,CVE-2021-43907,CVE-2021-43899,CVE-2021-42310,CVE-2021-43217,CVE-2021-43880
[ SRC   ] 数字观星POC++
[ URL   ] https://poc.shuziguanxing.com/#/publicIssueInfo#issueId=5071
2022-02-18 16:29:38 [INFO] : 
==============================================
[ TITLE ] AjaxPro.NET 反序列化漏洞
[ TIME  ] 2021-12-15 21:16:38
[ CVE   ] CVE-2021-23758
[ SRC   ] 数字观星POC++
[ URL   ] https://poc.shuziguanxing.com/#/publicIssueInfo#issueId=5070
2022-02-18 16:29:38 [INFO] : 
==============================================
[ TITLE ] VMware 多个产品 Log4j2 RCE漏洞
[ TIME  ] 2021-12-12 20:48:30
[ CVE   ] CVE-2021-44228
[ SRC   ] 数字观星POC++
[ URL   ] https://poc.shuziguanxing.com/#/publicIssueInfo#issueId=5064
2022-02-18 16:29:38 [INFO] : 
==============================================
[ TITLE ] Apache Log4j2 远程代码执行漏洞（支持远程检测）
[ TIME  ] 2021-12-09 23:20:08
[ CVE   ] CVE-2021-44228
[ SRC   ] 数字观星POC++
[ URL   ] https://poc.shuziguanxing.com/#/publicIssueInfo#issueId=5050
2022-02-18 16:29:38 [INFO] : 
==============================================
[ TITLE ] Sockeye 框架 yaml 任意代码执行漏洞
[ TIME  ] 2021-12-09 21:38:17
[ CVE   ] CVE-2021-43811
[ SRC   ] 数字观星POC++
[ URL   ] https://poc.shuziguanxing.com/#/publicIssueInfo#issueId=5048
2022-02-18 16:29:38 [INFO] : 
==============================================
[ TITLE ] Auerswald COMfortel 存在认证绕过漏洞
[ TIME  ] 2021-12-23 16:14:05
[ CVE   ] CVE-2021-40856
[ SRC   ] 数字观星POC++
[ URL   ] https://poc.shuziguanxing.com/#/publicIssueInfo#issueId=5042
2022-02-18 16:29:38 [INFO] : ++++++++++++++++++++++++++++++++++++++++++++
2022-02-18 16:29:38 [INFO] : 正在获取 [阿里云] 威胁情报...
2022-02-18 16:29:39 [INFO] : 得到 [阿里云] 最新威胁情报 [0] 条
2022-02-18 16:29:39 [INFO] : --------------------------------------------
2022-02-18 16:29:39 [INFO] : ++++++++++++++++++++++++++++++++++++++++++++
2022-02-18 16:29:39 [INFO] : 正在获取 [360 网络安全响应中心] 威胁情报...
2022-02-18 16:29:40 [INFO] : 得到 [360 网络安全响应中心] 最新威胁情报 [0] 条
2022-02-18 16:29:40 [INFO] : --------------------------------------------
2022-02-18 16:29:40 [INFO] : ++++++++++++++++++++++++++++++++++++++++++++
2022-02-18 16:29:40 [INFO] : 正在获取 [绿盟] 威胁情报...
2022-02-18 16:29:41 [INFO] : 得到 [绿盟] 最新威胁情报 [0] 条
2022-02-18 16:29:41 [INFO] : --------------------------------------------
2022-02-18 16:29:41 [INFO] : ++++++++++++++++++++++++++++++++++++++++++++
2022-02-18 16:29:41 [INFO] : 正在获取 [奇安信] 威胁情报...
2022-02-18 16:29:47 [INFO] : 得到 [奇安信] 最新威胁情报 [0] 条
2022-02-18 16:29:47 [INFO] : --------------------------------------------
2022-02-18 16:29:47 [INFO] : ++++++++++++++++++++++++++++++++++++++++++++
2022-02-18 16:29:47 [INFO] : 正在获取 [红后] 威胁情报...
2022-02-18 16:29:48 [INFO] : 得到 [红后] 最新威胁情报 [0] 条
2022-02-18 16:29:48 [INFO] : --------------------------------------------
2022-02-18 16:29:48 [INFO] : ++++++++++++++++++++++++++++++++++++++++++++
2022-02-18 16:29:48 [INFO] : 正在获取 [斗象] 威胁情报...
2022-02-18 16:29:53 [INFO] : 得到 [斗象] 最新威胁情报 [0] 条
2022-02-18 16:29:53 [INFO] : --------------------------------------------
2022-02-18 16:29:53 [INFO] : ++++++++++++++++++++++++++++++++++++++++++++
2022-02-18 16:29:53 [INFO] : 正在获取 [美国国家漏洞数据库（NVD）] 威胁情报...
2022-02-18 16:29:54 [INFO] : 得到 [美国国家漏洞数据库（NVD）] 最新威胁情报 [0] 条
2022-02-18 16:29:54 [INFO] : --------------------------------------------
2022-02-18 16:29:54 [INFO] : ++++++++++++++++++++++++++++++++++++++++++++
2022-02-18 16:29:54 [INFO] : 正在获取 [国家信息安全漏洞共享平台（CNVD）] 威胁情报...
2022-02-18 16:30:16 [INFO] : 得到 [国家信息安全漏洞共享平台（CNVD）] 最新威胁情报 [2] 条
2022-02-18 16:30:16 [INFO] : --------------------------------------------
2022-02-18 16:30:16 [INFO] : 
==============================================
[ TITLE ] metinfo存在SQL注入漏洞
[ TIME  ] 2022-02-19 16:30:04
[ CVE   ] CNVD-2022-07115
[ SRC   ] 国家信息安全漏洞共享平台（CNVD）
[ URL   ] https://www.cnvd.org.cn/flaw/show/CNVD-2022-07115
2022-02-18 16:30:16 [INFO] : 
==============================================
[ TITLE ] MetInfo存在SQL注入漏洞
[ TIME  ] 2022-02-19 16:30:05
[ CVE   ] CNVD-2022-07118
[ SRC   ] 国家信息安全漏洞共享平台（CNVD）
[ URL   ] https://www.cnvd.org.cn/flaw/show/CNVD-2022-07118
2022-02-18 16:30:16 [INFO] : ++++++++++++++++++++++++++++++++++++++++++++
2022-02-18 16:30:16 [INFO] : 正在获取 [国家信息安全漏洞库（CNNVD）] 威胁情报...
2022-02-18 16:30:37 [INFO] : 得到 [国家信息安全漏洞库（CNNVD）] 最新威胁情报 [0] 条
2022-02-18 16:30:37 [INFO] : --------------------------------------------
2022-02-18 16:30:37 [INFO] : ++++++++++++++++++++++++++++++++++++++++++++
2022-02-18 16:30:37 [INFO] : 正在获取 [Tenable (Nessus)] 威胁情报...
2022-02-18 16:30:38 [INFO] : 得到 [Tenable (Nessus)] 最新威胁情报 [6] 条
2022-02-18 16:30:38 [INFO] : --------------------------------------------
2022-02-18 16:30:38 [INFO] : 
==============================================
[ TITLE ] Use of Hard-coded Cryptographic Key in Go github.com/gravitl/netmaker prior to 0.8.5,0.9.4,0.10.0,0.10.1.
[ TIME  ] 2022-02-18 14:15:00
[ CVE   ] CVE-2022-0664
[ SRC   ] Tenable (Nessus)
[ URL   ] https://www.tenable.com/cve/CVE-2022-0664
2022-02-18 16:30:38 [INFO] : 
==============================================
[ TITLE ] Heap-based Buffer Overflow in Homebrew mruby prior to 3.2.
[ TIME  ] 2022-02-18 14:15:00
[ CVE   ] CVE-2022-0631
[ SRC   ] Tenable (Nessus)
[ URL   ] https://www.tenable.com/cve/CVE-2022-0631
2022-02-18 16:30:38 [INFO] : 
==============================================
[ TITLE ] Dart SDK contains the HTTPClient in dart:io library whcih includes authorization headers when handling cross origin redirects. These headers may be explicitly set and contain sensitive information. By default, HttpClient handles redirection logic. If a request is sent to example.com with authorization header and it redirects to an attackers site, they might not expect attacker site to receive authorization header. We recommend updating the Dart SDK to version 2.16.0 or beyond.
[ TIME  ] 2022-02-18 14:15:00
[ CVE   ] CVE-2022-0451
[ SRC   ] Tenable (Nessus)
[ URL   ] https://www.tenable.com/cve/CVE-2022-0451
2022-02-18 16:30:38 [INFO] : 
==============================================
[ TITLE ] This affects the package cesanta/mongoose before 7.6. The unsafe handling of file names during upload using mg_http_upload() method may enable attackers to write files to arbitrary locations outside the designated target folder.
[ TIME  ] 2022-02-18 13:15:00
[ CVE   ] CVE-2022-25299
[ SRC   ] Tenable (Nessus)
[ URL   ] https://www.tenable.com/cve/CVE-2022-25299
2022-02-18 16:30:38 [INFO] : 
==============================================
[ TITLE ] This affects the package sprinfall/webcc before 0.3.0. It is possible to traverse directories to fetch arbitrary files from the server.
[ TIME  ] 2022-02-18 13:15:00
[ CVE   ] CVE-2022-25298
[ SRC   ] Tenable (Nessus)
[ URL   ] https://www.tenable.com/cve/CVE-2022-25298
2022-02-18 16:30:38 [INFO] : 
==============================================
[ TITLE ] Scoold 1.47.2 is a Q&A/knowledge base platform written in Java. When writing a Q&A, the markdown editor is vulnerable to a XSS attack when using uppercase letters.
[ TIME  ] 2022-02-18 13:15:00
[ CVE   ] CVE-2021-46372
[ SRC   ] Tenable (Nessus)
[ URL   ] https://www.tenable.com/cve/CVE-2021-46372
2022-02-18 16:30:38 [INFO] : [邮件] 正在通过 Github Actions 推送威胁情报...
2022-02-18 16:40:44 [INFO] : ++++++++++++++++++++++++++++++++++++++++++++
2022-02-18 16:40:44 [INFO] : 正在获取 [数字观星POC++] 威胁情报...
2022-02-18 16:40:45 [INFO] : 得到 [数字观星POC++] 最新威胁情报 [0] 条
2022-02-18 16:40:45 [INFO] : --------------------------------------------
2022-02-18 16:40:45 [INFO] : ++++++++++++++++++++++++++++++++++++++++++++
2022-02-18 16:40:45 [INFO] : 正在获取 [阿里云] 威胁情报...
2022-02-18 16:40:46 [INFO] : 得到 [阿里云] 最新威胁情报 [0] 条
2022-02-18 16:40:46 [INFO] : --------------------------------------------
2022-02-18 16:40:46 [INFO] : ++++++++++++++++++++++++++++++++++++++++++++
2022-02-18 16:40:46 [INFO] : 正在获取 [360 网络安全响应中心] 威胁情报...
2022-02-18 16:40:48 [INFO] : 得到 [360 网络安全响应中心] 最新威胁情报 [0] 条
2022-02-18 16:40:48 [INFO] : --------------------------------------------
2022-02-18 16:40:48 [INFO] : ++++++++++++++++++++++++++++++++++++++++++++
2022-02-18 16:40:48 [INFO] : 正在获取 [绿盟] 威胁情报...
2022-02-18 16:40:49 [INFO] : 得到 [绿盟] 最新威胁情报 [0] 条
2022-02-18 16:40:49 [INFO] : --------------------------------------------
2022-02-18 16:40:49 [INFO] : ++++++++++++++++++++++++++++++++++++++++++++
2022-02-18 16:40:49 [INFO] : 正在获取 [奇安信] 威胁情报...
2022-02-18 16:40:56 [INFO] : 得到 [奇安信] 最新威胁情报 [0] 条
2022-02-18 16:40:56 [INFO] : --------------------------------------------
2022-02-18 16:40:56 [INFO] : ++++++++++++++++++++++++++++++++++++++++++++
2022-02-18 16:40:56 [INFO] : 正在获取 [红后] 威胁情报...
2022-02-18 16:40:57 [INFO] : 得到 [红后] 最新威胁情报 [0] 条
2022-02-18 16:40:57 [INFO] : --------------------------------------------
2022-02-18 16:40:57 [INFO] : ++++++++++++++++++++++++++++++++++++++++++++
2022-02-18 16:40:57 [INFO] : 正在获取 [斗象] 威胁情报...
2022-02-18 16:41:04 [INFO] : 得到 [斗象] 最新威胁情报 [0] 条
2022-02-18 16:41:04 [INFO] : --------------------------------------------
2022-02-18 16:41:04 [INFO] : ++++++++++++++++++++++++++++++++++++++++++++
2022-02-18 16:41:04 [INFO] : 正在获取 [美国国家漏洞数据库（NVD）] 威胁情报...
2022-02-18 16:41:05 [INFO] : 得到 [美国国家漏洞数据库（NVD）] 最新威胁情报 [0] 条
2022-02-18 16:41:05 [INFO] : --------------------------------------------
2022-02-18 16:41:05 [INFO] : ++++++++++++++++++++++++++++++++++++++++++++
2022-02-18 16:41:05 [INFO] : 正在获取 [国家信息安全漏洞共享平台（CNVD）] 威胁情报...
2022-02-18 16:41:22 [INFO] : 得到 [国家信息安全漏洞共享平台（CNVD）] 最新威胁情报 [0] 条
2022-02-18 16:41:22 [INFO] : --------------------------------------------
2022-02-18 16:41:22 [INFO] : ++++++++++++++++++++++++++++++++++++++++++++
2022-02-18 16:41:22 [INFO] : 正在获取 [国家信息安全漏洞库（CNNVD）] 威胁情报...
2022-02-18 16:41:44 [INFO] : 得到 [国家信息安全漏洞库（CNNVD）] 最新威胁情报 [0] 条
2022-02-18 16:41:44 [INFO] : --------------------------------------------
2022-02-18 16:41:44 [INFO] : ++++++++++++++++++++++++++++++++++++++++++++
2022-02-18 16:41:44 [INFO] : 正在获取 [Tenable (Nessus)] 威胁情报...
2022-02-18 16:41:45 [INFO] : 得到 [Tenable (Nessus)] 最新威胁情报 [0] 条
2022-02-18 16:41:45 [INFO] : --------------------------------------------
2022-02-18 17:26:54 [INFO] : ++++++++++++++++++++++++++++++++++++++++++++
2022-02-18 17:26:54 [INFO] : 正在获取 [数字观星POC++] 威胁情报...
2022-02-18 17:26:55 [INFO] : 得到 [数字观星POC++] 最新威胁情报 [0] 条
2022-02-18 17:26:55 [INFO] : --------------------------------------------
2022-02-18 17:26:55 [INFO] : ++++++++++++++++++++++++++++++++++++++++++++
2022-02-18 17:26:55 [INFO] : 正在获取 [阿里云] 威胁情报...
2022-02-18 17:26:57 [INFO] : 得到 [阿里云] 最新威胁情报 [0] 条
2022-02-18 17:26:57 [INFO] : --------------------------------------------
2022-02-18 17:26:57 [INFO] : ++++++++++++++++++++++++++++++++++++++++++++
2022-02-18 17:26:57 [INFO] : 正在获取 [360 网络安全响应中心] 威胁情报...
2022-02-18 17:27:07 [ERROR] : 获取 [360 网络安全响应中心] 威胁情报异常
Traceback (most recent call last):
  File "/opt/hostedtoolcache/Python/3.8.12/x64/lib/python3.8/site-packages/urllib3/connectionpool.py", line 670, in urlopen
    httplib_response = self._make_request(
  File "/opt/hostedtoolcache/Python/3.8.12/x64/lib/python3.8/site-packages/urllib3/connectionpool.py", line 426, in _make_request
    six.raise_from(e, None)
  File "<string>", line 3, in raise_from
  File "/opt/hostedtoolcache/Python/3.8.12/x64/lib/python3.8/site-packages/urllib3/connectionpool.py", line 421, in _make_request
    httplib_response = conn.getresponse()
  File "/opt/hostedtoolcache/Python/3.8.12/x64/lib/python3.8/http/client.py", line 1348, in getresponse
    response.begin()
  File "/opt/hostedtoolcache/Python/3.8.12/x64/lib/python3.8/http/client.py", line 316, in begin
    version, status, reason = self._read_status()
  File "/opt/hostedtoolcache/Python/3.8.12/x64/lib/python3.8/http/client.py", line 285, in _read_status
    raise RemoteDisconnected("Remote end closed connection without"
http.client.RemoteDisconnected: Remote end closed connection without response

During handling of the above exception, another exception occurred:

Traceback (most recent call last):
  File "/opt/hostedtoolcache/Python/3.8.12/x64/lib/python3.8/site-packages/requests/adapters.py", line 439, in send
    resp = conn.urlopen(
  File "/opt/hostedtoolcache/Python/3.8.12/x64/lib/python3.8/site-packages/urllib3/connectionpool.py", line 726, in urlopen
    retries = retries.increment(
  File "/opt/hostedtoolcache/Python/3.8.12/x64/lib/python3.8/site-packages/urllib3/util/retry.py", line 410, in increment
    raise six.reraise(type(error), error, _stacktrace)
  File "/opt/hostedtoolcache/Python/3.8.12/x64/lib/python3.8/site-packages/urllib3/packages/six.py", line 734, in reraise
    raise value.with_traceback(tb)
  File "/opt/hostedtoolcache/Python/3.8.12/x64/lib/python3.8/site-packages/urllib3/connectionpool.py", line 670, in urlopen
    httplib_response = self._make_request(
  File "/opt/hostedtoolcache/Python/3.8.12/x64/lib/python3.8/site-packages/urllib3/connectionpool.py", line 426, in _make_request
    six.raise_from(e, None)
  File "<string>", line 3, in raise_from
  File "/opt/hostedtoolcache/Python/3.8.12/x64/lib/python3.8/site-packages/urllib3/connectionpool.py", line 421, in _make_request
    httplib_response = conn.getresponse()
  File "/opt/hostedtoolcache/Python/3.8.12/x64/lib/python3.8/http/client.py", line 1348, in getresponse
    response.begin()
  File "/opt/hostedtoolcache/Python/3.8.12/x64/lib/python3.8/http/client.py", line 316, in begin
    version, status, reason = self._read_status()
  File "/opt/hostedtoolcache/Python/3.8.12/x64/lib/python3.8/http/client.py", line 285, in _read_status
    raise RemoteDisconnected("Remote end closed connection without"
urllib3.exceptions.ProtocolError: ('Connection aborted.', RemoteDisconnected('Remote end closed connection without response'))

During handling of the above exception, another exception occurred:

Traceback (most recent call last):
  File "/home/runner/work/threat-broadcast/threat-broadcast/src/crawler/_base_crawler.py", line 62, in cves
    new_cves = self.get_cves()
  File "/home/runner/work/threat-broadcast/threat-broadcast/src/crawler/cert360.py", line 48, in get_cves
    response = requests.get(
  File "/opt/hostedtoolcache/Python/3.8.12/x64/lib/python3.8/site-packages/requests/api.py", line 75, in get
    return request('get', url, params=params, **kwargs)
  File "/opt/hostedtoolcache/Python/3.8.12/x64/lib/python3.8/site-packages/requests/api.py", line 60, in request
    return session.request(method=method, url=url, **kwargs)
  File "/opt/hostedtoolcache/Python/3.8.12/x64/lib/python3.8/site-packages/requests/sessions.py", line 533, in request
    resp = self.send(prep, **send_kwargs)
  File "/opt/hostedtoolcache/Python/3.8.12/x64/lib/python3.8/site-packages/requests/sessions.py", line 646, in send
    r = adapter.send(request, **kwargs)
  File "/opt/hostedtoolcache/Python/3.8.12/x64/lib/python3.8/site-packages/requests/adapters.py", line 498, in send
    raise ConnectionError(err, request=request)
requests.exceptions.ConnectionError: ('Connection aborted.', RemoteDisconnected('Remote end closed connection without response'))
2022-02-18 17:27:07 [ERROR] : Traceback (most recent call last):
  File "/opt/hostedtoolcache/Python/3.8.12/x64/lib/python3.8/site-packages/urllib3/connectionpool.py", line 670, in urlopen
    httplib_response = self._make_request(
  File "/opt/hostedtoolcache/Python/3.8.12/x64/lib/python3.8/site-packages/urllib3/connectionpool.py", line 426, in _make_request
    six.raise_from(e, None)
  File "<string>", line 3, in raise_from
  File "/opt/hostedtoolcache/Python/3.8.12/x64/lib/python3.8/site-packages/urllib3/connectionpool.py", line 421, in _make_request
    httplib_response = conn.getresponse()
  File "/opt/hostedtoolcache/Python/3.8.12/x64/lib/python3.8/http/client.py", line 1348, in getresponse
    response.begin()
  File "/opt/hostedtoolcache/Python/3.8.12/x64/lib/python3.8/http/client.py", line 316, in begin
    version, status, reason = self._read_status()
  File "/opt/hostedtoolcache/Python/3.8.12/x64/lib/python3.8/http/client.py", line 285, in _read_status
    raise RemoteDisconnected("Remote end closed connection without"
http.client.RemoteDisconnected: Remote end closed connection without response

During handling of the above exception, another exception occurred:

Traceback (most recent call last):
  File "/opt/hostedtoolcache/Python/3.8.12/x64/lib/python3.8/site-packages/requests/adapters.py", line 439, in send
    resp = conn.urlopen(
  File "/opt/hostedtoolcache/Python/3.8.12/x64/lib/python3.8/site-packages/urllib3/connectionpool.py", line 726, in urlopen
    retries = retries.increment(
  File "/opt/hostedtoolcache/Python/3.8.12/x64/lib/python3.8/site-packages/urllib3/util/retry.py", line 410, in increment
    raise six.reraise(type(error), error, _stacktrace)
  File "/opt/hostedtoolcache/Python/3.8.12/x64/lib/python3.8/site-packages/urllib3/packages/six.py", line 734, in reraise
    raise value.with_traceback(tb)
  File "/opt/hostedtoolcache/Python/3.8.12/x64/lib/python3.8/site-packages/urllib3/connectionpool.py", line 670, in urlopen
    httplib_response = self._make_request(
  File "/opt/hostedtoolcache/Python/3.8.12/x64/lib/python3.8/site-packages/urllib3/connectionpool.py", line 426, in _make_request
    six.raise_from(e, None)
  File "<string>", line 3, in raise_from
  File "/opt/hostedtoolcache/Python/3.8.12/x64/lib/python3.8/site-packages/urllib3/connectionpool.py", line 421, in _make_request
    httplib_response = conn.getresponse()
  File "/opt/hostedtoolcache/Python/3.8.12/x64/lib/python3.8/http/client.py", line 1348, in getresponse
    response.begin()
  File "/opt/hostedtoolcache/Python/3.8.12/x64/lib/python3.8/http/client.py", line 316, in begin
    version, status, reason = self._read_status()
  File "/opt/hostedtoolcache/Python/3.8.12/x64/lib/python3.8/http/client.py", line 285, in _read_status
    raise RemoteDisconnected("Remote end closed connection without"
urllib3.exceptions.ProtocolError: ('Connection aborted.', RemoteDisconnected('Remote end closed connection without response'))

During handling of the above exception, another exception occurred:

Traceback (most recent call last):
  File "/home/runner/work/threat-broadcast/threat-broadcast/src/crawler/_base_crawler.py", line 62, in cves
    new_cves = self.get_cves()
  File "/home/runner/work/threat-broadcast/threat-broadcast/src/crawler/cert360.py", line 48, in get_cves
    response = requests.get(
  File "/opt/hostedtoolcache/Python/3.8.12/x64/lib/python3.8/site-packages/requests/api.py", line 75, in get
    return request('get', url, params=params, **kwargs)
  File "/opt/hostedtoolcache/Python/3.8.12/x64/lib/python3.8/site-packages/requests/api.py", line 60, in request
    return session.request(method=method, url=url, **kwargs)
  File "/opt/hostedtoolcache/Python/3.8.12/x64/lib/python3.8/site-packages/requests/sessions.py", line 533, in request
    resp = self.send(prep, **send_kwargs)
  File "/opt/hostedtoolcache/Python/3.8.12/x64/lib/python3.8/site-packages/requests/sessions.py", line 646, in send
    r = adapter.send(request, **kwargs)
  File "/opt/hostedtoolcache/Python/3.8.12/x64/lib/python3.8/site-packages/requests/adapters.py", line 498, in send
    raise ConnectionError(err, request=request)
requests.exceptions.ConnectionError: ('Connection aborted.', RemoteDisconnected('Remote end closed connection without response'))
Traceback (most recent call last):
  File "/opt/hostedtoolcache/Python/3.8.12/x64/lib/python3.8/site-packages/urllib3/connectionpool.py", line 670, in urlopen
    httplib_response = self._make_request(
  File "/opt/hostedtoolcache/Python/3.8.12/x64/lib/python3.8/site-packages/urllib3/connectionpool.py", line 426, in _make_request
    six.raise_from(e, None)
  File "<string>", line 3, in raise_from
  File "/opt/hostedtoolcache/Python/3.8.12/x64/lib/python3.8/site-packages/urllib3/connectionpool.py", line 421, in _make_request
    httplib_response = conn.getresponse()
  File "/opt/hostedtoolcache/Python/3.8.12/x64/lib/python3.8/http/client.py", line 1348, in getresponse
    response.begin()
  File "/opt/hostedtoolcache/Python/3.8.12/x64/lib/python3.8/http/client.py", line 316, in begin
    version, status, reason = self._read_status()
  File "/opt/hostedtoolcache/Python/3.8.12/x64/lib/python3.8/http/client.py", line 285, in _read_status
    raise RemoteDisconnected("Remote end closed connection without"
http.client.RemoteDisconnected: Remote end closed connection without response

During handling of the above exception, another exception occurred:

Traceback (most recent call last):
  File "/opt/hostedtoolcache/Python/3.8.12/x64/lib/python3.8/site-packages/requests/adapters.py", line 439, in send
    resp = conn.urlopen(
  File "/opt/hostedtoolcache/Python/3.8.12/x64/lib/python3.8/site-packages/urllib3/connectionpool.py", line 726, in urlopen
    retries = retries.increment(
  File "/opt/hostedtoolcache/Python/3.8.12/x64/lib/python3.8/site-packages/urllib3/util/retry.py", line 410, in increment
    raise six.reraise(type(error), error, _stacktrace)
  File "/opt/hostedtoolcache/Python/3.8.12/x64/lib/python3.8/site-packages/urllib3/packages/six.py", line 734, in reraise
    raise value.with_traceback(tb)
  File "/opt/hostedtoolcache/Python/3.8.12/x64/lib/python3.8/site-packages/urllib3/connectionpool.py", line 670, in urlopen
    httplib_response = self._make_request(
  File "/opt/hostedtoolcache/Python/3.8.12/x64/lib/python3.8/site-packages/urllib3/connectionpool.py", line 426, in _make_request
    six.raise_from(e, None)
  File "<string>", line 3, in raise_from
  File "/opt/hostedtoolcache/Python/3.8.12/x64/lib/python3.8/site-packages/urllib3/connectionpool.py", line 421, in _make_request
    httplib_response = conn.getresponse()
  File "/opt/hostedtoolcache/Python/3.8.12/x64/lib/python3.8/http/client.py", line 1348, in getresponse
    response.begin()
  File "/opt/hostedtoolcache/Python/3.8.12/x64/lib/python3.8/http/client.py", line 316, in begin
    version, status, reason = self._read_status()
  File "/opt/hostedtoolcache/Python/3.8.12/x64/lib/python3.8/http/client.py", line 285, in _read_status
    raise RemoteDisconnected("Remote end closed connection without"
urllib3.exceptions.ProtocolError: ('Connection aborted.', RemoteDisconnected('Remote end closed connection without response'))

During handling of the above exception, another exception occurred:

Traceback (most recent call last):
  File "/home/runner/work/threat-broadcast/threat-broadcast/src/crawler/_base_crawler.py", line 62, in cves
    new_cves = self.get_cves()
  File "/home/runner/work/threat-broadcast/threat-broadcast/src/crawler/cert360.py", line 48, in get_cves
    response = requests.get(
  File "/opt/hostedtoolcache/Python/3.8.12/x64/lib/python3.8/site-packages/requests/api.py", line 75, in get
    return request('get', url, params=params, **kwargs)
  File "/opt/hostedtoolcache/Python/3.8.12/x64/lib/python3.8/site-packages/requests/api.py", line 60, in request
    return session.request(method=method, url=url, **kwargs)
  File "/opt/hostedtoolcache/Python/3.8.12/x64/lib/python3.8/site-packages/requests/sessions.py", line 533, in request
    resp = self.send(prep, **send_kwargs)
  File "/opt/hostedtoolcache/Python/3.8.12/x64/lib/python3.8/site-packages/requests/sessions.py", line 646, in send
    r = adapter.send(request, **kwargs)
  File "/opt/hostedtoolcache/Python/3.8.12/x64/lib/python3.8/site-packages/requests/adapters.py", line 498, in send
    raise ConnectionError(err, request=request)
requests.exceptions.ConnectionError: ('Connection aborted.', RemoteDisconnected('Remote end closed connection without response'))
2022-02-18 17:27:07 [INFO] : 得到 [360 网络安全响应中心] 最新威胁情报 [0] 条
2022-02-18 17:27:07 [INFO] : --------------------------------------------
2022-02-18 17:27:07 [INFO] : ++++++++++++++++++++++++++++++++++++++++++++
2022-02-18 17:27:07 [INFO] : 正在获取 [绿盟] 威胁情报...
2022-02-18 17:27:08 [INFO] : 得到 [绿盟] 最新威胁情报 [0] 条
2022-02-18 17:27:08 [INFO] : --------------------------------------------
2022-02-18 17:27:08 [INFO] : ++++++++++++++++++++++++++++++++++++++++++++
2022-02-18 17:27:08 [INFO] : 正在获取 [奇安信] 威胁情报...
2022-02-18 17:27:09 [INFO] : 得到 [奇安信] 最新威胁情报 [0] 条
2022-02-18 17:27:09 [INFO] : --------------------------------------------
2022-02-18 17:27:09 [INFO] : ++++++++++++++++++++++++++++++++++++++++++++
2022-02-18 17:27:09 [INFO] : 正在获取 [红后] 威胁情报...
2022-02-18 17:27:10 [INFO] : 得到 [红后] 最新威胁情报 [0] 条
2022-02-18 17:27:10 [INFO] : --------------------------------------------
2022-02-18 17:27:10 [INFO] : ++++++++++++++++++++++++++++++++++++++++++++
2022-02-18 17:27:10 [INFO] : 正在获取 [斗象] 威胁情报...
2022-02-18 17:27:16 [INFO] : 得到 [斗象] 最新威胁情报 [0] 条
2022-02-18 17:27:16 [INFO] : --------------------------------------------
2022-02-18 17:27:16 [INFO] : ++++++++++++++++++++++++++++++++++++++++++++
2022-02-18 17:27:16 [INFO] : 正在获取 [美国国家漏洞数据库（NVD）] 威胁情报...
2022-02-18 17:27:16 [INFO] : 得到 [美国国家漏洞数据库（NVD）] 最新威胁情报 [0] 条
2022-02-18 17:27:16 [INFO] : --------------------------------------------
2022-02-18 17:27:16 [INFO] : ++++++++++++++++++++++++++++++++++++++++++++
2022-02-18 17:27:16 [INFO] : 正在获取 [国家信息安全漏洞共享平台（CNVD）] 威胁情报...
2022-02-18 17:27:34 [INFO] : 得到 [国家信息安全漏洞共享平台（CNVD）] 最新威胁情报 [0] 条
2022-02-18 17:27:34 [INFO] : --------------------------------------------
2022-02-18 17:27:34 [INFO] : ++++++++++++++++++++++++++++++++++++++++++++
2022-02-18 17:27:34 [INFO] : 正在获取 [国家信息安全漏洞库（CNNVD）] 威胁情报...
2022-02-18 17:27:55 [INFO] : 得到 [国家信息安全漏洞库（CNNVD）] 最新威胁情报 [0] 条
2022-02-18 17:27:55 [INFO] : --------------------------------------------
2022-02-18 17:27:55 [INFO] : ++++++++++++++++++++++++++++++++++++++++++++
2022-02-18 17:27:55 [INFO] : 正在获取 [Tenable (Nessus)] 威胁情报...
2022-02-18 17:27:56 [INFO] : 得到 [Tenable (Nessus)] 最新威胁情报 [0] 条
2022-02-18 17:27:56 [INFO] : --------------------------------------------
2022-02-18 17:30:39 [INFO] : ++++++++++++++++++++++++++++++++++++++++++++
2022-02-18 17:30:39 [INFO] : 正在获取 [数字观星POC++] 威胁情报...
2022-02-18 17:30:40 [INFO] : 得到 [数字观星POC++] 最新威胁情报 [0] 条
2022-02-18 17:30:40 [INFO] : --------------------------------------------
2022-02-18 17:30:40 [INFO] : ++++++++++++++++++++++++++++++++++++++++++++
2022-02-18 17:30:40 [INFO] : 正在获取 [阿里云] 威胁情报...
2022-02-18 17:30:41 [INFO] : 得到 [阿里云] 最新威胁情报 [0] 条
2022-02-18 17:30:41 [INFO] : --------------------------------------------
2022-02-18 17:30:41 [INFO] : ++++++++++++++++++++++++++++++++++++++++++++
2022-02-18 17:30:41 [INFO] : 正在获取 [360 网络安全响应中心] 威胁情报...
2022-02-18 17:30:42 [INFO] : 得到 [360 网络安全响应中心] 最新威胁情报 [0] 条
2022-02-18 17:30:42 [INFO] : --------------------------------------------
2022-02-18 17:30:42 [INFO] : ++++++++++++++++++++++++++++++++++++++++++++
2022-02-18 17:30:42 [INFO] : 正在获取 [绿盟] 威胁情报...
2022-02-18 17:30:47 [INFO] : 得到 [绿盟] 最新威胁情报 [0] 条
2022-02-18 17:30:47 [INFO] : --------------------------------------------
2022-02-18 17:30:47 [INFO] : ++++++++++++++++++++++++++++++++++++++++++++
2022-02-18 17:30:47 [INFO] : 正在获取 [奇安信] 威胁情报...
2022-02-18 17:30:52 [INFO] : 得到 [奇安信] 最新威胁情报 [0] 条
2022-02-18 17:30:52 [INFO] : --------------------------------------------
2022-02-18 17:30:52 [INFO] : ++++++++++++++++++++++++++++++++++++++++++++
2022-02-18 17:30:52 [INFO] : 正在获取 [红后] 威胁情报...
2022-02-18 17:30:53 [INFO] : 得到 [红后] 最新威胁情报 [0] 条
2022-02-18 17:30:53 [INFO] : --------------------------------------------
2022-02-18 17:30:53 [INFO] : ++++++++++++++++++++++++++++++++++++++++++++
2022-02-18 17:30:53 [INFO] : 正在获取 [斗象] 威胁情报...
2022-02-18 17:30:58 [INFO] : 得到 [斗象] 最新威胁情报 [0] 条
2022-02-18 17:30:58 [INFO] : --------------------------------------------
2022-02-18 17:30:58 [INFO] : ++++++++++++++++++++++++++++++++++++++++++++
2022-02-18 17:30:58 [INFO] : 正在获取 [美国国家漏洞数据库（NVD）] 威胁情报...
2022-02-18 17:30:59 [INFO] : 得到 [美国国家漏洞数据库（NVD）] 最新威胁情报 [0] 条
2022-02-18 17:30:59 [INFO] : --------------------------------------------
2022-02-18 17:30:59 [INFO] : ++++++++++++++++++++++++++++++++++++++++++++
2022-02-18 17:30:59 [INFO] : 正在获取 [国家信息安全漏洞共享平台（CNVD）] 威胁情报...
2022-02-18 17:31:17 [INFO] : 得到 [国家信息安全漏洞共享平台（CNVD）] 最新威胁情报 [0] 条
2022-02-18 17:31:17 [INFO] : --------------------------------------------
2022-02-18 17:31:17 [INFO] : ++++++++++++++++++++++++++++++++++++++++++++
2022-02-18 17:31:17 [INFO] : 正在获取 [国家信息安全漏洞库（CNNVD）] 威胁情报...
2022-02-18 17:31:39 [INFO] : 得到 [国家信息安全漏洞库（CNNVD）] 最新威胁情报 [0] 条
2022-02-18 17:31:39 [INFO] : --------------------------------------------
2022-02-18 17:31:39 [INFO] : ++++++++++++++++++++++++++++++++++++++++++++
2022-02-18 17:31:39 [INFO] : 正在获取 [Tenable (Nessus)] 威胁情报...
2022-02-18 17:31:39 [INFO] : 得到 [Tenable (Nessus)] 最新威胁情报 [0] 条
2022-02-18 17:31:39 [INFO] : --------------------------------------------
