2022-02-20 17:52:50 [INFO] : ++++++++++++++++++++++++++++++++++++++++++++
2022-02-20 17:52:50 [INFO] : 正在获取 [数字观星POC++] 威胁情报...
2022-02-20 17:52:52 [INFO] : 得到 [数字观星POC++] 最新威胁情报 [0] 条
2022-02-20 17:52:52 [INFO] : --------------------------------------------
2022-02-20 17:52:52 [INFO] : ++++++++++++++++++++++++++++++++++++++++++++
2022-02-20 17:52:52 [INFO] : 正在获取 [阿里云] 威胁情报...
2022-02-20 17:52:53 [INFO] : 得到 [阿里云] 最新威胁情报 [0] 条
2022-02-20 17:52:53 [INFO] : --------------------------------------------
2022-02-20 17:52:53 [INFO] : ++++++++++++++++++++++++++++++++++++++++++++
2022-02-20 17:52:53 [INFO] : 正在获取 [国家信息安全漏洞共享平台（CNVD）] 威胁情报...
2022-02-20 17:53:32 [INFO] : 得到 [国家信息安全漏洞共享平台（CNVD）] 最新威胁情报 [0] 条
2022-02-20 17:53:32 [INFO] : --------------------------------------------
2022-02-20 17:53:32 [INFO] : ++++++++++++++++++++++++++++++++++++++++++++
2022-02-20 17:53:32 [INFO] : 正在获取 [国家信息安全漏洞库（CNNVD）] 威胁情报...
2022-02-20 17:53:54 [INFO] : 得到 [国家信息安全漏洞库（CNNVD）] 最新威胁情报 [0] 条
2022-02-20 17:53:54 [INFO] : --------------------------------------------
2022-02-20 17:53:54 [INFO] : ++++++++++++++++++++++++++++++++++++++++++++
2022-02-20 17:53:54 [INFO] : 正在获取 [360 网络安全响应中心] 威胁情报...
2022-02-20 17:53:56 [INFO] : 得到 [360 网络安全响应中心] 最新威胁情报 [0] 条
2022-02-20 17:53:56 [INFO] : --------------------------------------------
2022-02-20 17:53:56 [INFO] : ++++++++++++++++++++++++++++++++++++++++++++
2022-02-20 17:53:56 [INFO] : 正在获取 [美国国家漏洞数据库（NVD）] 威胁情报...
2022-02-20 17:53:56 [INFO] : 得到 [美国国家漏洞数据库（NVD）] 最新威胁情报 [0] 条
2022-02-20 17:53:56 [INFO] : --------------------------------------------
2022-02-20 17:53:56 [INFO] : ++++++++++++++++++++++++++++++++++++++++++++
2022-02-20 17:53:56 [INFO] : 正在获取 [信息安全漏洞门户] 威胁情报...
2022-02-20 17:53:57 [INFO] : 得到 [信息安全漏洞门户] 最新威胁情报 [0] 条
2022-02-20 17:53:57 [INFO] : --------------------------------------------
2022-02-20 17:53:57 [INFO] : ++++++++++++++++++++++++++++++++++++++++++++
2022-02-20 17:53:57 [INFO] : 正在获取 [绿盟] 威胁情报...
2022-02-20 17:53:58 [INFO] : 得到 [绿盟] 最新威胁情报 [0] 条
2022-02-20 17:53:58 [INFO] : --------------------------------------------
2022-02-20 17:53:58 [INFO] : ++++++++++++++++++++++++++++++++++++++++++++
2022-02-20 17:53:58 [INFO] : 正在获取 [奇安信] 威胁情报...
2022-02-20 17:54:00 [INFO] : 得到 [奇安信] 最新威胁情报 [0] 条
2022-02-20 17:54:00 [INFO] : --------------------------------------------
2022-02-20 17:54:00 [INFO] : ++++++++++++++++++++++++++++++++++++++++++++
2022-02-20 17:54:00 [INFO] : 正在获取 [红后] 威胁情报...
2022-02-20 17:54:01 [INFO] : 得到 [红后] 最新威胁情报 [0] 条
2022-02-20 17:54:01 [INFO] : --------------------------------------------
2022-02-20 17:54:01 [INFO] : ++++++++++++++++++++++++++++++++++++++++++++
2022-02-20 17:54:01 [INFO] : 正在获取 [斗象] 威胁情报...
2022-02-20 17:54:07 [INFO] : 得到 [斗象] 最新威胁情报 [0] 条
2022-02-20 17:54:07 [INFO] : --------------------------------------------
2022-02-20 17:54:07 [INFO] : ++++++++++++++++++++++++++++++++++++++++++++
2022-02-20 17:54:07 [INFO] : 正在获取 [Tenable (Nessus)] 威胁情报...
2022-02-20 17:54:08 [INFO] : 得到 [Tenable (Nessus)] 最新威胁情报 [2] 条
2022-02-20 17:54:08 [INFO] : --------------------------------------------
2022-02-20 17:54:08 [INFO] : 
==============================================
[ TITLE ] Business Logic Errors in Packagist microweber/microweber prior to 1.2.11.
[ TIME  ] 2022-02-20 15:15:00
[ CVE   ] CVE-2022-0688
[ SRC   ] Tenable (Nessus)
[ URL   ] https://www.tenable.com/cve/CVE-2022-0688
2022-02-20 17:54:08 [INFO] : 
==============================================
[ TITLE ] Use of Out-of-range Pointer Offset in GitHub repository vim/vim prior to 8.2.4418.
[ TIME  ] 2022-02-20 11:15:00
[ CVE   ] CVE-2022-0685
[ SRC   ] Tenable (Nessus)
[ URL   ] https://www.tenable.com/cve/CVE-2022-0685
2022-02-20 17:54:08 [INFO] : [邮件] 正在通过 Github Actions 推送威胁情报...
2022-02-20 18:42:39 [INFO] : ++++++++++++++++++++++++++++++++++++++++++++
2022-02-20 18:42:39 [INFO] : 正在获取 [数字观星POC++] 威胁情报...
2022-02-20 18:42:40 [INFO] : 得到 [数字观星POC++] 最新威胁情报 [0] 条
2022-02-20 18:42:40 [INFO] : --------------------------------------------
2022-02-20 18:42:40 [INFO] : ++++++++++++++++++++++++++++++++++++++++++++
2022-02-20 18:42:40 [INFO] : 正在获取 [阿里云] 威胁情报...
2022-02-20 18:42:41 [INFO] : 得到 [阿里云] 最新威胁情报 [0] 条
2022-02-20 18:42:41 [INFO] : --------------------------------------------
2022-02-20 18:42:41 [INFO] : ++++++++++++++++++++++++++++++++++++++++++++
2022-02-20 18:42:41 [INFO] : 正在获取 [国家信息安全漏洞共享平台（CNVD）] 威胁情报...
2022-02-20 18:43:22 [INFO] : 得到 [国家信息安全漏洞共享平台（CNVD）] 最新威胁情报 [0] 条
2022-02-20 18:43:22 [INFO] : --------------------------------------------
2022-02-20 18:43:22 [INFO] : ++++++++++++++++++++++++++++++++++++++++++++
2022-02-20 18:43:22 [INFO] : 正在获取 [国家信息安全漏洞库（CNNVD）] 威胁情报...
2022-02-20 18:43:43 [INFO] : 得到 [国家信息安全漏洞库（CNNVD）] 最新威胁情报 [0] 条
2022-02-20 18:43:43 [INFO] : --------------------------------------------
2022-02-20 18:43:43 [INFO] : ++++++++++++++++++++++++++++++++++++++++++++
2022-02-20 18:43:43 [INFO] : 正在获取 [360 网络安全响应中心] 威胁情报...
2022-02-20 18:43:44 [INFO] : 得到 [360 网络安全响应中心] 最新威胁情报 [0] 条
2022-02-20 18:43:44 [INFO] : --------------------------------------------
2022-02-20 18:43:44 [INFO] : ++++++++++++++++++++++++++++++++++++++++++++
2022-02-20 18:43:44 [INFO] : 正在获取 [美国国家漏洞数据库（NVD）] 威胁情报...
2022-02-20 18:43:44 [INFO] : 得到 [美国国家漏洞数据库（NVD）] 最新威胁情报 [0] 条
2022-02-20 18:43:44 [INFO] : --------------------------------------------
2022-02-20 18:43:44 [INFO] : ++++++++++++++++++++++++++++++++++++++++++++
2022-02-20 18:43:44 [INFO] : 正在获取 [信息安全漏洞门户] 威胁情报...
2022-02-20 18:43:46 [INFO] : 得到 [信息安全漏洞门户] 最新威胁情报 [0] 条
2022-02-20 18:43:46 [INFO] : --------------------------------------------
2022-02-20 18:43:46 [INFO] : ++++++++++++++++++++++++++++++++++++++++++++
2022-02-20 18:43:46 [INFO] : 正在获取 [绿盟] 威胁情报...
2022-02-20 18:43:47 [INFO] : 得到 [绿盟] 最新威胁情报 [0] 条
2022-02-20 18:43:47 [INFO] : --------------------------------------------
2022-02-20 18:43:47 [INFO] : ++++++++++++++++++++++++++++++++++++++++++++
2022-02-20 18:43:47 [INFO] : 正在获取 [奇安信] 威胁情报...
2022-02-20 18:43:48 [INFO] : 得到 [奇安信] 最新威胁情报 [0] 条
2022-02-20 18:43:48 [INFO] : --------------------------------------------
2022-02-20 18:43:48 [INFO] : ++++++++++++++++++++++++++++++++++++++++++++
2022-02-20 18:43:48 [INFO] : 正在获取 [红后] 威胁情报...
2022-02-20 18:43:49 [INFO] : 得到 [红后] 最新威胁情报 [0] 条
2022-02-20 18:43:49 [INFO] : --------------------------------------------
2022-02-20 18:43:49 [INFO] : ++++++++++++++++++++++++++++++++++++++++++++
2022-02-20 18:43:49 [INFO] : 正在获取 [斗象] 威胁情报...
2022-02-20 18:43:55 [INFO] : 得到 [斗象] 最新威胁情报 [0] 条
2022-02-20 18:43:55 [INFO] : --------------------------------------------
2022-02-20 18:43:55 [INFO] : ++++++++++++++++++++++++++++++++++++++++++++
2022-02-20 18:43:55 [INFO] : 正在获取 [Tenable (Nessus)] 威胁情报...
2022-02-20 18:43:55 [INFO] : 得到 [Tenable (Nessus)] 最新威胁情报 [0] 条
2022-02-20 18:43:55 [INFO] : --------------------------------------------
2022-02-20 19:36:54 [INFO] : ++++++++++++++++++++++++++++++++++++++++++++
2022-02-20 19:36:54 [INFO] : 正在获取 [数字观星POC++] 威胁情报...
2022-02-20 19:36:55 [INFO] : 得到 [数字观星POC++] 最新威胁情报 [0] 条
2022-02-20 19:36:55 [INFO] : --------------------------------------------
2022-02-20 19:36:55 [INFO] : ++++++++++++++++++++++++++++++++++++++++++++
2022-02-20 19:36:55 [INFO] : 正在获取 [阿里云] 威胁情报...
2022-02-20 19:36:56 [INFO] : 得到 [阿里云] 最新威胁情报 [0] 条
2022-02-20 19:36:56 [INFO] : --------------------------------------------
2022-02-20 19:36:56 [INFO] : ++++++++++++++++++++++++++++++++++++++++++++
2022-02-20 19:36:56 [INFO] : 正在获取 [国家信息安全漏洞共享平台（CNVD）] 威胁情报...
2022-02-20 19:37:39 [INFO] : 得到 [国家信息安全漏洞共享平台（CNVD）] 最新威胁情报 [0] 条
2022-02-20 19:37:39 [INFO] : --------------------------------------------
2022-02-20 19:37:39 [INFO] : ++++++++++++++++++++++++++++++++++++++++++++
2022-02-20 19:37:39 [INFO] : 正在获取 [国家信息安全漏洞库（CNNVD）] 威胁情报...
2022-02-20 19:38:01 [INFO] : 得到 [国家信息安全漏洞库（CNNVD）] 最新威胁情报 [0] 条
2022-02-20 19:38:01 [INFO] : --------------------------------------------
2022-02-20 19:38:01 [INFO] : ++++++++++++++++++++++++++++++++++++++++++++
2022-02-20 19:38:01 [INFO] : 正在获取 [360 网络安全响应中心] 威胁情报...
2022-02-20 19:38:02 [INFO] : 得到 [360 网络安全响应中心] 最新威胁情报 [0] 条
2022-02-20 19:38:02 [INFO] : --------------------------------------------
2022-02-20 19:38:02 [INFO] : ++++++++++++++++++++++++++++++++++++++++++++
2022-02-20 19:38:02 [INFO] : 正在获取 [美国国家漏洞数据库（NVD）] 威胁情报...
2022-02-20 19:38:03 [INFO] : 得到 [美国国家漏洞数据库（NVD）] 最新威胁情报 [0] 条
2022-02-20 19:38:03 [INFO] : --------------------------------------------
2022-02-20 19:38:03 [INFO] : ++++++++++++++++++++++++++++++++++++++++++++
2022-02-20 19:38:03 [INFO] : 正在获取 [信息安全漏洞门户] 威胁情报...
2022-02-20 19:38:04 [INFO] : 得到 [信息安全漏洞门户] 最新威胁情报 [0] 条
2022-02-20 19:38:04 [INFO] : --------------------------------------------
2022-02-20 19:38:04 [INFO] : ++++++++++++++++++++++++++++++++++++++++++++
2022-02-20 19:38:04 [INFO] : 正在获取 [绿盟] 威胁情报...
2022-02-20 19:38:05 [INFO] : 得到 [绿盟] 最新威胁情报 [0] 条
2022-02-20 19:38:05 [INFO] : --------------------------------------------
2022-02-20 19:38:05 [INFO] : ++++++++++++++++++++++++++++++++++++++++++++
2022-02-20 19:38:05 [INFO] : 正在获取 [奇安信] 威胁情报...
2022-02-20 19:38:06 [INFO] : 得到 [奇安信] 最新威胁情报 [0] 条
2022-02-20 19:38:06 [INFO] : --------------------------------------------
2022-02-20 19:38:06 [INFO] : ++++++++++++++++++++++++++++++++++++++++++++
2022-02-20 19:38:06 [INFO] : 正在获取 [红后] 威胁情报...
2022-02-20 19:38:08 [INFO] : 得到 [红后] 最新威胁情报 [0] 条
2022-02-20 19:38:08 [INFO] : --------------------------------------------
2022-02-20 19:38:08 [INFO] : ++++++++++++++++++++++++++++++++++++++++++++
2022-02-20 19:38:08 [INFO] : 正在获取 [斗象] 威胁情报...
2022-02-20 19:38:14 [INFO] : 得到 [斗象] 最新威胁情报 [0] 条
2022-02-20 19:38:14 [INFO] : --------------------------------------------
2022-02-20 19:38:14 [INFO] : ++++++++++++++++++++++++++++++++++++++++++++
2022-02-20 19:38:14 [INFO] : 正在获取 [Tenable (Nessus)] 威胁情报...
2022-02-20 19:38:14 [INFO] : 得到 [Tenable (Nessus)] 最新威胁情报 [0] 条
2022-02-20 19:38:14 [INFO] : --------------------------------------------
2022-02-20 20:38:17 [INFO] : ++++++++++++++++++++++++++++++++++++++++++++
2022-02-20 20:38:17 [INFO] : 正在获取 [数字观星POC++] 威胁情报...
2022-02-20 20:38:19 [INFO] : 得到 [数字观星POC++] 最新威胁情报 [0] 条
2022-02-20 20:38:19 [INFO] : --------------------------------------------
2022-02-20 20:38:19 [INFO] : ++++++++++++++++++++++++++++++++++++++++++++
2022-02-20 20:38:19 [INFO] : 正在获取 [阿里云] 威胁情报...
2022-02-20 20:38:20 [INFO] : 得到 [阿里云] 最新威胁情报 [0] 条
2022-02-20 20:38:20 [INFO] : --------------------------------------------
2022-02-20 20:38:20 [INFO] : ++++++++++++++++++++++++++++++++++++++++++++
2022-02-20 20:38:20 [INFO] : 正在获取 [国家信息安全漏洞共享平台（CNVD）] 威胁情报...
2022-02-20 20:38:59 [INFO] : 得到 [国家信息安全漏洞共享平台（CNVD）] 最新威胁情报 [0] 条
2022-02-20 20:38:59 [INFO] : --------------------------------------------
2022-02-20 20:38:59 [INFO] : ++++++++++++++++++++++++++++++++++++++++++++
2022-02-20 20:38:59 [INFO] : 正在获取 [国家信息安全漏洞库（CNNVD）] 威胁情报...
2022-02-20 20:39:22 [INFO] : 得到 [国家信息安全漏洞库（CNNVD）] 最新威胁情报 [0] 条
2022-02-20 20:39:22 [INFO] : --------------------------------------------
2022-02-20 20:39:22 [INFO] : ++++++++++++++++++++++++++++++++++++++++++++
2022-02-20 20:39:22 [INFO] : 正在获取 [360 网络安全响应中心] 威胁情报...
2022-02-20 20:39:23 [INFO] : 得到 [360 网络安全响应中心] 最新威胁情报 [0] 条
2022-02-20 20:39:23 [INFO] : --------------------------------------------
2022-02-20 20:39:23 [INFO] : ++++++++++++++++++++++++++++++++++++++++++++
2022-02-20 20:39:23 [INFO] : 正在获取 [美国国家漏洞数据库（NVD）] 威胁情报...
2022-02-20 20:39:24 [INFO] : 得到 [美国国家漏洞数据库（NVD）] 最新威胁情报 [0] 条
2022-02-20 20:39:24 [INFO] : --------------------------------------------
2022-02-20 20:39:24 [INFO] : ++++++++++++++++++++++++++++++++++++++++++++
2022-02-20 20:39:24 [INFO] : 正在获取 [信息安全漏洞门户] 威胁情报...
2022-02-20 20:39:25 [INFO] : 得到 [信息安全漏洞门户] 最新威胁情报 [0] 条
2022-02-20 20:39:25 [INFO] : --------------------------------------------
2022-02-20 20:39:25 [INFO] : ++++++++++++++++++++++++++++++++++++++++++++
2022-02-20 20:39:25 [INFO] : 正在获取 [绿盟] 威胁情报...
2022-02-20 20:39:26 [INFO] : 得到 [绿盟] 最新威胁情报 [0] 条
2022-02-20 20:39:26 [INFO] : --------------------------------------------
2022-02-20 20:39:26 [INFO] : ++++++++++++++++++++++++++++++++++++++++++++
2022-02-20 20:39:26 [INFO] : 正在获取 [奇安信] 威胁情报...
2022-02-20 20:39:31 [INFO] : 得到 [奇安信] 最新威胁情报 [0] 条
2022-02-20 20:39:31 [INFO] : --------------------------------------------
2022-02-20 20:39:31 [INFO] : ++++++++++++++++++++++++++++++++++++++++++++
2022-02-20 20:39:31 [INFO] : 正在获取 [红后] 威胁情报...
2022-02-20 20:39:33 [INFO] : 得到 [红后] 最新威胁情报 [0] 条
2022-02-20 20:39:33 [INFO] : --------------------------------------------
2022-02-20 20:39:33 [INFO] : ++++++++++++++++++++++++++++++++++++++++++++
2022-02-20 20:39:33 [INFO] : 正在获取 [斗象] 威胁情报...
2022-02-20 20:39:39 [INFO] : 得到 [斗象] 最新威胁情报 [0] 条
2022-02-20 20:39:39 [INFO] : --------------------------------------------
2022-02-20 20:39:39 [INFO] : ++++++++++++++++++++++++++++++++++++++++++++
2022-02-20 20:39:39 [INFO] : 正在获取 [Tenable (Nessus)] 威胁情报...
2022-02-20 20:39:39 [INFO] : 得到 [Tenable (Nessus)] 最新威胁情报 [2] 条
2022-02-20 20:39:39 [INFO] : --------------------------------------------
2022-02-20 20:39:39 [INFO] : 
==============================================
[ TITLE ] An issue was discovered in Cobbler before 3.3.1. Files in /etc/cobbler are world readable. Two of those files contain some sensitive information that can be exposed to a local user who has non-privileged access to the server. The users.digest file contains the sha2-512 digest of users in a Cobbler local installation. In the case of an easy-to-guess password, it's trivial to obtain the plaintext string. The settings.yaml file contains secrets such as the hashed default password.
[ TIME  ] 2022-02-20 18:15:00
[ CVE   ] CVE-2021-45083
[ SRC   ] Tenable (Nessus)
[ URL   ] https://www.tenable.com/cve/CVE-2021-45083
2022-02-20 20:39:39 [INFO] : 
==============================================
[ TITLE ] An issue was discovered in Cobbler through 3.3.1. Routines in several files use the HTTP protocol instead of the more secure HTTPS.
[ TIME  ] 2022-02-20 18:15:00
[ CVE   ] CVE-2021-45081
[ SRC   ] Tenable (Nessus)
[ URL   ] https://www.tenable.com/cve/CVE-2021-45081
2022-02-20 20:39:39 [INFO] : [邮件] 正在通过 Github Actions 推送威胁情报...
2022-02-20 21:37:07 [INFO] : ++++++++++++++++++++++++++++++++++++++++++++
2022-02-20 21:37:07 [INFO] : 正在获取 [数字观星POC++] 威胁情报...
2022-02-20 21:37:08 [INFO] : 得到 [数字观星POC++] 最新威胁情报 [0] 条
2022-02-20 21:37:08 [INFO] : --------------------------------------------
2022-02-20 21:37:08 [INFO] : ++++++++++++++++++++++++++++++++++++++++++++
2022-02-20 21:37:08 [INFO] : 正在获取 [阿里云] 威胁情报...
2022-02-20 21:37:09 [INFO] : 得到 [阿里云] 最新威胁情报 [0] 条
2022-02-20 21:37:09 [INFO] : --------------------------------------------
2022-02-20 21:37:09 [INFO] : ++++++++++++++++++++++++++++++++++++++++++++
2022-02-20 21:37:09 [INFO] : 正在获取 [国家信息安全漏洞共享平台（CNVD）] 威胁情报...
2022-02-20 21:37:42 [INFO] : 得到 [国家信息安全漏洞共享平台（CNVD）] 最新威胁情报 [0] 条
2022-02-20 21:37:42 [INFO] : --------------------------------------------
2022-02-20 21:37:42 [INFO] : ++++++++++++++++++++++++++++++++++++++++++++
2022-02-20 21:37:42 [INFO] : 正在获取 [国家信息安全漏洞库（CNNVD）] 威胁情报...
2022-02-20 21:38:04 [INFO] : 得到 [国家信息安全漏洞库（CNNVD）] 最新威胁情报 [0] 条
2022-02-20 21:38:04 [INFO] : --------------------------------------------
2022-02-20 21:38:04 [INFO] : ++++++++++++++++++++++++++++++++++++++++++++
2022-02-20 21:38:04 [INFO] : 正在获取 [360 网络安全响应中心] 威胁情报...
2022-02-20 21:38:05 [INFO] : 得到 [360 网络安全响应中心] 最新威胁情报 [0] 条
2022-02-20 21:38:05 [INFO] : --------------------------------------------
2022-02-20 21:38:05 [INFO] : ++++++++++++++++++++++++++++++++++++++++++++
2022-02-20 21:38:05 [INFO] : 正在获取 [美国国家漏洞数据库（NVD）] 威胁情报...
2022-02-20 21:38:06 [INFO] : 得到 [美国国家漏洞数据库（NVD）] 最新威胁情报 [0] 条
2022-02-20 21:38:06 [INFO] : --------------------------------------------
2022-02-20 21:38:06 [INFO] : ++++++++++++++++++++++++++++++++++++++++++++
2022-02-20 21:38:06 [INFO] : 正在获取 [信息安全漏洞门户] 威胁情报...
2022-02-20 21:38:08 [INFO] : 得到 [信息安全漏洞门户] 最新威胁情报 [0] 条
2022-02-20 21:38:08 [INFO] : --------------------------------------------
2022-02-20 21:38:08 [INFO] : ++++++++++++++++++++++++++++++++++++++++++++
2022-02-20 21:38:08 [INFO] : 正在获取 [绿盟] 威胁情报...
2022-02-20 21:38:08 [INFO] : 得到 [绿盟] 最新威胁情报 [0] 条
2022-02-20 21:38:08 [INFO] : --------------------------------------------
2022-02-20 21:38:08 [INFO] : ++++++++++++++++++++++++++++++++++++++++++++
2022-02-20 21:38:08 [INFO] : 正在获取 [奇安信] 威胁情报...
2022-02-20 21:38:13 [INFO] : 得到 [奇安信] 最新威胁情报 [0] 条
2022-02-20 21:38:13 [INFO] : --------------------------------------------
2022-02-20 21:38:13 [INFO] : ++++++++++++++++++++++++++++++++++++++++++++
2022-02-20 21:38:13 [INFO] : 正在获取 [红后] 威胁情报...
2022-02-20 21:38:14 [INFO] : 得到 [红后] 最新威胁情报 [0] 条
2022-02-20 21:38:14 [INFO] : --------------------------------------------
2022-02-20 21:38:14 [INFO] : ++++++++++++++++++++++++++++++++++++++++++++
2022-02-20 21:38:14 [INFO] : 正在获取 [斗象] 威胁情报...
2022-02-20 21:38:20 [INFO] : 得到 [斗象] 最新威胁情报 [0] 条
2022-02-20 21:38:20 [INFO] : --------------------------------------------
2022-02-20 21:38:20 [INFO] : ++++++++++++++++++++++++++++++++++++++++++++
2022-02-20 21:38:20 [INFO] : 正在获取 [Tenable (Nessus)] 威胁情报...
2022-02-20 21:38:20 [INFO] : 得到 [Tenable (Nessus)] 最新威胁情报 [0] 条
2022-02-20 21:38:20 [INFO] : --------------------------------------------
2022-02-20 22:38:09 [INFO] : ++++++++++++++++++++++++++++++++++++++++++++
2022-02-20 22:38:09 [INFO] : 正在获取 [数字观星POC++] 威胁情报...
2022-02-20 22:38:10 [INFO] : 得到 [数字观星POC++] 最新威胁情报 [0] 条
2022-02-20 22:38:10 [INFO] : --------------------------------------------
2022-02-20 22:38:10 [INFO] : ++++++++++++++++++++++++++++++++++++++++++++
2022-02-20 22:38:10 [INFO] : 正在获取 [阿里云] 威胁情报...
2022-02-20 22:38:11 [INFO] : 得到 [阿里云] 最新威胁情报 [0] 条
2022-02-20 22:38:11 [INFO] : --------------------------------------------
2022-02-20 22:38:11 [INFO] : ++++++++++++++++++++++++++++++++++++++++++++
2022-02-20 22:38:11 [INFO] : 正在获取 [国家信息安全漏洞共享平台（CNVD）] 威胁情报...
2022-02-20 22:38:41 [INFO] : 得到 [国家信息安全漏洞共享平台（CNVD）] 最新威胁情报 [0] 条
2022-02-20 22:38:41 [INFO] : --------------------------------------------
2022-02-20 22:38:41 [INFO] : ++++++++++++++++++++++++++++++++++++++++++++
2022-02-20 22:38:41 [INFO] : 正在获取 [国家信息安全漏洞库（CNNVD）] 威胁情报...
2022-02-20 22:39:02 [INFO] : 得到 [国家信息安全漏洞库（CNNVD）] 最新威胁情报 [0] 条
2022-02-20 22:39:02 [INFO] : --------------------------------------------
2022-02-20 22:39:02 [INFO] : ++++++++++++++++++++++++++++++++++++++++++++
2022-02-20 22:39:02 [INFO] : 正在获取 [360 网络安全响应中心] 威胁情报...
2022-02-20 22:39:03 [INFO] : 得到 [360 网络安全响应中心] 最新威胁情报 [0] 条
2022-02-20 22:39:03 [INFO] : --------------------------------------------
2022-02-20 22:39:03 [INFO] : ++++++++++++++++++++++++++++++++++++++++++++
2022-02-20 22:39:03 [INFO] : 正在获取 [美国国家漏洞数据库（NVD）] 威胁情报...
2022-02-20 22:39:03 [INFO] : 得到 [美国国家漏洞数据库（NVD）] 最新威胁情报 [0] 条
2022-02-20 22:39:03 [INFO] : --------------------------------------------
2022-02-20 22:39:03 [INFO] : ++++++++++++++++++++++++++++++++++++++++++++
2022-02-20 22:39:03 [INFO] : 正在获取 [信息安全漏洞门户] 威胁情报...
2022-02-20 22:39:05 [INFO] : 得到 [信息安全漏洞门户] 最新威胁情报 [0] 条
2022-02-20 22:39:05 [INFO] : --------------------------------------------
2022-02-20 22:39:05 [INFO] : ++++++++++++++++++++++++++++++++++++++++++++
2022-02-20 22:39:05 [INFO] : 正在获取 [绿盟] 威胁情报...
2022-02-20 22:39:06 [INFO] : 得到 [绿盟] 最新威胁情报 [0] 条
2022-02-20 22:39:06 [INFO] : --------------------------------------------
2022-02-20 22:39:06 [INFO] : ++++++++++++++++++++++++++++++++++++++++++++
2022-02-20 22:39:06 [INFO] : 正在获取 [奇安信] 威胁情报...
2022-02-20 22:39:11 [INFO] : 得到 [奇安信] 最新威胁情报 [0] 条
2022-02-20 22:39:11 [INFO] : --------------------------------------------
2022-02-20 22:39:11 [INFO] : ++++++++++++++++++++++++++++++++++++++++++++
2022-02-20 22:39:11 [INFO] : 正在获取 [红后] 威胁情报...
2022-02-20 22:39:12 [INFO] : 得到 [红后] 最新威胁情报 [0] 条
2022-02-20 22:39:12 [INFO] : --------------------------------------------
2022-02-20 22:39:12 [INFO] : ++++++++++++++++++++++++++++++++++++++++++++
2022-02-20 22:39:12 [INFO] : 正在获取 [斗象] 威胁情报...
2022-02-20 22:39:27 [INFO] : 得到 [斗象] 最新威胁情报 [0] 条
2022-02-20 22:39:27 [INFO] : --------------------------------------------
2022-02-20 22:39:27 [INFO] : ++++++++++++++++++++++++++++++++++++++++++++
2022-02-20 22:39:27 [INFO] : 正在获取 [Tenable (Nessus)] 威胁情报...
2022-02-20 22:39:27 [INFO] : 得到 [Tenable (Nessus)] 最新威胁情报 [0] 条
2022-02-20 22:39:27 [INFO] : --------------------------------------------
2022-02-20 23:38:01 [INFO] : ++++++++++++++++++++++++++++++++++++++++++++
2022-02-20 23:38:01 [INFO] : 正在获取 [数字观星POC++] 威胁情报...
2022-02-20 23:38:02 [INFO] : 得到 [数字观星POC++] 最新威胁情报 [0] 条
2022-02-20 23:38:02 [INFO] : --------------------------------------------
2022-02-20 23:38:02 [INFO] : ++++++++++++++++++++++++++++++++++++++++++++
2022-02-20 23:38:02 [INFO] : 正在获取 [阿里云] 威胁情报...
2022-02-20 23:38:03 [INFO] : 得到 [阿里云] 最新威胁情报 [0] 条
2022-02-20 23:38:03 [INFO] : --------------------------------------------
2022-02-20 23:38:03 [INFO] : ++++++++++++++++++++++++++++++++++++++++++++
2022-02-20 23:38:03 [INFO] : 正在获取 [国家信息安全漏洞共享平台（CNVD）] 威胁情报...
2022-02-20 23:38:40 [INFO] : 得到 [国家信息安全漏洞共享平台（CNVD）] 最新威胁情报 [0] 条
2022-02-20 23:38:40 [INFO] : --------------------------------------------
2022-02-20 23:38:40 [INFO] : ++++++++++++++++++++++++++++++++++++++++++++
2022-02-20 23:38:40 [INFO] : 正在获取 [国家信息安全漏洞库（CNNVD）] 威胁情报...
2022-02-20 23:39:00 [INFO] : 得到 [国家信息安全漏洞库（CNNVD）] 最新威胁情报 [0] 条
2022-02-20 23:39:00 [INFO] : --------------------------------------------
2022-02-20 23:39:00 [INFO] : ++++++++++++++++++++++++++++++++++++++++++++
2022-02-20 23:39:00 [INFO] : 正在获取 [360 网络安全响应中心] 威胁情报...
2022-02-20 23:39:01 [INFO] : 得到 [360 网络安全响应中心] 最新威胁情报 [0] 条
2022-02-20 23:39:01 [INFO] : --------------------------------------------
2022-02-20 23:39:01 [INFO] : ++++++++++++++++++++++++++++++++++++++++++++
2022-02-20 23:39:01 [INFO] : 正在获取 [美国国家漏洞数据库（NVD）] 威胁情报...
2022-02-20 23:39:02 [INFO] : 得到 [美国国家漏洞数据库（NVD）] 最新威胁情报 [0] 条
2022-02-20 23:39:02 [INFO] : --------------------------------------------
2022-02-20 23:39:02 [INFO] : ++++++++++++++++++++++++++++++++++++++++++++
2022-02-20 23:39:02 [INFO] : 正在获取 [信息安全漏洞门户] 威胁情报...
2022-02-20 23:39:03 [INFO] : 得到 [信息安全漏洞门户] 最新威胁情报 [0] 条
2022-02-20 23:39:03 [INFO] : --------------------------------------------
2022-02-20 23:39:03 [INFO] : ++++++++++++++++++++++++++++++++++++++++++++
2022-02-20 23:39:03 [INFO] : 正在获取 [绿盟] 威胁情报...
2022-02-20 23:39:05 [INFO] : 得到 [绿盟] 最新威胁情报 [0] 条
2022-02-20 23:39:05 [INFO] : --------------------------------------------
2022-02-20 23:39:05 [INFO] : ++++++++++++++++++++++++++++++++++++++++++++
2022-02-20 23:39:05 [INFO] : 正在获取 [奇安信] 威胁情报...
2022-02-20 23:39:10 [INFO] : 得到 [奇安信] 最新威胁情报 [0] 条
2022-02-20 23:39:10 [INFO] : --------------------------------------------
2022-02-20 23:39:10 [INFO] : ++++++++++++++++++++++++++++++++++++++++++++
2022-02-20 23:39:10 [INFO] : 正在获取 [红后] 威胁情报...
2022-02-20 23:39:11 [INFO] : 得到 [红后] 最新威胁情报 [0] 条
2022-02-20 23:39:11 [INFO] : --------------------------------------------
2022-02-20 23:39:11 [INFO] : ++++++++++++++++++++++++++++++++++++++++++++
2022-02-20 23:39:11 [INFO] : 正在获取 [斗象] 威胁情报...
2022-02-20 23:39:16 [INFO] : 得到 [斗象] 最新威胁情报 [0] 条
2022-02-20 23:39:16 [INFO] : --------------------------------------------
2022-02-20 23:39:16 [INFO] : ++++++++++++++++++++++++++++++++++++++++++++
2022-02-20 23:39:16 [INFO] : 正在获取 [Tenable (Nessus)] 威胁情报...
2022-02-20 23:39:17 [INFO] : 得到 [Tenable (Nessus)] 最新威胁情报 [6] 条
2022-02-20 23:39:17 [INFO] : --------------------------------------------
2022-02-20 23:39:17 [INFO] : 
==============================================
[ TITLE ] An issue was discovered in drivers/usb/gadget/function/rndis.c in the Linux kernel before 5.16.10. The RNDIS USB gadget lacks validation of the size of the RNDIS_MSG_SET command. Attackers can obtain sensitive information from kernel memory.
[ TIME  ] 2022-02-20 20:15:00
[ CVE   ] CVE-2022-25375
[ SRC   ] Tenable (Nessus)
[ URL   ] https://www.tenable.com/cve/CVE-2022-25375
2022-02-20 23:39:17 [INFO] : 
==============================================
[ TITLE ] Pritunl Client through 1.2.3019.52 on Windows allows local privilege escalation, related to an ACL entry for CREATOR OWNER in platform_windows.go.
[ TIME  ] 2022-02-20 20:15:00
[ CVE   ] CVE-2022-25372
[ SRC   ] Tenable (Nessus)
[ URL   ] https://www.tenable.com/cve/CVE-2022-25372
2022-02-20 23:39:17 [INFO] : 
==============================================
[ TITLE ] In Alluxio before 2.7.3, the logserver does not validate the input stream. NOTE: this is not the same as the CVE-2021-44228 Log4j vulnerability.
[ TIME  ] 2022-02-20 19:15:00
[ CVE   ] CVE-2022-23848
[ SRC   ] Tenable (Nessus)
[ URL   ] https://www.tenable.com/cve/CVE-2022-23848
2022-02-20 23:39:17 [INFO] : 
==============================================
[ TITLE ] Openmct versions 1.3.0 to 1.7.7 are vulnerable against stored XSS via the “Summary Widget” element, that allows the injection of malicious JavaScript into the ‘URL’ field. This issue affects: nasa openmct 1.7.7 version and prior versions; 1.3.0 version and later versions.
[ TIME  ] 2022-02-20 19:15:00
[ CVE   ] CVE-2022-23054
[ SRC   ] Tenable (Nessus)
[ URL   ] https://www.tenable.com/cve/CVE-2022-23054
2022-02-20 23:39:17 [INFO] : 
==============================================
[ TITLE ] Openmct versions 1.3.0 to 1.7.7 are vulnerable against stored XSS via the “Condition Widget” element, that allows the injection of malicious JavaScript into the ‘URL’ field. This issue affects: nasa openmct 1.7.7 version and prior versions; 1.3.0 version and later versions.
[ TIME  ] 2022-02-20 19:15:00
[ CVE   ] CVE-2022-23053
[ SRC   ] Tenable (Nessus)
[ URL   ] https://www.tenable.com/cve/CVE-2022-23053
2022-02-20 23:39:17 [INFO] : 
==============================================
[ TITLE ] Openmct versions 1.3.0 to 1.7.7 are vulnerable against stored XSS via the “Web Page” element, that allows the injection of malicious JavaScript into the ‘URL’ field. This issue affects: nasa openmct 1.7.7 version and prior versions; 1.3.0 version and later versions.
[ TIME  ] 2022-02-20 19:15:00
[ CVE   ] CVE-2022-22126
[ SRC   ] Tenable (Nessus)
[ URL   ] https://www.tenable.com/cve/CVE-2022-22126
2022-02-20 23:39:17 [INFO] : [邮件] 正在通过 Github Actions 推送威胁情报...
2022-02-21 01:41:24 [INFO] : ++++++++++++++++++++++++++++++++++++++++++++
2022-02-21 01:41:24 [INFO] : 正在获取 [数字观星POC++] 威胁情报...
2022-02-21 01:41:25 [INFO] : 得到 [数字观星POC++] 最新威胁情报 [0] 条
2022-02-21 01:41:25 [INFO] : --------------------------------------------
2022-02-21 01:41:25 [INFO] : ++++++++++++++++++++++++++++++++++++++++++++
2022-02-21 01:41:25 [INFO] : 正在获取 [阿里云] 威胁情报...
2022-02-21 01:41:26 [INFO] : 得到 [阿里云] 最新威胁情报 [0] 条
2022-02-21 01:41:26 [INFO] : --------------------------------------------
2022-02-21 01:41:26 [INFO] : ++++++++++++++++++++++++++++++++++++++++++++
2022-02-21 01:41:26 [INFO] : 正在获取 [国家信息安全漏洞共享平台（CNVD）] 威胁情报...
2022-02-21 01:42:06 [INFO] : 得到 [国家信息安全漏洞共享平台（CNVD）] 最新威胁情报 [0] 条
2022-02-21 01:42:06 [INFO] : --------------------------------------------
2022-02-21 01:42:06 [INFO] : ++++++++++++++++++++++++++++++++++++++++++++
2022-02-21 01:42:06 [INFO] : 正在获取 [国家信息安全漏洞库（CNNVD）] 威胁情报...
2022-02-21 01:42:29 [INFO] : 得到 [国家信息安全漏洞库（CNNVD）] 最新威胁情报 [0] 条
2022-02-21 01:42:29 [INFO] : --------------------------------------------
2022-02-21 01:42:29 [INFO] : ++++++++++++++++++++++++++++++++++++++++++++
2022-02-21 01:42:29 [INFO] : 正在获取 [360 网络安全响应中心] 威胁情报...
2022-02-21 01:42:31 [INFO] : 得到 [360 网络安全响应中心] 最新威胁情报 [0] 条
2022-02-21 01:42:31 [INFO] : --------------------------------------------
2022-02-21 01:42:31 [INFO] : ++++++++++++++++++++++++++++++++++++++++++++
2022-02-21 01:42:31 [INFO] : 正在获取 [美国国家漏洞数据库（NVD）] 威胁情报...
2022-02-21 01:42:31 [INFO] : 得到 [美国国家漏洞数据库（NVD）] 最新威胁情报 [0] 条
2022-02-21 01:42:31 [INFO] : --------------------------------------------
2022-02-21 01:42:31 [INFO] : ++++++++++++++++++++++++++++++++++++++++++++
2022-02-21 01:42:31 [INFO] : 正在获取 [信息安全漏洞门户] 威胁情报...
2022-02-21 01:42:33 [INFO] : 得到 [信息安全漏洞门户] 最新威胁情报 [0] 条
2022-02-21 01:42:33 [INFO] : --------------------------------------------
2022-02-21 01:42:33 [INFO] : ++++++++++++++++++++++++++++++++++++++++++++
2022-02-21 01:42:33 [INFO] : 正在获取 [绿盟] 威胁情报...
2022-02-21 01:42:34 [INFO] : 得到 [绿盟] 最新威胁情报 [0] 条
2022-02-21 01:42:34 [INFO] : --------------------------------------------
2022-02-21 01:42:34 [INFO] : ++++++++++++++++++++++++++++++++++++++++++++
2022-02-21 01:42:34 [INFO] : 正在获取 [奇安信] 威胁情报...
2022-02-21 01:42:39 [INFO] : 得到 [奇安信] 最新威胁情报 [0] 条
2022-02-21 01:42:39 [INFO] : --------------------------------------------
2022-02-21 01:42:39 [INFO] : ++++++++++++++++++++++++++++++++++++++++++++
2022-02-21 01:42:39 [INFO] : 正在获取 [红后] 威胁情报...
2022-02-21 01:42:40 [INFO] : 得到 [红后] 最新威胁情报 [0] 条
2022-02-21 01:42:40 [INFO] : --------------------------------------------
2022-02-21 01:42:40 [INFO] : ++++++++++++++++++++++++++++++++++++++++++++
2022-02-21 01:42:40 [INFO] : 正在获取 [斗象] 威胁情报...
2022-02-21 01:42:46 [INFO] : 得到 [斗象] 最新威胁情报 [0] 条
2022-02-21 01:42:46 [INFO] : --------------------------------------------
2022-02-21 01:42:46 [INFO] : ++++++++++++++++++++++++++++++++++++++++++++
2022-02-21 01:42:46 [INFO] : 正在获取 [Tenable (Nessus)] 威胁情报...
2022-02-21 01:42:46 [INFO] : 得到 [Tenable (Nessus)] 最新威胁情报 [1] 条
2022-02-21 01:42:46 [INFO] : --------------------------------------------
2022-02-21 01:42:46 [INFO] : 
==============================================
[ TITLE ] PreMiD 2.2.0 allows unintended access via the websocket transport. An attacker can receive events from a socket and emit events to a socket, potentially interfering with a victim's "now playing" status on Discord.
[ TIME  ] 2022-02-20 21:15:00
[ CVE   ] CVE-2021-46701
[ SRC   ] Tenable (Nessus)
[ URL   ] https://www.tenable.com/cve/CVE-2021-46701
2022-02-21 01:42:46 [INFO] : [邮件] 正在通过 Github Actions 推送威胁情报...
2022-02-21 02:46:34 [INFO] : ++++++++++++++++++++++++++++++++++++++++++++
2022-02-21 02:46:34 [INFO] : 正在获取 [数字观星POC++] 威胁情报...
2022-02-21 02:46:36 [INFO] : 得到 [数字观星POC++] 最新威胁情报 [28] 条
2022-02-21 02:46:36 [INFO] : --------------------------------------------
2022-02-21 02:46:36 [INFO] : 
==============================================
[ TITLE ] Panabit Panalog singleuser_action.php 存在任意用户创建漏洞
[ TIME  ] 2022-02-21 10:06:23
[ CVE   ] 
[ SRC   ] 数字观星POC++
[ URL   ] https://poc.shuziguanxing.com/#/publicIssueInfo#issueId=5511
2022-02-21 02:46:36 [INFO] : 
==============================================
[ TITLE ] Zabbix 存在登录绕过漏洞
[ TIME  ] 2022-02-18 19:18:31
[ CVE   ] CVE-2022-23131
[ SRC   ] 数字观星POC++
[ URL   ] https://poc.shuziguanxing.com/#/publicIssueInfo#issueId=5509
2022-02-21 02:46:36 [INFO] : 
==============================================
[ TITLE ] Evolucare Ecsimaging finish.php_sql 存在SQL注入漏洞
[ TIME  ] 2022-02-18 17:09:25
[ CVE   ] 
[ SRC   ] 数字观星POC++
[ URL   ] https://poc.shuziguanxing.com/#/publicIssueInfo#issueId=5508
2022-02-21 02:46:36 [INFO] : 
==============================================
[ TITLE ] Evolucare Ecsimaging download_stats_dicom.php 存在文件读取漏洞
[ TIME  ] 2022-02-18 17:03:20
[ CVE   ] 
[ SRC   ] 数字观星POC++
[ URL   ] https://poc.shuziguanxing.com/#/publicIssueInfo#issueId=5507
2022-02-21 02:46:36 [INFO] : 
==============================================
[ TITLE ] Microweber 存在信息泄露漏洞
[ TIME  ] 2022-02-18 16:29:53
[ CVE   ] CVE-2022-0281
[ SRC   ] 数字观星POC++
[ URL   ] https://poc.shuziguanxing.com/#/publicIssueInfo#issueId=5506
2022-02-21 02:46:36 [INFO] : 
==============================================
[ TITLE ] phpmyadmin /setup/ 存在未授权访问漏洞
[ TIME  ] 2022-02-18 15:21:35
[ CVE   ] 
[ SRC   ] 数字观星POC++
[ URL   ] https://poc.shuziguanxing.com/#/publicIssueInfo#issueId=5505
2022-02-21 02:46:36 [INFO] : 
==============================================
[ TITLE ] Evolucare Ecsimaging /new_movie.php 存在命令执行漏洞
[ TIME  ] 2022-02-18 15:50:51
[ CVE   ] 
[ SRC   ] 数字观星POC++
[ URL   ] https://poc.shuziguanxing.com/#/publicIssueInfo#issueId=5504
2022-02-21 02:46:36 [INFO] : 
==============================================
[ TITLE ] Amcrest IP Camera Web 存在敏感泄露漏洞
[ TIME  ] 2022-02-18 11:15:04
[ CVE   ] CVE-2017-8229
[ SRC   ] 数字观星POC++
[ URL   ] https://poc.shuziguanxing.com/#/publicIssueInfo#issueId=5494
2022-02-21 02:46:36 [INFO] : 
==============================================
[ TITLE ] MCMS search.do 存在SQL注入漏洞
[ TIME  ] 2022-02-16 18:43:10
[ CVE   ] 
[ SRC   ] 数字观星POC++
[ URL   ] https://poc.shuziguanxing.com/#/publicIssueInfo#issueId=5480
2022-02-21 02:46:36 [INFO] : 
==============================================
[ TITLE ] PB-CMS 存在反序列化漏洞
[ TIME  ] 2022-02-16 18:04:46
[ CVE   ] 
[ SRC   ] 数字观星POC++
[ URL   ] https://poc.shuziguanxing.com/#/publicIssueInfo#issueId=5471
2022-02-21 02:46:36 [INFO] : 
==============================================
[ TITLE ] 北京中成科信 综合管理平台 TicketsSellMainHandler.ashx 存在SQL注入漏洞
[ TIME  ] 2022-02-16 15:19:08
[ CVE   ] 
[ SRC   ] 数字观星POC++
[ URL   ] https://poc.shuziguanxing.com/#/publicIssueInfo#issueId=5459
2022-02-21 02:46:36 [INFO] : 
==============================================
[ TITLE ] 智跃软件 人力资源管理系统 GenerateEntityFromTable.aspx 存在SQL注入漏洞
[ TIME  ] 2022-02-16 15:11:18
[ CVE   ] 
[ SRC   ] 数字观星POC++
[ URL   ] https://poc.shuziguanxing.com/#/publicIssueInfo#issueId=5458
2022-02-21 02:46:36 [INFO] : 
==============================================
[ TITLE ] 云翌IP呼叫中心 CheckCti 存在SQL注入漏洞
[ TIME  ] 2022-02-16 15:05:09
[ CVE   ] 
[ SRC   ] 数字观星POC++
[ URL   ] https://poc.shuziguanxing.com/#/publicIssueInfo#issueId=5457
2022-02-21 02:46:36 [INFO] : 
==============================================
[ TITLE ] 易全科技 EQ企业管理系统 /Account/Login 存在SQL注入漏洞
[ TIME  ] 2022-02-16 14:31:57
[ CVE   ] 
[ SRC   ] 数字观星POC++
[ URL   ] https://poc.shuziguanxing.com/#/publicIssueInfo#issueId=5456
2022-02-21 02:46:36 [INFO] : 
==============================================
[ TITLE ] 雄伟科技 智慧餐饮云平台 PosListJson 存在SQL注入漏洞
[ TIME  ] 2022-02-16 14:07:12
[ CVE   ] 
[ SRC   ] 数字观星POC++
[ URL   ] https://poc.shuziguanxing.com/#/publicIssueInfo#issueId=5455
2022-02-21 02:46:36 [INFO] : 
==============================================
[ TITLE ] 新天科技 智能表综合管理系统 ClientEnvironmentInfoMain.aspx 存在SQL注入漏洞
[ TIME  ] 2022-02-16 13:52:29
[ CVE   ] 
[ SRC   ] 数字观星POC++
[ URL   ] https://poc.shuziguanxing.com/#/publicIssueInfo#issueId=5454
2022-02-21 02:46:36 [INFO] : 
==============================================
[ TITLE ] 新华通软件 检测业务管理云平台 DownLoadFile.aspx 存在任意文件读取漏洞
[ TIME  ] 2022-02-16 13:43:34
[ CVE   ] 
[ SRC   ] 数字观星POC++
[ URL   ] https://poc.shuziguanxing.com/#/publicIssueInfo#issueId=5453
2022-02-21 02:46:36 [INFO] : 
==============================================
[ TITLE ] 新华通软件 检测业务管理云平台 ChannelViewMsg.aspx 存在SQL注入漏洞
[ TIME  ] 2022-02-16 11:28:39
[ CVE   ] 
[ SRC   ] 数字观星POC++
[ URL   ] https://poc.shuziguanxing.com/#/publicIssueInfo#issueId=5452
2022-02-21 02:46:36 [INFO] : 
==============================================
[ TITLE ] 新华通软件 检测业务管理云平台 MobileAppUpImage.ashx存在任意文件上传漏洞
[ TIME  ] 2022-02-16 10:29:17
[ CVE   ] 
[ SRC   ] 数字观星POC++
[ URL   ] https://poc.shuziguanxing.com/#/publicIssueInfo#issueId=5451
2022-02-21 02:46:36 [INFO] : 
==============================================
[ TITLE ] IBM WebSphere Portal 存在SSRF漏洞
[ TIME  ] 2022-02-16 17:48:07
[ CVE   ] 
[ SRC   ] 数字观星POC++
[ URL   ] https://poc.shuziguanxing.com/#/publicIssueInfo#issueId=5450
2022-02-21 02:46:36 [INFO] : 
==============================================
[ TITLE ] Commvault CommCell 存在认证绕过与任意文件下载漏洞
[ TIME  ] 2022-02-15 18:01:47
[ CVE   ] CVE-2021-34993
[ SRC   ] 数字观星POC++
[ URL   ] https://poc.shuziguanxing.com/#/publicIssueInfo#issueId=5449
2022-02-21 02:46:36 [INFO] : 
==============================================
[ TITLE ] SearchBlox 存在本地文件包含漏洞
[ TIME  ] 2022-02-15 15:56:09
[ CVE   ] CVE-2020-35580
[ SRC   ] 数字观星POC++
[ URL   ] https://poc.shuziguanxing.com/#/publicIssueInfo#issueId=5441
2022-02-21 02:46:36 [INFO] : 
==============================================
[ TITLE ] 飞思网巡 /tools/tracert.php 存在命令执行漏洞
[ TIME  ] 2022-02-15 15:04:07
[ CVE   ] 
[ SRC   ] 数字观星POC++
[ URL   ] https://poc.shuziguanxing.com/#/publicIssueInfo#issueId=5440
2022-02-21 02:46:36 [INFO] : 
==============================================
[ TITLE ] 飞思网巡 autoDiscover.php 存在命令执行漏洞
[ TIME  ] 2022-02-14 14:26:04
[ CVE   ] 
[ SRC   ] 数字观星POC++
[ URL   ] https://poc.shuziguanxing.com/#/publicIssueInfo#issueId=5439
2022-02-21 02:46:36 [INFO] : 
==============================================
[ TITLE ] Speco Web Viewer 存在路径遍历漏洞
[ TIME  ] 2022-02-15 14:22:02
[ CVE   ] CVE-2021-32572
[ SRC   ] 数字观星POC++
[ URL   ] https://poc.shuziguanxing.com/#/publicIssueInfo#issueId=5438
2022-02-21 02:46:36 [INFO] : 
==============================================
[ TITLE ] Compro Technology Camera 存在敏感信息泄露漏洞
[ TIME  ] 2022-02-15 10:26:44
[ CVE   ] CVE-2021-40380
[ SRC   ] 数字观星POC++
[ URL   ] https://poc.shuziguanxing.com/#/publicIssueInfo#issueId=5437
2022-02-21 02:46:36 [INFO] : 
==============================================
[ TITLE ] optilink gene.php 存在命令执行漏洞
[ TIME  ] 2022-02-14 17:36:05
[ CVE   ] 
[ SRC   ] 数字观星POC++
[ URL   ] https://poc.shuziguanxing.com/#/publicIssueInfo#issueId=5434
2022-02-21 02:46:36 [INFO] : 
==============================================
[ TITLE ] Mitsubishi Electric SmartRTU 存在代码泄露漏洞
[ TIME  ] 2022-02-14 16:18:28
[ CVE   ] CVE-2018-16060
[ SRC   ] 数字观星POC++
[ URL   ] https://poc.shuziguanxing.com/#/publicIssueInfo#issueId=5433
2022-02-21 02:46:36 [INFO] : ++++++++++++++++++++++++++++++++++++++++++++
2022-02-21 02:46:36 [INFO] : 正在获取 [阿里云] 威胁情报...
2022-02-21 02:46:37 [INFO] : 得到 [阿里云] 最新威胁情报 [0] 条
2022-02-21 02:46:37 [INFO] : --------------------------------------------
2022-02-21 02:46:37 [INFO] : ++++++++++++++++++++++++++++++++++++++++++++
2022-02-21 02:46:37 [INFO] : 正在获取 [国家信息安全漏洞共享平台（CNVD）] 威胁情报...
2022-02-21 02:47:15 [INFO] : 得到 [国家信息安全漏洞共享平台（CNVD）] 最新威胁情报 [0] 条
2022-02-21 02:47:15 [INFO] : --------------------------------------------
2022-02-21 02:47:15 [INFO] : ++++++++++++++++++++++++++++++++++++++++++++
2022-02-21 02:47:15 [INFO] : 正在获取 [国家信息安全漏洞库（CNNVD）] 威胁情报...
2022-02-21 02:47:37 [INFO] : 得到 [国家信息安全漏洞库（CNNVD）] 最新威胁情报 [0] 条
2022-02-21 02:47:37 [INFO] : --------------------------------------------
2022-02-21 02:47:37 [INFO] : ++++++++++++++++++++++++++++++++++++++++++++
2022-02-21 02:47:37 [INFO] : 正在获取 [360 网络安全响应中心] 威胁情报...
2022-02-21 02:47:39 [INFO] : 得到 [360 网络安全响应中心] 最新威胁情报 [0] 条
2022-02-21 02:47:39 [INFO] : --------------------------------------------
2022-02-21 02:47:39 [INFO] : ++++++++++++++++++++++++++++++++++++++++++++
2022-02-21 02:47:39 [INFO] : 正在获取 [美国国家漏洞数据库（NVD）] 威胁情报...
2022-02-21 02:47:40 [INFO] : 得到 [美国国家漏洞数据库（NVD）] 最新威胁情报 [0] 条
2022-02-21 02:47:40 [INFO] : --------------------------------------------
2022-02-21 02:47:40 [INFO] : ++++++++++++++++++++++++++++++++++++++++++++
2022-02-21 02:47:40 [INFO] : 正在获取 [信息安全漏洞门户] 威胁情报...
2022-02-21 02:47:42 [INFO] : 得到 [信息安全漏洞门户] 最新威胁情报 [0] 条
2022-02-21 02:47:42 [INFO] : --------------------------------------------
2022-02-21 02:47:42 [INFO] : ++++++++++++++++++++++++++++++++++++++++++++
2022-02-21 02:47:42 [INFO] : 正在获取 [绿盟] 威胁情报...
2022-02-21 02:47:43 [INFO] : 得到 [绿盟] 最新威胁情报 [0] 条
2022-02-21 02:47:43 [INFO] : --------------------------------------------
2022-02-21 02:47:43 [INFO] : ++++++++++++++++++++++++++++++++++++++++++++
2022-02-21 02:47:43 [INFO] : 正在获取 [奇安信] 威胁情报...
2022-02-21 02:47:49 [INFO] : 得到 [奇安信] 最新威胁情报 [0] 条
2022-02-21 02:47:49 [INFO] : --------------------------------------------
2022-02-21 02:47:49 [INFO] : ++++++++++++++++++++++++++++++++++++++++++++
2022-02-21 02:47:49 [INFO] : 正在获取 [红后] 威胁情报...
2022-02-21 02:47:54 [INFO] : 得到 [红后] 最新威胁情报 [10] 条
2022-02-21 02:47:54 [INFO] : --------------------------------------------
2022-02-21 02:47:54 [INFO] : 
==============================================
[ TITLE ] Mozilla Firefox ESR 缓冲区错误漏洞
[ TIME  ] 2022-02-20 13:49:56
[ CVE   ] CVE-2020-26968
[ SRC   ] 红后
[ URL   ] https://redqueen.tj-un.com/IntelDetails.html?id=2fa632a8fe04406c8fea51f61b3533e1
2022-02-21 02:47:54 [INFO] : 
==============================================
[ TITLE ] Mozilla Firefox 安全漏洞
[ TIME  ] 2022-02-20 13:49:52
[ CVE   ] CVE-2020-26965
[ SRC   ] 红后
[ URL   ] https://redqueen.tj-un.com/IntelDetails.html?id=ae62cf022ed2432dae4caeaa7371fce4
2022-02-21 02:47:54 [INFO] : 
==============================================
[ TITLE ] Mozilla Thunderbird 缓冲区错误漏洞
[ TIME  ] 2022-02-20 13:49:50
[ CVE   ] CVE-2020-26970
[ SRC   ] 红后
[ URL   ] https://redqueen.tj-un.com/IntelDetails.html?id=2dc5e06ac3e648cca7a4db40b7d39317
2022-02-21 02:47:54 [INFO] : 
==============================================
[ TITLE ] Mozilla Firefox 安全漏洞
[ TIME  ] 2022-02-20 13:49:45
[ CVE   ] CVE-2020-26967
[ SRC   ] 红后
[ URL   ] https://redqueen.tj-un.com/IntelDetails.html?id=02f32baaa2e34fec8998bbc74c86cabd
2022-02-21 02:47:54 [INFO] : 
==============================================
[ TITLE ] Mozilla Firefox for Android 安全漏洞
[ TIME  ] 2022-02-20 13:49:42
[ CVE   ] CVE-2020-26964
[ SRC   ] 红后
[ URL   ] https://redqueen.tj-un.com/IntelDetails.html?id=8daea1d5acda41749273da4c8b7b6e9d
2022-02-21 02:47:54 [INFO] : 
==============================================
[ TITLE ] Mozilla Firefox 安全漏洞
[ TIME  ] 2022-02-20 13:49:38
[ CVE   ] CVE-2020-26961
[ SRC   ] 红后
[ URL   ] https://redqueen.tj-un.com/IntelDetails.html?id=8410981c13464738a8c25000c6d23530
2022-02-21 02:47:54 [INFO] : 
==============================================
[ TITLE ] Mozilla Firefox ESR 缓冲区错误漏洞
[ TIME  ] 2022-02-20 13:49:06
[ CVE   ] CVE-2020-26969
[ SRC   ] 红后
[ URL   ] https://redqueen.tj-un.com/IntelDetails.html?id=31817b6dd8664c328d0a4f894e14ff82
2022-02-21 02:47:54 [INFO] : 
==============================================
[ TITLE ] Mozilla Firefox 安全漏洞
[ TIME  ] 2022-02-20 13:49:02
[ CVE   ] CVE-2020-26966
[ SRC   ] 红后
[ URL   ] https://redqueen.tj-un.com/IntelDetails.html?id=4defd53c8fd647deafd37f267ce8df32
2022-02-21 02:47:54 [INFO] : 
==============================================
[ TITLE ] Mozilla Firefox 安全漏洞
[ TIME  ] 2022-02-20 13:48:58
[ CVE   ] CVE-2020-26963
[ SRC   ] 红后
[ URL   ] https://redqueen.tj-un.com/IntelDetails.html?id=b92e17b4ea4140849871c362bcabfe23
2022-02-21 02:47:54 [INFO] : 
==============================================
[ TITLE ] Mozilla Firefox 资源管理错误漏洞
[ TIME  ] 2022-02-20 13:48:54
[ CVE   ] CVE-2020-26960
[ SRC   ] 红后
[ URL   ] https://redqueen.tj-un.com/IntelDetails.html?id=8627bb8238c5498cb49e8b0e90763d7a
2022-02-21 02:47:54 [INFO] : ++++++++++++++++++++++++++++++++++++++++++++
2022-02-21 02:47:54 [INFO] : 正在获取 [斗象] 威胁情报...
2022-02-21 02:48:00 [INFO] : 得到 [斗象] 最新威胁情报 [0] 条
2022-02-21 02:48:00 [INFO] : --------------------------------------------
2022-02-21 02:48:00 [INFO] : ++++++++++++++++++++++++++++++++++++++++++++
2022-02-21 02:48:00 [INFO] : 正在获取 [Tenable (Nessus)] 威胁情报...
2022-02-21 02:48:00 [INFO] : 得到 [Tenable (Nessus)] 最新威胁情报 [0] 条
2022-02-21 02:48:00 [INFO] : --------------------------------------------
2022-02-21 02:48:00 [INFO] : [邮件] 正在通过 Github Actions 推送威胁情报...
2022-02-21 03:40:55 [INFO] : ++++++++++++++++++++++++++++++++++++++++++++
2022-02-21 03:40:55 [INFO] : 正在获取 [数字观星POC++] 威胁情报...
2022-02-21 03:40:56 [INFO] : 得到 [数字观星POC++] 最新威胁情报 [0] 条
2022-02-21 03:40:56 [INFO] : --------------------------------------------
2022-02-21 03:40:56 [INFO] : ++++++++++++++++++++++++++++++++++++++++++++
2022-02-21 03:40:56 [INFO] : 正在获取 [阿里云] 威胁情报...
2022-02-21 03:40:57 [INFO] : 得到 [阿里云] 最新威胁情报 [0] 条
2022-02-21 03:40:57 [INFO] : --------------------------------------------
2022-02-21 03:40:57 [INFO] : ++++++++++++++++++++++++++++++++++++++++++++
2022-02-21 03:40:57 [INFO] : 正在获取 [国家信息安全漏洞共享平台（CNVD）] 威胁情报...
2022-02-21 03:41:34 [INFO] : 得到 [国家信息安全漏洞共享平台（CNVD）] 最新威胁情报 [1] 条
2022-02-21 03:41:34 [INFO] : --------------------------------------------
2022-02-21 03:41:34 [INFO] : 
==============================================
[ TITLE ] Apache Apisix远程代码执行漏洞
[ TIME  ] 2022-02-20 03:41:17
[ CVE   ] CNVD-2022-12799 (CVE-2022-24112)
[ SRC   ] 国家信息安全漏洞共享平台（CNVD）
[ URL   ] https://www.cnvd.org.cn/flaw/show/CNVD-2022-12799
2022-02-21 03:41:34 [INFO] : ++++++++++++++++++++++++++++++++++++++++++++
2022-02-21 03:41:34 [INFO] : 正在获取 [国家信息安全漏洞库（CNNVD）] 威胁情报...
2022-02-21 03:41:55 [INFO] : 得到 [国家信息安全漏洞库（CNNVD）] 最新威胁情报 [0] 条
2022-02-21 03:41:55 [INFO] : --------------------------------------------
2022-02-21 03:41:55 [INFO] : ++++++++++++++++++++++++++++++++++++++++++++
2022-02-21 03:41:55 [INFO] : 正在获取 [360 网络安全响应中心] 威胁情报...
2022-02-21 03:41:56 [INFO] : 得到 [360 网络安全响应中心] 最新威胁情报 [0] 条
2022-02-21 03:41:56 [INFO] : --------------------------------------------
2022-02-21 03:41:56 [INFO] : ++++++++++++++++++++++++++++++++++++++++++++
2022-02-21 03:41:56 [INFO] : 正在获取 [美国国家漏洞数据库（NVD）] 威胁情报...
2022-02-21 03:41:57 [INFO] : 得到 [美国国家漏洞数据库（NVD）] 最新威胁情报 [0] 条
2022-02-21 03:41:57 [INFO] : --------------------------------------------
2022-02-21 03:41:57 [INFO] : ++++++++++++++++++++++++++++++++++++++++++++
2022-02-21 03:41:57 [INFO] : 正在获取 [信息安全漏洞门户] 威胁情报...
2022-02-21 03:41:58 [INFO] : 得到 [信息安全漏洞门户] 最新威胁情报 [10] 条
2022-02-21 03:41:58 [INFO] : --------------------------------------------
2022-02-21 03:41:58 [INFO] : 
==============================================
[ TITLE ] HUAWEI EMUI缓冲区溢出漏洞（CNVD-2022-12766）
                    
[ TIME  ] 2022-02-20 03:41:58
[ CVE   ] CVE-2021-37107
[ SRC   ] 信息安全漏洞门户
[ URL   ] http://cve.scap.org.cn/vuln/VHN-398942
2022-02-21 03:41:58 [INFO] : 
==============================================
[ TITLE ] Huawei EMUI安全绕过漏洞
                    
[ TIME  ] 2022-02-20 03:41:58
[ CVE   ] CVE-2021-37109
[ SRC   ] 信息安全漏洞门户
[ URL   ] http://cve.scap.org.cn/vuln/VHN-398944
2022-02-21 03:41:58 [INFO] : 
==============================================
[ TITLE ] Huawei Emui访问控制错误漏洞
                    
[ TIME  ] 2022-02-20 03:41:58
[ CVE   ] CVE-2021-39986
[ SRC   ] 信息安全漏洞门户
[ URL   ] http://cve.scap.org.cn/vuln/VHN-401387
2022-02-21 03:41:58 [INFO] : 
==============================================
[ TITLE ] Huawei Emui越界访问漏洞
                    
[ TIME  ] 2022-02-20 03:41:58
[ CVE   ] CVE-2021-39997
[ SRC   ] 信息安全漏洞门户
[ URL   ] http://cve.scap.org.cn/vuln/VHN-401398
2022-02-21 03:41:58 [INFO] : 
==============================================
[ TITLE ] Huawei Smartphone缓冲区溢出漏洞（CNVD-2022-12805）
                    
[ TIME  ] 2022-02-20 03:41:58
[ CVE   ] CVE-2021-40020
[ SRC   ] 信息安全漏洞门户
[ URL   ] http://cve.scap.org.cn/vuln/VHN-401421
2022-02-21 03:41:58 [INFO] : 
==============================================
[ TITLE ] Huawei HarmonyOS缓冲区溢出漏洞（CNVD-2022-12806）
                    
[ TIME  ] 2022-02-20 03:41:58
[ CVE   ] CVE-2021-40027
[ SRC   ] 信息安全漏洞门户
[ URL   ] http://cve.scap.org.cn/vuln/VHN-401428
2022-02-21 03:41:58 [INFO] : 
==============================================
[ TITLE ] Huawei EMUI授权问题漏洞
                    
[ TIME  ] 2022-02-20 03:41:58
[ CVE   ] CVE-2021-40044
[ SRC   ] 信息安全漏洞门户
[ URL   ] http://cve.scap.org.cn/vuln/VHN-401445
2022-02-21 03:41:58 [INFO] : 
==============================================
[ TITLE ] S-Cart路径遍历漏洞
                    
[ TIME  ] 2022-02-20 03:41:58
[ CVE   ] CVE-2021-44111
[ SRC   ] 信息安全漏洞门户
[ URL   ] http://cve.scap.org.cn/vuln/VHN-406723
2022-02-21 03:41:58 [INFO] : 
==============================================
[ TITLE ] Backdrop CMS跨站请求伪造漏洞
                    
[ TIME  ] 2022-02-20 03:41:58
[ CVE   ] CVE-2021-45268
[ SRC   ] 信息安全漏洞门户
[ URL   ] http://cve.scap.org.cn/vuln/VHN-408899
2022-02-21 03:41:58 [INFO] : 
==============================================
[ TITLE ] Gitea授权问题漏洞
                    
[ TIME  ] 2022-02-20 03:41:58
[ CVE   ] CVE-2021-45331
[ SRC   ] 信息安全漏洞门户
[ URL   ] http://cve.scap.org.cn/vuln/VHN-408962
2022-02-21 03:41:58 [INFO] : ++++++++++++++++++++++++++++++++++++++++++++
2022-02-21 03:41:58 [INFO] : 正在获取 [绿盟] 威胁情报...
2022-02-21 03:41:58 [INFO] : 得到 [绿盟] 最新威胁情报 [0] 条
2022-02-21 03:41:58 [INFO] : --------------------------------------------
2022-02-21 03:41:58 [INFO] : ++++++++++++++++++++++++++++++++++++++++++++
2022-02-21 03:41:58 [INFO] : 正在获取 [奇安信] 威胁情报...
2022-02-21 03:42:00 [INFO] : 得到 [奇安信] 最新威胁情报 [0] 条
2022-02-21 03:42:00 [INFO] : --------------------------------------------
2022-02-21 03:42:00 [INFO] : ++++++++++++++++++++++++++++++++++++++++++++
2022-02-21 03:42:00 [INFO] : 正在获取 [红后] 威胁情报...
2022-02-21 03:42:01 [INFO] : 得到 [红后] 最新威胁情报 [0] 条
2022-02-21 03:42:01 [INFO] : --------------------------------------------
2022-02-21 03:42:01 [INFO] : ++++++++++++++++++++++++++++++++++++++++++++
2022-02-21 03:42:01 [INFO] : 正在获取 [斗象] 威胁情报...
2022-02-21 03:42:06 [INFO] : 得到 [斗象] 最新威胁情报 [0] 条
2022-02-21 03:42:06 [INFO] : --------------------------------------------
2022-02-21 03:42:06 [INFO] : ++++++++++++++++++++++++++++++++++++++++++++
2022-02-21 03:42:06 [INFO] : 正在获取 [Tenable (Nessus)] 威胁情报...
2022-02-21 03:42:07 [INFO] : 得到 [Tenable (Nessus)] 最新威胁情报 [0] 条
2022-02-21 03:42:07 [INFO] : --------------------------------------------
2022-02-21 03:42:07 [INFO] : [邮件] 正在通过 Github Actions 推送威胁情报...
2022-02-21 04:48:03 [INFO] : ++++++++++++++++++++++++++++++++++++++++++++
2022-02-21 04:48:03 [INFO] : 正在获取 [数字观星POC++] 威胁情报...
2022-02-21 04:48:04 [INFO] : 得到 [数字观星POC++] 最新威胁情报 [0] 条
2022-02-21 04:48:04 [INFO] : --------------------------------------------
2022-02-21 04:48:04 [INFO] : ++++++++++++++++++++++++++++++++++++++++++++
2022-02-21 04:48:04 [INFO] : 正在获取 [阿里云] 威胁情报...
2022-02-21 04:48:05 [INFO] : 得到 [阿里云] 最新威胁情报 [0] 条
2022-02-21 04:48:05 [INFO] : --------------------------------------------
2022-02-21 04:48:05 [INFO] : ++++++++++++++++++++++++++++++++++++++++++++
2022-02-21 04:48:05 [INFO] : 正在获取 [国家信息安全漏洞共享平台（CNVD）] 威胁情报...
2022-02-21 04:48:33 [INFO] : 得到 [国家信息安全漏洞共享平台（CNVD）] 最新威胁情报 [0] 条
2022-02-21 04:48:33 [INFO] : --------------------------------------------
2022-02-21 04:48:33 [INFO] : ++++++++++++++++++++++++++++++++++++++++++++
2022-02-21 04:48:33 [INFO] : 正在获取 [国家信息安全漏洞库（CNNVD）] 威胁情报...
2022-02-21 04:48:55 [INFO] : 得到 [国家信息安全漏洞库（CNNVD）] 最新威胁情报 [0] 条
2022-02-21 04:48:55 [INFO] : --------------------------------------------
2022-02-21 04:48:55 [INFO] : ++++++++++++++++++++++++++++++++++++++++++++
2022-02-21 04:48:55 [INFO] : 正在获取 [360 网络安全响应中心] 威胁情报...
2022-02-21 04:48:57 [INFO] : 得到 [360 网络安全响应中心] 最新威胁情报 [0] 条
2022-02-21 04:48:57 [INFO] : --------------------------------------------
2022-02-21 04:48:57 [INFO] : ++++++++++++++++++++++++++++++++++++++++++++
2022-02-21 04:48:57 [INFO] : 正在获取 [美国国家漏洞数据库（NVD）] 威胁情报...
2022-02-21 04:48:57 [INFO] : 得到 [美国国家漏洞数据库（NVD）] 最新威胁情报 [0] 条
2022-02-21 04:48:57 [INFO] : --------------------------------------------
2022-02-21 04:48:57 [INFO] : ++++++++++++++++++++++++++++++++++++++++++++
2022-02-21 04:48:57 [INFO] : 正在获取 [信息安全漏洞门户] 威胁情报...
2022-02-21 04:48:59 [INFO] : 得到 [信息安全漏洞门户] 最新威胁情报 [0] 条
2022-02-21 04:48:59 [INFO] : --------------------------------------------
2022-02-21 04:48:59 [INFO] : ++++++++++++++++++++++++++++++++++++++++++++
2022-02-21 04:48:59 [INFO] : 正在获取 [绿盟] 威胁情报...
2022-02-21 04:49:00 [INFO] : 得到 [绿盟] 最新威胁情报 [0] 条
2022-02-21 04:49:00 [INFO] : --------------------------------------------
2022-02-21 04:49:00 [INFO] : ++++++++++++++++++++++++++++++++++++++++++++
2022-02-21 04:49:00 [INFO] : 正在获取 [奇安信] 威胁情报...
2022-02-21 04:49:04 [INFO] : 得到 [奇安信] 最新威胁情报 [0] 条
2022-02-21 04:49:04 [INFO] : --------------------------------------------
2022-02-21 04:49:04 [INFO] : ++++++++++++++++++++++++++++++++++++++++++++
2022-02-21 04:49:04 [INFO] : 正在获取 [红后] 威胁情报...
2022-02-21 04:49:06 [INFO] : 得到 [红后] 最新威胁情报 [0] 条
2022-02-21 04:49:06 [INFO] : --------------------------------------------
2022-02-21 04:49:06 [INFO] : ++++++++++++++++++++++++++++++++++++++++++++
2022-02-21 04:49:06 [INFO] : 正在获取 [斗象] 威胁情报...
2022-02-21 04:49:12 [INFO] : 得到 [斗象] 最新威胁情报 [0] 条
2022-02-21 04:49:12 [INFO] : --------------------------------------------
2022-02-21 04:49:12 [INFO] : ++++++++++++++++++++++++++++++++++++++++++++
2022-02-21 04:49:12 [INFO] : 正在获取 [Tenable (Nessus)] 威胁情报...
2022-02-21 04:49:12 [INFO] : 得到 [Tenable (Nessus)] 最新威胁情报 [0] 条
2022-02-21 04:49:12 [INFO] : --------------------------------------------
2022-02-21 05:37:02 [INFO] : ++++++++++++++++++++++++++++++++++++++++++++
2022-02-21 05:37:02 [INFO] : 正在获取 [数字观星POC++] 威胁情报...
2022-02-21 05:37:03 [INFO] : 得到 [数字观星POC++] 最新威胁情报 [0] 条
2022-02-21 05:37:03 [INFO] : --------------------------------------------
2022-02-21 05:37:03 [INFO] : ++++++++++++++++++++++++++++++++++++++++++++
2022-02-21 05:37:03 [INFO] : 正在获取 [阿里云] 威胁情报...
2022-02-21 05:37:04 [INFO] : 得到 [阿里云] 最新威胁情报 [0] 条
2022-02-21 05:37:04 [INFO] : --------------------------------------------
2022-02-21 05:37:04 [INFO] : ++++++++++++++++++++++++++++++++++++++++++++
2022-02-21 05:37:04 [INFO] : 正在获取 [国家信息安全漏洞共享平台（CNVD）] 威胁情报...
2022-02-21 05:37:36 [INFO] : 得到 [国家信息安全漏洞共享平台（CNVD）] 最新威胁情报 [2] 条
2022-02-21 05:37:36 [INFO] : --------------------------------------------
2022-02-21 05:37:36 [INFO] : 
==============================================
[ TITLE ] Siemens Simcenter Femap越界写入漏洞
[ TIME  ] 2022-02-21 05:37:15
[ CVE   ] CNVD-2022-12808 (CVE-2021-46162)
[ SRC   ] 国家信息安全漏洞共享平台（CNVD）
[ URL   ] https://www.cnvd.org.cn/flaw/show/CNVD-2022-12808
2022-02-21 05:37:36 [INFO] : 
==============================================
[ TITLE ] Siemens Simcenter Femap缓冲区溢出漏洞
[ TIME  ] 2022-02-21 05:37:17
[ CVE   ] CNVD-2022-12807 (CVE-2021-46699)
[ SRC   ] 国家信息安全漏洞共享平台（CNVD）
[ URL   ] https://www.cnvd.org.cn/flaw/show/CNVD-2022-12807
2022-02-21 05:37:36 [INFO] : ++++++++++++++++++++++++++++++++++++++++++++
2022-02-21 05:37:36 [INFO] : 正在获取 [国家信息安全漏洞库（CNNVD）] 威胁情报...
2022-02-21 05:38:00 [INFO] : 得到 [国家信息安全漏洞库（CNNVD）] 最新威胁情报 [0] 条
2022-02-21 05:38:00 [INFO] : --------------------------------------------
2022-02-21 05:38:00 [INFO] : ++++++++++++++++++++++++++++++++++++++++++++
2022-02-21 05:38:00 [INFO] : 正在获取 [360 网络安全响应中心] 威胁情报...
2022-02-21 05:38:02 [INFO] : 得到 [360 网络安全响应中心] 最新威胁情报 [1] 条
2022-02-21 05:38:02 [INFO] : --------------------------------------------
2022-02-21 05:38:02 [INFO] : 
==============================================
[ TITLE ] 安全事件周报 (02.14-02.20)
[ TIME  ] 2022-02-21 05:32:27
[ CVE   ] 
[ SRC   ] 360 网络安全响应中心
[ URL   ] https://cert.360.cn/warning/detail?id=dcdf20879ba73afa5834786dc01098f8
2022-02-21 05:38:02 [INFO] : ++++++++++++++++++++++++++++++++++++++++++++
2022-02-21 05:38:02 [INFO] : 正在获取 [美国国家漏洞数据库（NVD）] 威胁情报...
2022-02-21 05:38:02 [INFO] : 得到 [美国国家漏洞数据库（NVD）] 最新威胁情报 [0] 条
2022-02-21 05:38:02 [INFO] : --------------------------------------------
2022-02-21 05:38:02 [INFO] : ++++++++++++++++++++++++++++++++++++++++++++
2022-02-21 05:38:02 [INFO] : 正在获取 [信息安全漏洞门户] 威胁情报...
2022-02-21 05:38:04 [INFO] : 得到 [信息安全漏洞门户] 最新威胁情报 [0] 条
2022-02-21 05:38:04 [INFO] : --------------------------------------------
2022-02-21 05:38:04 [INFO] : ++++++++++++++++++++++++++++++++++++++++++++
2022-02-21 05:38:04 [INFO] : 正在获取 [绿盟] 威胁情报...
2022-02-21 05:38:05 [INFO] : 得到 [绿盟] 最新威胁情报 [0] 条
2022-02-21 05:38:05 [INFO] : --------------------------------------------
2022-02-21 05:38:05 [INFO] : ++++++++++++++++++++++++++++++++++++++++++++
2022-02-21 05:38:05 [INFO] : 正在获取 [奇安信] 威胁情报...
2022-02-21 05:38:06 [INFO] : 得到 [奇安信] 最新威胁情报 [0] 条
2022-02-21 05:38:06 [INFO] : --------------------------------------------
2022-02-21 05:38:06 [INFO] : ++++++++++++++++++++++++++++++++++++++++++++
2022-02-21 05:38:06 [INFO] : 正在获取 [红后] 威胁情报...
2022-02-21 05:38:07 [INFO] : 得到 [红后] 最新威胁情报 [0] 条
2022-02-21 05:38:07 [INFO] : --------------------------------------------
2022-02-21 05:38:07 [INFO] : ++++++++++++++++++++++++++++++++++++++++++++
2022-02-21 05:38:07 [INFO] : 正在获取 [斗象] 威胁情报...
2022-02-21 05:38:14 [INFO] : 得到 [斗象] 最新威胁情报 [0] 条
2022-02-21 05:38:14 [INFO] : --------------------------------------------
2022-02-21 05:38:14 [INFO] : ++++++++++++++++++++++++++++++++++++++++++++
2022-02-21 05:38:14 [INFO] : 正在获取 [Tenable (Nessus)] 威胁情报...
2022-02-21 05:38:14 [INFO] : 得到 [Tenable (Nessus)] 最新威胁情报 [0] 条
2022-02-21 05:38:14 [INFO] : --------------------------------------------
2022-02-21 05:38:14 [INFO] : [邮件] 正在通过 Github Actions 推送威胁情报...
2022-02-21 06:45:58 [INFO] : ++++++++++++++++++++++++++++++++++++++++++++
2022-02-21 06:45:58 [INFO] : 正在获取 [数字观星POC++] 威胁情报...
2022-02-21 06:45:59 [INFO] : 得到 [数字观星POC++] 最新威胁情报 [0] 条
2022-02-21 06:45:59 [INFO] : --------------------------------------------
2022-02-21 06:45:59 [INFO] : ++++++++++++++++++++++++++++++++++++++++++++
2022-02-21 06:45:59 [INFO] : 正在获取 [阿里云] 威胁情报...
2022-02-21 06:46:00 [INFO] : 得到 [阿里云] 最新威胁情报 [0] 条
2022-02-21 06:46:00 [INFO] : --------------------------------------------
2022-02-21 06:46:00 [INFO] : ++++++++++++++++++++++++++++++++++++++++++++
2022-02-21 06:46:00 [INFO] : 正在获取 [国家信息安全漏洞共享平台（CNVD）] 威胁情报...
2022-02-21 06:46:32 [INFO] : 得到 [国家信息安全漏洞共享平台（CNVD）] 最新威胁情报 [8] 条
2022-02-21 06:46:32 [INFO] : --------------------------------------------
2022-02-21 06:46:32 [INFO] : 
==============================================
[ TITLE ] Reolink RLC-410W TestEmail功能越界写入漏洞
[ TIME  ] 2022-02-21 06:46:13
[ CVE   ] CNVD-2022-12818 (CVE-2022-21217)
[ SRC   ] 国家信息安全漏洞共享平台（CNVD）
[ URL   ] https://www.cnvd.org.cn/flaw/show/CNVD-2022-12818
2022-02-21 06:46:32 [INFO] : 
==============================================
[ TITLE ] Reolink RLC-410W数据伪造问题漏洞
[ TIME  ] 2022-02-21 06:46:15
[ CVE   ] CNVD-2022-12817 (CVE-2022-21134)
[ SRC   ] 国家信息安全漏洞共享平台（CNVD）
[ URL   ] https://www.cnvd.org.cn/flaw/show/CNVD-2022-12817
2022-02-21 06:46:32 [INFO] : 
==============================================
[ TITLE ] Reolink RLC-410W  netserver recv_command拒绝服务漏洞
[ TIME  ] 2022-02-21 06:46:18
[ CVE   ] CNVD-2022-12816 (CVE-2022-21801)
[ SRC   ] 国家信息安全漏洞共享平台（CNVD）
[ URL   ] https://www.cnvd.org.cn/flaw/show/CNVD-2022-12816
2022-02-21 06:46:32 [INFO] : 
==============================================
[ TITLE ] Reolink RLC-410W cgiserver.cgi拒绝服务漏洞
[ TIME  ] 2022-02-21 06:46:22
[ CVE   ] CNVD-2022-12815 (CVE-2021-44354)
[ SRC   ] 国家信息安全漏洞共享平台（CNVD）
[ URL   ] https://www.cnvd.org.cn/flaw/show/CNVD-2022-12815
2022-02-21 06:46:32 [INFO] : 
==============================================
[ TITLE ] Reolink Rlc-410W拒绝服务漏洞
[ TIME  ] 2022-02-21 06:46:24
[ CVE   ] CNVD-2022-12813 (CVE-2021-44359)
[ SRC   ] 国家信息安全漏洞共享平台（CNVD）
[ URL   ] https://www.cnvd.org.cn/flaw/show/CNVD-2022-12813
2022-02-21 06:46:32 [INFO] : 
==============================================
[ TITLE ] Reolink Rlc-410W拒绝服务漏洞
[ TIME  ] 2022-02-21 06:46:27
[ CVE   ] CNVD-2022-12812 (CVE-2021-44358)
[ SRC   ] 国家信息安全漏洞共享平台（CNVD）
[ URL   ] https://www.cnvd.org.cn/flaw/show/CNVD-2022-12812
2022-02-21 06:46:32 [INFO] : 
==============================================
[ TITLE ] Reolink RLC-410W操作系统命令注入漏洞
[ TIME  ] 2022-02-21 06:46:29
[ CVE   ] CNVD-2022-12811 (CVE-2021-40407)
[ SRC   ] 国家信息安全漏洞共享平台（CNVD）
[ URL   ] https://www.cnvd.org.cn/flaw/show/CNVD-2022-12811
2022-02-21 06:46:32 [INFO] : 
==============================================
[ TITLE ] Reolink RLC-410W操作系统命令注入漏洞
[ TIME  ] 2022-02-21 06:46:31
[ CVE   ] CNVD-2022-12810 (CVE-2021-40409)
[ SRC   ] 国家信息安全漏洞共享平台（CNVD）
[ URL   ] https://www.cnvd.org.cn/flaw/show/CNVD-2022-12810
2022-02-21 06:46:32 [INFO] : ++++++++++++++++++++++++++++++++++++++++++++
2022-02-21 06:46:32 [INFO] : 正在获取 [国家信息安全漏洞库（CNNVD）] 威胁情报...
2022-02-21 06:46:56 [INFO] : 得到 [国家信息安全漏洞库（CNNVD）] 最新威胁情报 [0] 条
2022-02-21 06:46:56 [INFO] : --------------------------------------------
2022-02-21 06:46:56 [INFO] : ++++++++++++++++++++++++++++++++++++++++++++
2022-02-21 06:46:56 [INFO] : 正在获取 [360 网络安全响应中心] 威胁情报...
2022-02-21 06:46:57 [INFO] : 得到 [360 网络安全响应中心] 最新威胁情报 [0] 条
2022-02-21 06:46:57 [INFO] : --------------------------------------------
2022-02-21 06:46:57 [INFO] : ++++++++++++++++++++++++++++++++++++++++++++
2022-02-21 06:46:57 [INFO] : 正在获取 [美国国家漏洞数据库（NVD）] 威胁情报...
2022-02-21 06:46:58 [INFO] : 得到 [美国国家漏洞数据库（NVD）] 最新威胁情报 [0] 条
2022-02-21 06:46:58 [INFO] : --------------------------------------------
2022-02-21 06:46:58 [INFO] : ++++++++++++++++++++++++++++++++++++++++++++
2022-02-21 06:46:58 [INFO] : 正在获取 [信息安全漏洞门户] 威胁情报...
2022-02-21 06:46:59 [INFO] : 得到 [信息安全漏洞门户] 最新威胁情报 [0] 条
2022-02-21 06:46:59 [INFO] : --------------------------------------------
2022-02-21 06:46:59 [INFO] : ++++++++++++++++++++++++++++++++++++++++++++
2022-02-21 06:46:59 [INFO] : 正在获取 [绿盟] 威胁情报...
2022-02-21 06:47:01 [INFO] : 得到 [绿盟] 最新威胁情报 [0] 条
2022-02-21 06:47:01 [INFO] : --------------------------------------------
2022-02-21 06:47:01 [INFO] : ++++++++++++++++++++++++++++++++++++++++++++
2022-02-21 06:47:01 [INFO] : 正在获取 [奇安信] 威胁情报...
2022-02-21 06:47:10 [INFO] : 得到 [奇安信] 最新威胁情报 [0] 条
2022-02-21 06:47:10 [INFO] : --------------------------------------------
2022-02-21 06:47:10 [INFO] : ++++++++++++++++++++++++++++++++++++++++++++
2022-02-21 06:47:10 [INFO] : 正在获取 [红后] 威胁情报...
2022-02-21 06:47:12 [INFO] : 得到 [红后] 最新威胁情报 [0] 条
2022-02-21 06:47:12 [INFO] : --------------------------------------------
2022-02-21 06:47:12 [INFO] : ++++++++++++++++++++++++++++++++++++++++++++
2022-02-21 06:47:12 [INFO] : 正在获取 [斗象] 威胁情报...
2022-02-21 06:47:18 [INFO] : 得到 [斗象] 最新威胁情报 [0] 条
2022-02-21 06:47:18 [INFO] : --------------------------------------------
2022-02-21 06:47:18 [INFO] : ++++++++++++++++++++++++++++++++++++++++++++
2022-02-21 06:47:18 [INFO] : 正在获取 [Tenable (Nessus)] 威胁情报...
2022-02-21 06:47:18 [INFO] : 得到 [Tenable (Nessus)] 最新威胁情报 [0] 条
2022-02-21 06:47:18 [INFO] : --------------------------------------------
2022-02-21 06:47:18 [INFO] : [邮件] 正在通过 Github Actions 推送威胁情报...
2022-02-21 07:36:58 [INFO] : ++++++++++++++++++++++++++++++++++++++++++++
2022-02-21 07:36:58 [INFO] : 正在获取 [数字观星POC++] 威胁情报...
2022-02-21 07:36:59 [INFO] : 得到 [数字观星POC++] 最新威胁情报 [0] 条
2022-02-21 07:36:59 [INFO] : --------------------------------------------
2022-02-21 07:36:59 [INFO] : ++++++++++++++++++++++++++++++++++++++++++++
2022-02-21 07:36:59 [INFO] : 正在获取 [阿里云] 威胁情报...
2022-02-21 07:37:00 [INFO] : 得到 [阿里云] 最新威胁情报 [0] 条
2022-02-21 07:37:00 [INFO] : --------------------------------------------
2022-02-21 07:37:00 [INFO] : ++++++++++++++++++++++++++++++++++++++++++++
2022-02-21 07:37:00 [INFO] : 正在获取 [国家信息安全漏洞共享平台（CNVD）] 威胁情报...
2022-02-21 07:38:00 [ERROR] : 获取 [国家信息安全漏洞共享平台（CNVD）] 威胁情报异常
Traceback (most recent call last):
  File "/opt/hostedtoolcache/Python/3.8.12/x64/lib/python3.8/site-packages/urllib3/connectionpool.py", line 426, in _make_request
    six.raise_from(e, None)
  File "<string>", line 3, in raise_from
  File "/opt/hostedtoolcache/Python/3.8.12/x64/lib/python3.8/site-packages/urllib3/connectionpool.py", line 421, in _make_request
    httplib_response = conn.getresponse()
  File "/opt/hostedtoolcache/Python/3.8.12/x64/lib/python3.8/http/client.py", line 1348, in getresponse
    response.begin()
  File "/opt/hostedtoolcache/Python/3.8.12/x64/lib/python3.8/http/client.py", line 316, in begin
    version, status, reason = self._read_status()
  File "/opt/hostedtoolcache/Python/3.8.12/x64/lib/python3.8/http/client.py", line 277, in _read_status
    line = str(self.fp.readline(_MAXLINE + 1), "iso-8859-1")
  File "/opt/hostedtoolcache/Python/3.8.12/x64/lib/python3.8/socket.py", line 669, in readinto
    return self._sock.recv_into(b)
  File "/opt/hostedtoolcache/Python/3.8.12/x64/lib/python3.8/ssl.py", line 1241, in recv_into
    return self.read(nbytes, buffer)
  File "/opt/hostedtoolcache/Python/3.8.12/x64/lib/python3.8/ssl.py", line 1099, in read
    return self._sslobj.read(len, buffer)
socket.timeout: The read operation timed out

During handling of the above exception, another exception occurred:

Traceback (most recent call last):
  File "/opt/hostedtoolcache/Python/3.8.12/x64/lib/python3.8/site-packages/requests/adapters.py", line 439, in send
    resp = conn.urlopen(
  File "/opt/hostedtoolcache/Python/3.8.12/x64/lib/python3.8/site-packages/urllib3/connectionpool.py", line 726, in urlopen
    retries = retries.increment(
  File "/opt/hostedtoolcache/Python/3.8.12/x64/lib/python3.8/site-packages/urllib3/util/retry.py", line 410, in increment
    raise six.reraise(type(error), error, _stacktrace)
  File "/opt/hostedtoolcache/Python/3.8.12/x64/lib/python3.8/site-packages/urllib3/packages/six.py", line 735, in reraise
    raise value
  File "/opt/hostedtoolcache/Python/3.8.12/x64/lib/python3.8/site-packages/urllib3/connectionpool.py", line 670, in urlopen
    httplib_response = self._make_request(
  File "/opt/hostedtoolcache/Python/3.8.12/x64/lib/python3.8/site-packages/urllib3/connectionpool.py", line 428, in _make_request
    self._raise_timeout(err=e, url=url, timeout_value=read_timeout)
  File "/opt/hostedtoolcache/Python/3.8.12/x64/lib/python3.8/site-packages/urllib3/connectionpool.py", line 335, in _raise_timeout
    raise ReadTimeoutError(
urllib3.exceptions.ReadTimeoutError: HTTPSConnectionPool(host='www.cnvd.org.cn', port=443): Read timed out. (read timeout=60)

During handling of the above exception, another exception occurred:

Traceback (most recent call last):
  File "/home/runner/work/threat-broadcast/threat-broadcast/src/crawler/_base_crawler.py", line 62, in cves
    new_cves = self.get_cves()
  File "/home/runner/work/threat-broadcast/threat-broadcast/src/crawler/cnvd.py", line 117, in get_cves
    response = self.session.get(
  File "/opt/hostedtoolcache/Python/3.8.12/x64/lib/python3.8/site-packages/requests/sessions.py", line 546, in get
    return self.request('GET', url, **kwargs)
  File "/opt/hostedtoolcache/Python/3.8.12/x64/lib/python3.8/site-packages/requests/sessions.py", line 533, in request
    resp = self.send(prep, **send_kwargs)
  File "/opt/hostedtoolcache/Python/3.8.12/x64/lib/python3.8/site-packages/requests/sessions.py", line 646, in send
    r = adapter.send(request, **kwargs)
  File "/opt/hostedtoolcache/Python/3.8.12/x64/lib/python3.8/site-packages/requests/adapters.py", line 529, in send
    raise ReadTimeout(e, request=request)
requests.exceptions.ReadTimeout: HTTPSConnectionPool(host='www.cnvd.org.cn', port=443): Read timed out. (read timeout=60)
2022-02-21 07:38:00 [ERROR] : Traceback (most recent call last):
  File "/opt/hostedtoolcache/Python/3.8.12/x64/lib/python3.8/site-packages/urllib3/connectionpool.py", line 426, in _make_request
    six.raise_from(e, None)
  File "<string>", line 3, in raise_from
  File "/opt/hostedtoolcache/Python/3.8.12/x64/lib/python3.8/site-packages/urllib3/connectionpool.py", line 421, in _make_request
    httplib_response = conn.getresponse()
  File "/opt/hostedtoolcache/Python/3.8.12/x64/lib/python3.8/http/client.py", line 1348, in getresponse
    response.begin()
  File "/opt/hostedtoolcache/Python/3.8.12/x64/lib/python3.8/http/client.py", line 316, in begin
    version, status, reason = self._read_status()
  File "/opt/hostedtoolcache/Python/3.8.12/x64/lib/python3.8/http/client.py", line 277, in _read_status
    line = str(self.fp.readline(_MAXLINE + 1), "iso-8859-1")
  File "/opt/hostedtoolcache/Python/3.8.12/x64/lib/python3.8/socket.py", line 669, in readinto
    return self._sock.recv_into(b)
  File "/opt/hostedtoolcache/Python/3.8.12/x64/lib/python3.8/ssl.py", line 1241, in recv_into
    return self.read(nbytes, buffer)
  File "/opt/hostedtoolcache/Python/3.8.12/x64/lib/python3.8/ssl.py", line 1099, in read
    return self._sslobj.read(len, buffer)
socket.timeout: The read operation timed out

During handling of the above exception, another exception occurred:

Traceback (most recent call last):
  File "/opt/hostedtoolcache/Python/3.8.12/x64/lib/python3.8/site-packages/requests/adapters.py", line 439, in send
    resp = conn.urlopen(
  File "/opt/hostedtoolcache/Python/3.8.12/x64/lib/python3.8/site-packages/urllib3/connectionpool.py", line 726, in urlopen
    retries = retries.increment(
  File "/opt/hostedtoolcache/Python/3.8.12/x64/lib/python3.8/site-packages/urllib3/util/retry.py", line 410, in increment
    raise six.reraise(type(error), error, _stacktrace)
  File "/opt/hostedtoolcache/Python/3.8.12/x64/lib/python3.8/site-packages/urllib3/packages/six.py", line 735, in reraise
    raise value
  File "/opt/hostedtoolcache/Python/3.8.12/x64/lib/python3.8/site-packages/urllib3/connectionpool.py", line 670, in urlopen
    httplib_response = self._make_request(
  File "/opt/hostedtoolcache/Python/3.8.12/x64/lib/python3.8/site-packages/urllib3/connectionpool.py", line 428, in _make_request
    self._raise_timeout(err=e, url=url, timeout_value=read_timeout)
  File "/opt/hostedtoolcache/Python/3.8.12/x64/lib/python3.8/site-packages/urllib3/connectionpool.py", line 335, in _raise_timeout
    raise ReadTimeoutError(
urllib3.exceptions.ReadTimeoutError: HTTPSConnectionPool(host='www.cnvd.org.cn', port=443): Read timed out. (read timeout=60)

During handling of the above exception, another exception occurred:

Traceback (most recent call last):
  File "/home/runner/work/threat-broadcast/threat-broadcast/src/crawler/_base_crawler.py", line 62, in cves
    new_cves = self.get_cves()
  File "/home/runner/work/threat-broadcast/threat-broadcast/src/crawler/cnvd.py", line 117, in get_cves
    response = self.session.get(
  File "/opt/hostedtoolcache/Python/3.8.12/x64/lib/python3.8/site-packages/requests/sessions.py", line 546, in get
    return self.request('GET', url, **kwargs)
  File "/opt/hostedtoolcache/Python/3.8.12/x64/lib/python3.8/site-packages/requests/sessions.py", line 533, in request
    resp = self.send(prep, **send_kwargs)
  File "/opt/hostedtoolcache/Python/3.8.12/x64/lib/python3.8/site-packages/requests/sessions.py", line 646, in send
    r = adapter.send(request, **kwargs)
  File "/opt/hostedtoolcache/Python/3.8.12/x64/lib/python3.8/site-packages/requests/adapters.py", line 529, in send
    raise ReadTimeout(e, request=request)
requests.exceptions.ReadTimeout: HTTPSConnectionPool(host='www.cnvd.org.cn', port=443): Read timed out. (read timeout=60)
Traceback (most recent call last):
  File "/opt/hostedtoolcache/Python/3.8.12/x64/lib/python3.8/site-packages/urllib3/connectionpool.py", line 426, in _make_request
    six.raise_from(e, None)
  File "<string>", line 3, in raise_from
  File "/opt/hostedtoolcache/Python/3.8.12/x64/lib/python3.8/site-packages/urllib3/connectionpool.py", line 421, in _make_request
    httplib_response = conn.getresponse()
  File "/opt/hostedtoolcache/Python/3.8.12/x64/lib/python3.8/http/client.py", line 1348, in getresponse
    response.begin()
  File "/opt/hostedtoolcache/Python/3.8.12/x64/lib/python3.8/http/client.py", line 316, in begin
    version, status, reason = self._read_status()
  File "/opt/hostedtoolcache/Python/3.8.12/x64/lib/python3.8/http/client.py", line 277, in _read_status
    line = str(self.fp.readline(_MAXLINE + 1), "iso-8859-1")
  File "/opt/hostedtoolcache/Python/3.8.12/x64/lib/python3.8/socket.py", line 669, in readinto
    return self._sock.recv_into(b)
  File "/opt/hostedtoolcache/Python/3.8.12/x64/lib/python3.8/ssl.py", line 1241, in recv_into
    return self.read(nbytes, buffer)
  File "/opt/hostedtoolcache/Python/3.8.12/x64/lib/python3.8/ssl.py", line 1099, in read
    return self._sslobj.read(len, buffer)
socket.timeout: The read operation timed out

During handling of the above exception, another exception occurred:

Traceback (most recent call last):
  File "/opt/hostedtoolcache/Python/3.8.12/x64/lib/python3.8/site-packages/requests/adapters.py", line 439, in send
    resp = conn.urlopen(
  File "/opt/hostedtoolcache/Python/3.8.12/x64/lib/python3.8/site-packages/urllib3/connectionpool.py", line 726, in urlopen
    retries = retries.increment(
  File "/opt/hostedtoolcache/Python/3.8.12/x64/lib/python3.8/site-packages/urllib3/util/retry.py", line 410, in increment
    raise six.reraise(type(error), error, _stacktrace)
  File "/opt/hostedtoolcache/Python/3.8.12/x64/lib/python3.8/site-packages/urllib3/packages/six.py", line 735, in reraise
    raise value
  File "/opt/hostedtoolcache/Python/3.8.12/x64/lib/python3.8/site-packages/urllib3/connectionpool.py", line 670, in urlopen
    httplib_response = self._make_request(
  File "/opt/hostedtoolcache/Python/3.8.12/x64/lib/python3.8/site-packages/urllib3/connectionpool.py", line 428, in _make_request
    self._raise_timeout(err=e, url=url, timeout_value=read_timeout)
  File "/opt/hostedtoolcache/Python/3.8.12/x64/lib/python3.8/site-packages/urllib3/connectionpool.py", line 335, in _raise_timeout
    raise ReadTimeoutError(
urllib3.exceptions.ReadTimeoutError: HTTPSConnectionPool(host='www.cnvd.org.cn', port=443): Read timed out. (read timeout=60)

During handling of the above exception, another exception occurred:

Traceback (most recent call last):
  File "/home/runner/work/threat-broadcast/threat-broadcast/src/crawler/_base_crawler.py", line 62, in cves
    new_cves = self.get_cves()
  File "/home/runner/work/threat-broadcast/threat-broadcast/src/crawler/cnvd.py", line 117, in get_cves
    response = self.session.get(
  File "/opt/hostedtoolcache/Python/3.8.12/x64/lib/python3.8/site-packages/requests/sessions.py", line 546, in get
    return self.request('GET', url, **kwargs)
  File "/opt/hostedtoolcache/Python/3.8.12/x64/lib/python3.8/site-packages/requests/sessions.py", line 533, in request
    resp = self.send(prep, **send_kwargs)
  File "/opt/hostedtoolcache/Python/3.8.12/x64/lib/python3.8/site-packages/requests/sessions.py", line 646, in send
    r = adapter.send(request, **kwargs)
  File "/opt/hostedtoolcache/Python/3.8.12/x64/lib/python3.8/site-packages/requests/adapters.py", line 529, in send
    raise ReadTimeout(e, request=request)
requests.exceptions.ReadTimeout: HTTPSConnectionPool(host='www.cnvd.org.cn', port=443): Read timed out. (read timeout=60)
2022-02-21 07:38:00 [INFO] : 得到 [国家信息安全漏洞共享平台（CNVD）] 最新威胁情报 [0] 条
2022-02-21 07:38:00 [INFO] : --------------------------------------------
2022-02-21 07:38:00 [INFO] : ++++++++++++++++++++++++++++++++++++++++++++
2022-02-21 07:38:00 [INFO] : 正在获取 [国家信息安全漏洞库（CNNVD）] 威胁情报...
2022-02-21 07:38:24 [INFO] : 得到 [国家信息安全漏洞库（CNNVD）] 最新威胁情报 [0] 条
2022-02-21 07:38:24 [INFO] : --------------------------------------------
2022-02-21 07:38:24 [INFO] : ++++++++++++++++++++++++++++++++++++++++++++
2022-02-21 07:38:24 [INFO] : 正在获取 [360 网络安全响应中心] 威胁情报...
2022-02-21 07:38:24 [INFO] : 得到 [360 网络安全响应中心] 最新威胁情报 [0] 条
2022-02-21 07:38:24 [INFO] : --------------------------------------------
2022-02-21 07:38:24 [INFO] : ++++++++++++++++++++++++++++++++++++++++++++
2022-02-21 07:38:24 [INFO] : 正在获取 [美国国家漏洞数据库（NVD）] 威胁情报...
2022-02-21 07:38:25 [INFO] : 得到 [美国国家漏洞数据库（NVD）] 最新威胁情报 [0] 条
2022-02-21 07:38:25 [INFO] : --------------------------------------------
2022-02-21 07:38:25 [INFO] : ++++++++++++++++++++++++++++++++++++++++++++
2022-02-21 07:38:25 [INFO] : 正在获取 [信息安全漏洞门户] 威胁情报...
2022-02-21 07:38:26 [INFO] : 得到 [信息安全漏洞门户] 最新威胁情报 [5] 条
2022-02-21 07:38:26 [INFO] : --------------------------------------------
2022-02-21 07:38:26 [INFO] : 
==============================================
[ TITLE ] Reolink RLC-410W操作系统命令注入漏洞
                    
[ TIME  ] 2022-02-21 07:38:26
[ CVE   ] CVE-2021-40407
[ SRC   ] 信息安全漏洞门户
[ URL   ] http://cve.scap.org.cn/vuln/VHN-401755
2022-02-21 07:38:26 [INFO] : 
==============================================
[ TITLE ] Reolink RLC-410W操作系统命令注入漏洞（CNVD-2022-12810）
                    
[ TIME  ] 2022-02-21 07:38:26
[ CVE   ] CVE-2021-40409
[ SRC   ] 信息安全漏洞门户
[ URL   ] http://cve.scap.org.cn/vuln/VHN-401757
2022-02-21 07:38:26 [INFO] : 
==============================================
[ TITLE ] Reolink RLC-410W操作系统命令注入漏洞（CNVD-2022-12809）
                    
[ TIME  ] 2022-02-21 07:38:26
[ CVE   ] CVE-2021-40411
[ SRC   ] 信息安全漏洞门户
[ URL   ] http://cve.scap.org.cn/vuln/VHN-401759
2022-02-21 07:38:26 [INFO] : 
==============================================
[ TITLE ] Reolink Rlc-410W拒绝服务漏洞（CNVD-2022-12812）
                    
[ TIME  ] 2022-02-21 07:38:26
[ CVE   ] CVE-2021-44358
[ SRC   ] 信息安全漏洞门户
[ URL   ] http://cve.scap.org.cn/vuln/VHN-407562
2022-02-21 07:38:26 [INFO] : 
==============================================
[ TITLE ] Reolink Rlc-410W拒绝服务漏洞
                    
[ TIME  ] 2022-02-21 07:38:26
[ CVE   ] CVE-2021-44359
[ SRC   ] 信息安全漏洞门户
[ URL   ] http://cve.scap.org.cn/vuln/VHN-407563
2022-02-21 07:38:26 [INFO] : ++++++++++++++++++++++++++++++++++++++++++++
2022-02-21 07:38:26 [INFO] : 正在获取 [绿盟] 威胁情报...
2022-02-21 07:38:27 [INFO] : 得到 [绿盟] 最新威胁情报 [0] 条
2022-02-21 07:38:27 [INFO] : --------------------------------------------
2022-02-21 07:38:27 [INFO] : ++++++++++++++++++++++++++++++++++++++++++++
2022-02-21 07:38:27 [INFO] : 正在获取 [奇安信] 威胁情报...
2022-02-21 07:38:33 [INFO] : 得到 [奇安信] 最新威胁情报 [0] 条
2022-02-21 07:38:33 [INFO] : --------------------------------------------
2022-02-21 07:38:33 [INFO] : ++++++++++++++++++++++++++++++++++++++++++++
2022-02-21 07:38:33 [INFO] : 正在获取 [红后] 威胁情报...
2022-02-21 07:38:34 [INFO] : 得到 [红后] 最新威胁情报 [0] 条
2022-02-21 07:38:34 [INFO] : --------------------------------------------
2022-02-21 07:38:34 [INFO] : ++++++++++++++++++++++++++++++++++++++++++++
2022-02-21 07:38:34 [INFO] : 正在获取 [斗象] 威胁情报...
2022-02-21 07:38:40 [INFO] : 得到 [斗象] 最新威胁情报 [0] 条
2022-02-21 07:38:40 [INFO] : --------------------------------------------
2022-02-21 07:38:40 [INFO] : ++++++++++++++++++++++++++++++++++++++++++++
2022-02-21 07:38:40 [INFO] : 正在获取 [Tenable (Nessus)] 威胁情报...
2022-02-21 07:38:41 [INFO] : 得到 [Tenable (Nessus)] 最新威胁情报 [0] 条
2022-02-21 07:38:41 [INFO] : --------------------------------------------
2022-02-21 07:38:41 [INFO] : [邮件] 正在通过 Github Actions 推送威胁情报...
2022-02-21 09:39:31 [INFO] : ++++++++++++++++++++++++++++++++++++++++++++
2022-02-21 09:39:31 [INFO] : 正在获取 [数字观星POC++] 威胁情报...
2022-02-21 09:39:32 [INFO] : 得到 [数字观星POC++] 最新威胁情报 [0] 条
2022-02-21 09:39:32 [INFO] : --------------------------------------------
2022-02-21 09:39:32 [INFO] : ++++++++++++++++++++++++++++++++++++++++++++
2022-02-21 09:39:32 [INFO] : 正在获取 [阿里云] 威胁情报...
2022-02-21 09:39:33 [INFO] : 得到 [阿里云] 最新威胁情报 [0] 条
2022-02-21 09:39:33 [INFO] : --------------------------------------------
2022-02-21 09:39:33 [INFO] : ++++++++++++++++++++++++++++++++++++++++++++
2022-02-21 09:39:33 [INFO] : 正在获取 [国家信息安全漏洞共享平台（CNVD）] 威胁情报...
2022-02-21 09:40:01 [INFO] : 得到 [国家信息安全漏洞共享平台（CNVD）] 最新威胁情报 [0] 条
2022-02-21 09:40:01 [INFO] : --------------------------------------------
2022-02-21 09:40:01 [INFO] : ++++++++++++++++++++++++++++++++++++++++++++
2022-02-21 09:40:01 [INFO] : 正在获取 [国家信息安全漏洞库（CNNVD）] 威胁情报...
2022-02-21 09:40:25 [INFO] : 得到 [国家信息安全漏洞库（CNNVD）] 最新威胁情报 [0] 条
2022-02-21 09:40:25 [INFO] : --------------------------------------------
2022-02-21 09:40:25 [INFO] : ++++++++++++++++++++++++++++++++++++++++++++
2022-02-21 09:40:25 [INFO] : 正在获取 [360 网络安全响应中心] 威胁情报...
2022-02-21 09:40:26 [INFO] : 得到 [360 网络安全响应中心] 最新威胁情报 [0] 条
2022-02-21 09:40:26 [INFO] : --------------------------------------------
2022-02-21 09:40:26 [INFO] : ++++++++++++++++++++++++++++++++++++++++++++
2022-02-21 09:40:26 [INFO] : 正在获取 [美国国家漏洞数据库（NVD）] 威胁情报...
2022-02-21 09:40:26 [INFO] : 得到 [美国国家漏洞数据库（NVD）] 最新威胁情报 [0] 条
2022-02-21 09:40:26 [INFO] : --------------------------------------------
2022-02-21 09:40:26 [INFO] : ++++++++++++++++++++++++++++++++++++++++++++
2022-02-21 09:40:26 [INFO] : 正在获取 [信息安全漏洞门户] 威胁情报...
2022-02-21 09:40:28 [INFO] : 得到 [信息安全漏洞门户] 最新威胁情报 [0] 条
2022-02-21 09:40:28 [INFO] : --------------------------------------------
2022-02-21 09:40:28 [INFO] : ++++++++++++++++++++++++++++++++++++++++++++
2022-02-21 09:40:28 [INFO] : 正在获取 [绿盟] 威胁情报...
2022-02-21 09:40:29 [INFO] : 得到 [绿盟] 最新威胁情报 [15] 条
2022-02-21 09:40:29 [INFO] : --------------------------------------------
2022-02-21 09:40:29 [INFO] : 
==============================================
[ TITLE ] Foxit PDF Reader内存错误引用漏洞
[ TIME  ] 2022-02-21 09:40:29
[ CVE   ] CVE-2022-24364
[ SRC   ] 绿盟
[ URL   ] http://www.nsfocus.net/vulndb/63234
2022-02-21 09:40:29 [INFO] : 
==============================================
[ TITLE ] Foxit PDF Reader内存错误引用漏洞
[ TIME  ] 2022-02-21 09:40:29
[ CVE   ] CVE-2022-24363
[ SRC   ] 绿盟
[ URL   ] http://www.nsfocus.net/vulndb/63233
2022-02-21 09:40:29 [INFO] : 
==============================================
[ TITLE ] Foxit PDF Reader内存错误引用漏洞
[ TIME  ] 2022-02-21 09:40:29
[ CVE   ] CVE-2022-24362
[ SRC   ] 绿盟
[ URL   ] http://www.nsfocus.net/vulndb/63232
2022-02-21 09:40:29 [INFO] : 
==============================================
[ TITLE ] Foxit PDF Reader越界写入漏洞
[ TIME  ] 2022-02-21 09:40:29
[ CVE   ] CVE-2022-24361
[ SRC   ] 绿盟
[ URL   ] http://www.nsfocus.net/vulndb/63231
2022-02-21 09:40:29 [INFO] : 
==============================================
[ TITLE ] Foxit PDF Reader内存错误引用漏洞
[ TIME  ] 2022-02-21 09:40:29
[ CVE   ] CVE-2022-24360
[ SRC   ] 绿盟
[ URL   ] http://www.nsfocus.net/vulndb/63230
2022-02-21 09:40:29 [INFO] : 
==============================================
[ TITLE ] Foxit PDF Reader内存错误引用漏洞
[ TIME  ] 2022-02-21 09:40:29
[ CVE   ] CVE-2022-24359
[ SRC   ] 绿盟
[ URL   ] http://www.nsfocus.net/vulndb/63229
2022-02-21 09:40:29 [INFO] : 
==============================================
[ TITLE ] Santesoft DICOM Viewer Pro越界写入漏洞
[ TIME  ] 2022-02-21 09:40:29
[ CVE   ] CVE-2022-24056
[ SRC   ] 绿盟
[ URL   ] http://www.nsfocus.net/vulndb/63228
2022-02-21 09:40:29 [INFO] : 
==============================================
[ TITLE ] Santesoft DICOM Viewer Pro越界写入漏洞
[ TIME  ] 2022-02-21 09:40:29
[ CVE   ] CVE-2022-24058
[ SRC   ] 绿盟
[ URL   ] http://www.nsfocus.net/vulndb/63227
2022-02-21 09:40:29 [INFO] : 
==============================================
[ TITLE ] Santesoft DICOM Viewer Pro内存错误引用漏洞
[ TIME  ] 2022-02-21 09:40:29
[ CVE   ] CVE-2022-24061
[ SRC   ] 绿盟
[ URL   ] http://www.nsfocus.net/vulndb/63226
2022-02-21 09:40:29 [INFO] : 
==============================================
[ TITLE ] Foxit PDF Reader内存错误引用漏洞
[ TIME  ] 2022-02-21 09:40:29
[ CVE   ] CVE-2022-24365
[ SRC   ] 绿盟
[ URL   ] http://www.nsfocus.net/vulndb/63225
2022-02-21 09:40:29 [INFO] : 
==============================================
[ TITLE ] Foxit PDF Reader内存错误引用漏洞
[ TIME  ] 2022-02-21 09:40:29
[ CVE   ] CVE-2022-24366
[ SRC   ] 绿盟
[ URL   ] http://www.nsfocus.net/vulndb/63224
2022-02-21 09:40:29 [INFO] : 
==============================================
[ TITLE ] Foxit PDF Reader内存错误引用漏洞
[ TIME  ] 2022-02-21 09:40:29
[ CVE   ] CVE-2022-24367
[ SRC   ] 绿盟
[ URL   ] http://www.nsfocus.net/vulndb/63223
2022-02-21 09:40:29 [INFO] : 
==============================================
[ TITLE ] Foxit PDF Reader内存错误引用漏洞
[ TIME  ] 2022-02-21 09:40:29
[ CVE   ] CVE-2022-24368
[ SRC   ] 绿盟
[ URL   ] http://www.nsfocus.net/vulndb/63222
2022-02-21 09:40:29 [INFO] : 
==============================================
[ TITLE ] Foxit PDF Reader越界读取漏洞
[ TIME  ] 2022-02-21 09:40:29
[ CVE   ] CVE-2022-24358
[ SRC   ] 绿盟
[ URL   ] http://www.nsfocus.net/vulndb/63221
2022-02-21 09:40:29 [INFO] : 
==============================================
[ TITLE ] Openmct跨站脚本漏洞
[ TIME  ] 2022-02-21 09:40:29
[ CVE   ] CVE-2022-23054
[ SRC   ] 绿盟
[ URL   ] http://www.nsfocus.net/vulndb/63220
2022-02-21 09:40:29 [INFO] : ++++++++++++++++++++++++++++++++++++++++++++
2022-02-21 09:40:29 [INFO] : 正在获取 [奇安信] 威胁情报...
2022-02-21 09:40:30 [INFO] : 得到 [奇安信] 最新威胁情报 [0] 条
2022-02-21 09:40:30 [INFO] : --------------------------------------------
2022-02-21 09:40:30 [INFO] : ++++++++++++++++++++++++++++++++++++++++++++
2022-02-21 09:40:30 [INFO] : 正在获取 [红后] 威胁情报...
2022-02-21 09:40:31 [INFO] : 得到 [红后] 最新威胁情报 [10] 条
2022-02-21 09:40:31 [INFO] : --------------------------------------------
2022-02-21 09:40:31 [INFO] : 
==============================================
[ TITLE ] Ethereum Go-ethereum 资源管理错误漏洞
[ TIME  ] 2022-02-21 13:47:16
[ CVE   ] CVE-2020-26264
[ SRC   ] 红后
[ URL   ] https://redqueen.tj-un.com/IntelDetails.html?id=6a69a2867da84a05bf5e717a787b7e8a
2022-02-21 09:40:31 [INFO] : 
==============================================
[ TITLE ] Aruba Networks ArubaOS 安全漏洞
[ TIME  ] 2022-02-21 13:47:13
[ CVE   ] CVE-2020-24634
[ SRC   ] 红后
[ URL   ] https://redqueen.tj-un.com/IntelDetails.html?id=a8cba6355cf546bbbef34d5387a842d5
2022-02-21 09:40:31 [INFO] : 
==============================================
[ TITLE ] idreamsoft iCMS 操作系统命令注入漏洞
[ TIME  ] 2022-02-21 13:47:09
[ CVE   ] CVE-2020-19527
[ SRC   ] 红后
[ URL   ] https://redqueen.tj-un.com/IntelDetails.html?id=aa4a62e8b5d9453e8e1ebfb8535e6fca
2022-02-21 09:40:31 [INFO] : 
==============================================
[ TITLE ] Micro Focus Filr product 信息泄露漏洞
[ TIME  ] 2022-02-21 13:47:05
[ CVE   ] CVE-2020-25838
[ SRC   ] 红后
[ URL   ] https://redqueen.tj-un.com/IntelDetails.html?id=3414fa04ec044a3c8505f7236a1d19da
2022-02-21 09:40:31 [INFO] : 
==============================================
[ TITLE ] ProcessMaker SQL注入漏洞
[ TIME  ] 2022-02-21 13:47:01
[ CVE   ] CVE-2020-13526
[ SRC   ] 红后
[ URL   ] https://redqueen.tj-un.com/IntelDetails.html?id=2bf28dea66304fc08b858a96707f1343
2022-02-21 09:40:31 [INFO] : 
==============================================
[ TITLE ] Aruba Networks ArubaOS 安全漏洞
[ TIME  ] 2022-02-21 13:46:58
[ CVE   ] CVE-2020-24633
[ SRC   ] 红后
[ URL   ] https://redqueen.tj-un.com/IntelDetails.html?id=e3007411a29c44e4bb844765335204cb
2022-02-21 09:40:31 [INFO] : 
==============================================
[ TITLE ] Silver Peak Unity ECOSTM 操作系统命令注入漏洞
[ TIME  ] 2022-02-21 13:46:54
[ CVE   ] CVE-2020-12149
[ SRC   ] 红后
[ URL   ] https://redqueen.tj-un.com/IntelDetails.html?id=b3c502da115d4347867e3b1121915e58
2022-02-21 09:40:31 [INFO] : 
==============================================
[ TITLE ] Adobe Prelude 代码问题漏洞
[ TIME  ] 2022-02-21 13:46:51
[ CVE   ] CVE-2020-24440
[ SRC   ] 红后
[ URL   ] https://redqueen.tj-un.com/IntelDetails.html?id=f84d0e725b7040dfb5aefea35da591b9
2022-02-21 09:40:31 [INFO] : 
==============================================
[ TITLE ] Gerrit 授权问题漏洞
[ TIME  ] 2022-02-21 13:46:47
[ CVE   ] CVE-2020-8919
[ SRC   ] 红后
[ URL   ] https://redqueen.tj-un.com/IntelDetails.html?id=902935663b9d47d88279ef2bc0705d25
2022-02-21 09:40:31 [INFO] : 
==============================================
[ TITLE ] Apache Struts 代码注入漏洞
[ TIME  ] 2022-02-21 13:46:43
[ CVE   ] CVE-2020-17530
[ SRC   ] 红后
[ URL   ] https://redqueen.tj-un.com/IntelDetails.html?id=d47e4c59e1a6470fbf1c1cf9e302dff2
2022-02-21 09:40:31 [INFO] : ++++++++++++++++++++++++++++++++++++++++++++
2022-02-21 09:40:31 [INFO] : 正在获取 [斗象] 威胁情报...
2022-02-21 09:40:38 [INFO] : 得到 [斗象] 最新威胁情报 [0] 条
2022-02-21 09:40:38 [INFO] : --------------------------------------------
2022-02-21 09:40:38 [INFO] : ++++++++++++++++++++++++++++++++++++++++++++
2022-02-21 09:40:38 [INFO] : 正在获取 [Tenable (Nessus)] 威胁情报...
2022-02-21 09:40:38 [INFO] : 得到 [Tenable (Nessus)] 最新威胁情报 [0] 条
2022-02-21 09:40:38 [INFO] : --------------------------------------------
2022-02-21 09:40:38 [INFO] : [邮件] 正在通过 Github Actions 推送威胁情报...
2022-02-21 10:40:57 [INFO] : ++++++++++++++++++++++++++++++++++++++++++++
2022-02-21 10:40:57 [INFO] : 正在获取 [数字观星POC++] 威胁情报...
2022-02-21 10:40:59 [INFO] : 得到 [数字观星POC++] 最新威胁情报 [0] 条
2022-02-21 10:40:59 [INFO] : --------------------------------------------
2022-02-21 10:40:59 [INFO] : ++++++++++++++++++++++++++++++++++++++++++++
2022-02-21 10:40:59 [INFO] : 正在获取 [阿里云] 威胁情报...
2022-02-21 10:41:00 [INFO] : 得到 [阿里云] 最新威胁情报 [0] 条
2022-02-21 10:41:00 [INFO] : --------------------------------------------
2022-02-21 10:41:00 [INFO] : ++++++++++++++++++++++++++++++++++++++++++++
2022-02-21 10:41:00 [INFO] : 正在获取 [国家信息安全漏洞共享平台（CNVD）] 威胁情报...
2022-02-21 10:41:30 [INFO] : 得到 [国家信息安全漏洞共享平台（CNVD）] 最新威胁情报 [0] 条
2022-02-21 10:41:30 [INFO] : --------------------------------------------
2022-02-21 10:41:30 [INFO] : ++++++++++++++++++++++++++++++++++++++++++++
2022-02-21 10:41:30 [INFO] : 正在获取 [国家信息安全漏洞库（CNNVD）] 威胁情报...
2022-02-21 10:41:53 [INFO] : 得到 [国家信息安全漏洞库（CNNVD）] 最新威胁情报 [0] 条
2022-02-21 10:41:53 [INFO] : --------------------------------------------
2022-02-21 10:41:53 [INFO] : ++++++++++++++++++++++++++++++++++++++++++++
2022-02-21 10:41:53 [INFO] : 正在获取 [360 网络安全响应中心] 威胁情报...
2022-02-21 10:41:55 [INFO] : 得到 [360 网络安全响应中心] 最新威胁情报 [0] 条
2022-02-21 10:41:55 [INFO] : --------------------------------------------
2022-02-21 10:41:55 [INFO] : ++++++++++++++++++++++++++++++++++++++++++++
2022-02-21 10:41:55 [INFO] : 正在获取 [美国国家漏洞数据库（NVD）] 威胁情报...
2022-02-21 10:41:55 [INFO] : 得到 [美国国家漏洞数据库（NVD）] 最新威胁情报 [0] 条
2022-02-21 10:41:55 [INFO] : --------------------------------------------
2022-02-21 10:41:55 [INFO] : ++++++++++++++++++++++++++++++++++++++++++++
2022-02-21 10:41:55 [INFO] : 正在获取 [信息安全漏洞门户] 威胁情报...
2022-02-21 10:41:57 [INFO] : 得到 [信息安全漏洞门户] 最新威胁情报 [0] 条
2022-02-21 10:41:57 [INFO] : --------------------------------------------
2022-02-21 10:41:57 [INFO] : ++++++++++++++++++++++++++++++++++++++++++++
2022-02-21 10:41:57 [INFO] : 正在获取 [绿盟] 威胁情报...
2022-02-21 10:41:58 [INFO] : 得到 [绿盟] 最新威胁情报 [0] 条
2022-02-21 10:41:58 [INFO] : --------------------------------------------
2022-02-21 10:41:58 [INFO] : ++++++++++++++++++++++++++++++++++++++++++++
2022-02-21 10:41:58 [INFO] : 正在获取 [奇安信] 威胁情报...
2022-02-21 10:42:04 [INFO] : 得到 [奇安信] 最新威胁情报 [0] 条
2022-02-21 10:42:04 [INFO] : --------------------------------------------
2022-02-21 10:42:04 [INFO] : ++++++++++++++++++++++++++++++++++++++++++++
2022-02-21 10:42:04 [INFO] : 正在获取 [红后] 威胁情报...
2022-02-21 10:42:05 [INFO] : 得到 [红后] 最新威胁情报 [0] 条
2022-02-21 10:42:05 [INFO] : --------------------------------------------
2022-02-21 10:42:05 [INFO] : ++++++++++++++++++++++++++++++++++++++++++++
2022-02-21 10:42:05 [INFO] : 正在获取 [斗象] 威胁情报...
2022-02-21 10:42:11 [INFO] : 得到 [斗象] 最新威胁情报 [0] 条
2022-02-21 10:42:11 [INFO] : --------------------------------------------
2022-02-21 10:42:11 [INFO] : ++++++++++++++++++++++++++++++++++++++++++++
2022-02-21 10:42:11 [INFO] : 正在获取 [Tenable (Nessus)] 威胁情报...
2022-02-21 10:42:11 [INFO] : 得到 [Tenable (Nessus)] 最新威胁情报 [0] 条
2022-02-21 10:42:11 [INFO] : --------------------------------------------
2022-02-21 11:37:20 [INFO] : ++++++++++++++++++++++++++++++++++++++++++++
2022-02-21 11:37:20 [INFO] : 正在获取 [数字观星POC++] 威胁情报...
2022-02-21 11:37:21 [INFO] : 得到 [数字观星POC++] 最新威胁情报 [0] 条
2022-02-21 11:37:21 [INFO] : --------------------------------------------
2022-02-21 11:37:21 [INFO] : ++++++++++++++++++++++++++++++++++++++++++++
2022-02-21 11:37:21 [INFO] : 正在获取 [阿里云] 威胁情报...
2022-02-21 11:37:22 [INFO] : 得到 [阿里云] 最新威胁情报 [0] 条
2022-02-21 11:37:22 [INFO] : --------------------------------------------
2022-02-21 11:37:22 [INFO] : ++++++++++++++++++++++++++++++++++++++++++++
2022-02-21 11:37:22 [INFO] : 正在获取 [国家信息安全漏洞共享平台（CNVD）] 威胁情报...
2022-02-21 11:37:50 [INFO] : 得到 [国家信息安全漏洞共享平台（CNVD）] 最新威胁情报 [0] 条
2022-02-21 11:37:50 [INFO] : --------------------------------------------
2022-02-21 11:37:50 [INFO] : ++++++++++++++++++++++++++++++++++++++++++++
2022-02-21 11:37:50 [INFO] : 正在获取 [国家信息安全漏洞库（CNNVD）] 威胁情报...
2022-02-21 11:38:13 [INFO] : 得到 [国家信息安全漏洞库（CNNVD）] 最新威胁情报 [0] 条
2022-02-21 11:38:13 [INFO] : --------------------------------------------
2022-02-21 11:38:13 [INFO] : ++++++++++++++++++++++++++++++++++++++++++++
2022-02-21 11:38:13 [INFO] : 正在获取 [360 网络安全响应中心] 威胁情报...
2022-02-21 11:38:14 [INFO] : 得到 [360 网络安全响应中心] 最新威胁情报 [0] 条
2022-02-21 11:38:14 [INFO] : --------------------------------------------
2022-02-21 11:38:14 [INFO] : ++++++++++++++++++++++++++++++++++++++++++++
2022-02-21 11:38:14 [INFO] : 正在获取 [美国国家漏洞数据库（NVD）] 威胁情报...
2022-02-21 11:38:14 [INFO] : 得到 [美国国家漏洞数据库（NVD）] 最新威胁情报 [0] 条
2022-02-21 11:38:14 [INFO] : --------------------------------------------
2022-02-21 11:38:14 [INFO] : ++++++++++++++++++++++++++++++++++++++++++++
2022-02-21 11:38:14 [INFO] : 正在获取 [信息安全漏洞门户] 威胁情报...
2022-02-21 11:38:16 [INFO] : 得到 [信息安全漏洞门户] 最新威胁情报 [0] 条
2022-02-21 11:38:16 [INFO] : --------------------------------------------
2022-02-21 11:38:16 [INFO] : ++++++++++++++++++++++++++++++++++++++++++++
2022-02-21 11:38:16 [INFO] : 正在获取 [绿盟] 威胁情报...
2022-02-21 11:38:17 [INFO] : 得到 [绿盟] 最新威胁情报 [0] 条
2022-02-21 11:38:17 [INFO] : --------------------------------------------
2022-02-21 11:38:17 [INFO] : ++++++++++++++++++++++++++++++++++++++++++++
2022-02-21 11:38:17 [INFO] : 正在获取 [奇安信] 威胁情报...
2022-02-21 11:38:22 [INFO] : 得到 [奇安信] 最新威胁情报 [0] 条
2022-02-21 11:38:22 [INFO] : --------------------------------------------
2022-02-21 11:38:22 [INFO] : ++++++++++++++++++++++++++++++++++++++++++++
2022-02-21 11:38:22 [INFO] : 正在获取 [红后] 威胁情报...
2022-02-21 11:38:23 [INFO] : 得到 [红后] 最新威胁情报 [0] 条
2022-02-21 11:38:23 [INFO] : --------------------------------------------
2022-02-21 11:38:23 [INFO] : ++++++++++++++++++++++++++++++++++++++++++++
2022-02-21 11:38:23 [INFO] : 正在获取 [斗象] 威胁情报...
2022-02-21 11:38:30 [INFO] : 得到 [斗象] 最新威胁情报 [0] 条
2022-02-21 11:38:30 [INFO] : --------------------------------------------
2022-02-21 11:38:30 [INFO] : ++++++++++++++++++++++++++++++++++++++++++++
2022-02-21 11:38:30 [INFO] : 正在获取 [Tenable (Nessus)] 威胁情报...
2022-02-21 11:38:30 [INFO] : 得到 [Tenable (Nessus)] 最新威胁情报 [0] 条
2022-02-21 11:38:30 [INFO] : --------------------------------------------
